#
# A fatal error has been detected by the Java Runtime Environment:
#
#  EXCEPTION_ACCESS_VIOLATION (0xc0000005) at pc=0x00007ffc0f1cd266, pid=12144, tid=6028
#
# JRE version: OpenJDK Runtime Environment (11.0.11+9) (build 11.0.11+9-b60-7590822)
# Java VM: OpenJDK 64-Bit Server VM (11.0.11+9-b60-7590822, mixed mode, tiered, compressed oops, g1 gc, windows-amd64)
# Problematic frame:
# V  [jvm.dll+0x18d266]
#
# No core dump will be written. Minidumps are not enabled by default on client versions of Windows
#
# If you would like to submit a bug report, please visit:
#   https://bugreport.java.com/bugreport/crash.jsp
#

---------------  S U M M A R Y ------------

Command Line: --add-opens=java.base/java.util=ALL-UNNAMED --add-opens=java.base/java.lang=ALL-UNNAMED --add-opens=java.base/java.lang.invoke=ALL-UNNAMED --add-opens=java.base/java.util=ALL-UNNAMED --add-opens=java.prefs/java.util.prefs=ALL-UNNAMED --add-opens=java.prefs/java.util.prefs=ALL-UNNAMED --add-opens=java.base/java.nio.charset=ALL-UNNAMED --add-opens=java.base/java.net=ALL-UNNAMED --add-opens=java.base/java.util.concurrent.atomic=ALL-UNNAMED -Xmx2048m -Dfile.encoding=UTF-8 -Duser.country=BR -Duser.language=pt -Duser.variant org.gradle.launcher.daemon.bootstrap.GradleDaemon 7.2

Host: Intel(R) Core(TM) i5-4440 CPU @ 3.10GHz, 4 cores, 7G,  Windows 10 , 64 bit Build 19041 (10.0.19041.1466)
Time: Sun Apr 10 23:25:34 2022 Hora oficial do Brasil elapsed time: 758.210092 seconds (0d 0h 12m 38s)

---------------  T H R E A D  ---------------

Current thread (0x0000023f0e528800):  ConcurrentGCThread "G1 Conc#0" [stack: 0x000000bc59600000,0x000000bc59700000] [id=6028]

Stack: [0x000000bc59600000,0x000000bc59700000],  sp=0x000000bc596ff288,  free space=1020k
Native frames: (J=compiled Java code, j=interpreted, Vv=VM code, C=native code)
V  [jvm.dll+0x18d266]


siginfo: EXCEPTION_ACCESS_VIOLATION (0xc0000005), reading address 0x00000003ab9312e8


Register to memory mapping:

RIP=0x00007ffc0f1cd266 jvm.dll
RAX=0x0000000000000001 is an unknown value
RBX=0x00000000839fcb30 is pointing into object: [B 
{0x00000000839fcb20} - klass: {type array byte}
 - length: 87
RCX=0x00000000839fcb30 is pointing into object: [B 
{0x00000000839fcb20} - klass: {type array byte}
 - length: 87
RDX=0x00000000839fcb30 is pointing into object: [B 
{0x00000000839fcb20} - klass: {type array byte}
 - length: 87
RSP=0x000000bc596ff288 points into unknown readable memory: 0x00007ffc0f31b2fa | fa b2 31 0f fc 7f 00 00
RBP=0x0000023f0e51d000 points into unknown readable memory: 0x0000023f0e526800 | 00 68 52 0e 3f 02 00 00
RSI=0x0000000000000001 is an unknown value
RDI=0x0 is NULL
R8 =0x0 is NULL
R9 =0x00000003ab9312e0 is an unknown value
R10=0x0000023f0e51d000 points into unknown readable memory: 0x0000023f0e526800 | 00 68 52 0e 3f 02 00 00
R11=0x000000000000000c is an unknown value
R12=0x000000000000000c is an unknown value
R13=0xaaaaaaaaaaaaaaab is an unknown value
R14=0x0 is NULL
R15=0x000000bc596ff500 points into unknown readable memory: 0x0000023f0e51d000 | 00 d0 51 0e 3f 02 00 00


Registers:
RAX=0x0000000000000001, RBX=0x00000000839fcb30, RCX=0x00000000839fcb30, RDX=0x00000000839fcb30
RSP=0x000000bc596ff288, RBP=0x0000023f0e51d000, RSI=0x0000000000000001, RDI=0x0000000000000000
R8 =0x0000000000000000, R9 =0x00000003ab9312e0, R10=0x0000023f0e51d000, R11=0x000000000000000c
R12=0x000000000000000c, R13=0xaaaaaaaaaaaaaaab, R14=0x0000000000000000, R15=0x000000bc596ff500
RIP=0x00007ffc0f1cd266, EFLAGS=0x0000000000010202

Top of Stack: (sp=0x000000bc596ff288)
0x000000bc596ff288:   00007ffc0f31b2fa 00000000839fcb30
0x000000bc596ff298:   000000bc596ff528 0000023f0e529920
0x000000bc596ff2a8:   00007ffc0f67bff8 0000023f0e528c01
0x000000bc596ff2b8:   00007ffc0f31b1a6 000000bc596ff528
0x000000bc596ff2c8:   00000000839fcb30 0000023f0e5299c0
0x000000bc596ff2d8:   00000000004c0000 0000000000000000
0x000000bc596ff2e8:   00007ffc0f31b327 000000008255d88c
0x000000bc596ff2f8:   00007ffc0f3145ed 0000000081210818
0x000000bc596ff308:   000000008255f3d0 0000000100001a70
0x000000bc596ff318:   00007ffc0f31b1a6 000000bc596ff528
0x000000bc596ff328:   00007ffc0f313e99 000000008254f3d0
0x000000bc596ff338:   000000010001ba50 000000008254f3d0
0x000000bc596ff348:   000000008254f3d0 000000008255f3d0
0x000000bc596ff358:   00007ffc0f31303d 000000008255b3d0
0x000000bc596ff368:   0000000000000800 0000000000000800
0x000000bc596ff378:   00007ffc0f3280a6 000000008254f3d0 

Instructions: (pc=0x00007ffc0f1cd266)
0x00007ffc0f1cd166:   82 00 48 d3 e0 48 03 05 1e 6b 82 00 eb 04 48 8b
0x00007ffc0f1cd176:   43 08 81 78 08 00 00 00 c0 73 7d 48 8b 4f 38 48
0x00007ffc0f1cd186:   8b d3 48 8b 01 ff 50 20 84 c0 75 6c 38 05 e0 f6
0x00007ffc0f1cd196:   86 00 74 15 8b 53 08 8b 0d f5 6a 82 00 48 d3 e2
0x00007ffc0f1cd1a6:   48 03 15 e3 6a 82 00 eb 04 48 8b 53 08 48 8b cb
0x00007ffc0f1cd1b6:   48 89 5c 24 20 e8 a0 00 00 00 80 7f 30 00 48 63
0x00007ffc0f1cd1c6:   c8 48 89 4c 24 28 0f 28 44 24 20 74 17 0f 11 86
0x00007ffc0f1cd1d6:   98 03 00 00 48 8b 5c 24 40 48 8b 74 24 48 48 83
0x00007ffc0f1cd1e6:   c4 30 5f c3 48 8b 07 48 8d 54 24 20 48 8b cf 66
0x00007ffc0f1cd1f6:   0f 7f 44 24 20 ff 50 38 48 8b 5c 24 40 48 8b 74
0x00007ffc0f1cd206:   24 48 48 83 c4 30 5f c3 cc cc 48 8b 49 38 48 8b
0x00007ffc0f1cd216:   01 48 ff 60 28 cc cc cc cc cc 80 3d 51 f6 86 00
0x00007ffc0f1cd226:   00 48 8b c1 74 1b 8b 51 08 8b 0d 63 6a 82 00 48
0x00007ffc0f1cd236:   d3 e2 48 8b c8 48 03 15 4e 6a 82 00 e9 19 00 00
0x00007ffc0f1cd246:   00 48 8b 51 08 48 8b c8 e9 0d 00 00 00 cc cc cc
0x00007ffc0f1cd256:   cc cc cc cc cc cc cc cc cc cc 4c 8b ca 48 8b d1
0x00007ffc0f1cd266:   45 8b 41 08 45 85 c0 7e 0e 41 f6 c0 01 75 59 41
0x00007ffc0f1cd276:   c1 f8 03 41 8b c0 c3 79 4f 80 3d f2 f5 86 00 00
0x00007ffc0f1cd286:   b8 0c 00 00 00 b9 10 00 00 00 0f 45 c8 8b 05 2b
0x00007ffc0f1cd296:   b4 80 00 ff c8 4c 63 c8 48 63 c1 41 8b c8 83 e1
0x00007ffc0f1cd2a6:   3f 48 63 14 10 41 8b c0 48 c1 f8 10 0f b6 c0 48
0x00007ffc0f1cd2b6:   d3 e2 49 8d 0c 11 49 f7 d1 48 03 c1 49 c1 e9 03
0x00007ffc0f1cd2c6:   48 c1 e8 03 41 23 c1 c3 49 8b 01 49 8b c9 48 ff
0x00007ffc0f1cd2d6:   a0 10 01 00 00 cc cc cc cc cc 48 83 ec 38 0f 10
0x00007ffc0f1cd2e6:   02 48 8b 49 38 48 8d 54 24 20 0f 29 44 24 20 e8
0x00007ffc0f1cd2f6:   66 f0 ff ff 48 83 c4 38 c3 cc 48 89 5c 24 08 55
0x00007ffc0f1cd306:   56 57 41 54 41 55 41 56 41 57 48 8d 6c 24 e0 48
0x00007ffc0f1cd316:   81 ec 20 01 00 00 48 8b 05 1d ef 83 00 48 33 c4
0x00007ffc0f1cd326:   48 89 45 10 48 8b 05 5f 60 86 00 45 33 ed 4c 8b
0x00007ffc0f1cd336:   b5 80 00 00 00 4c 8b fa 48 8b bd 88 00 00 00 4d
0x00007ffc0f1cd346:   8b c6 49 8b d6 49 8b f1 48 8b 48 38 48 8b 59 48
0x00007ffc0f1cd356:   49 8b cf c7 45 c0 ff ff ff ff 44 89 6d d4 4c 89 


Stack slot to memory mapping:
stack at sp + 0 slots: 0x00007ffc0f31b2fa jvm.dll
stack at sp + 1 slots: 0x00000000839fcb30 is pointing into object: [B 
{0x00000000839fcb20} - klass: {type array byte}
 - length: 87
stack at sp + 2 slots: 0x000000bc596ff528 points into unknown readable memory: 0x00007ffc0f862fd0 | d0 2f 86 0f fc 7f 00 00
stack at sp + 3 slots: 0x0000023f0e529920 points into unknown readable memory: 0x0000023f00000249 | 49 02 00 00 3f 02 00 00
stack at sp + 4 slots: 0x00007ffc0f67bff8 jvm.dll
stack at sp + 5 slots: 0x0000023f0e528c01 points into unknown readable memory: 00 00 00 00 00 00 00
stack at sp + 6 slots: 0x00007ffc0f31b1a6 jvm.dll
stack at sp + 7 slots: 0x000000bc596ff528 points into unknown readable memory: 0x00007ffc0f862fd0 | d0 2f 86 0f fc 7f 00 00


---------------  P R O C E S S  ---------------

Threads class SMR info:
_java_thread_list=0x0000023f3348ff50, length=87, elements={
0x0000023f0e4da800, 0x0000023f2884d800, 0x0000023f28853000, 0x0000023f291f2800,
0x0000023f28869000, 0x0000023f2886c800, 0x0000023f2886d800, 0x0000023f28874800,
0x0000023f2887a800, 0x0000023f2932c800, 0x0000023f2a7dd800, 0x0000023f2b984800,
0x0000023f2bbd3800, 0x0000023f2b6ce000, 0x0000023f2b6d0000, 0x0000023f2b6d4800,
0x0000023f2b6d2000, 0x0000023f2b6d2800, 0x0000023f29d34800, 0x0000023f29d31000,
0x0000023f29d32000, 0x0000023f29d35800, 0x0000023f29d2f800, 0x0000023f2c6c7800,
0x0000023f2c6ca000, 0x0000023f2c6c9000, 0x0000023f32e17800, 0x0000023f29ce7800,
0x0000023f29d3c800, 0x0000023f2c6cc800, 0x0000023f2c6d3000, 0x0000023f2b6d3800,
0x0000023f2b6d1000, 0x0000023f2b6ce800, 0x0000023f29cea000, 0x0000023f29ce6800,
0x0000023f29ceb000, 0x0000023f29cee000, 0x0000023f29ceb800, 0x0000023f29cec800,
0x0000023f29ced000, 0x0000023f29ce8800, 0x0000023f29cef000, 0x0000023f29ce9000,
0x0000023f29cf4800, 0x0000023f29cf3800, 0x0000023f29cf2000, 0x0000023f29cf5800,
0x0000023f29cef800, 0x0000023f29cf0800, 0x0000023f29cf1800, 0x0000023f29cf3000,
0x0000023f32e18800, 0x0000023f32e13800, 0x0000023f32e12800, 0x0000023f32e14800,
0x0000023f32e16000, 0x0000023f32e1a000, 0x0000023f32e19800, 0x0000023f32e1b000,
0x0000023f32e15000, 0x0000023f32e1c800, 0x0000023f32e17000, 0x0000023f32e1e000,
0x0000023f32e20000, 0x0000023f32e21800, 0x0000023f32e1b800, 0x0000023f32e1d800,
0x0000023f32e1f000, 0x0000023f32e20800, 0x0000023f2c6c6800, 0x0000023f2c6c8000,
0x0000023f2c6c5000, 0x0000023f2c6ca800, 0x0000023f2c6cb800, 0x0000023f2c6c5800,
0x0000023f2c6d0800, 0x0000023f2c6cf800, 0x0000023f2c6d1000, 0x0000023f2c6d2000,
0x0000023f2c6cd000, 0x0000023f2c6ce000, 0x0000023f2c6ce800, 0x0000023f29d36000,
0x0000023f29d33800, 0x0000023f29d30800, 0x0000023f29d39800
}

Java Threads: ( => current thread )
  0x0000023f0e4da800 JavaThread "main" [_thread_blocked, id=5728, stack(0x000000bc59300000,0x000000bc59400000)]
  0x0000023f2884d800 JavaThread "Reference Handler" daemon [_thread_blocked, id=7112, stack(0x000000bc59a00000,0x000000bc59b00000)]
  0x0000023f28853000 JavaThread "Finalizer" daemon [_thread_blocked, id=6976, stack(0x000000bc59b00000,0x000000bc59c00000)]
  0x0000023f291f2800 JavaThread "Signal Dispatcher" daemon [_thread_blocked, id=8292, stack(0x000000bc59c00000,0x000000bc59d00000)]
  0x0000023f28869000 JavaThread "Attach Listener" daemon [_thread_blocked, id=11172, stack(0x000000bc59d00000,0x000000bc59e00000)]
  0x0000023f2886c800 JavaThread "Service Thread" daemon [_thread_blocked, id=1608, stack(0x000000bc59e00000,0x000000bc59f00000)]
  0x0000023f2886d800 JavaThread "C2 CompilerThread0" daemon [_thread_in_native, id=5824, stack(0x000000bc59f00000,0x000000bc5a000000)]
  0x0000023f28874800 JavaThread "C1 CompilerThread0" daemon [_thread_blocked, id=1768, stack(0x000000bc5a000000,0x000000bc5a100000)]
  0x0000023f2887a800 JavaThread "Sweeper thread" daemon [_thread_blocked, id=9448, stack(0x000000bc5a100000,0x000000bc5a200000)]
  0x0000023f2932c800 JavaThread "Common-Cleaner" daemon [_thread_blocked, id=9304, stack(0x000000bc5a200000,0x000000bc5a300000)]
  0x0000023f2a7dd800 JavaThread "Daemon health stats" [_thread_blocked, id=10692, stack(0x000000bc5a700000,0x000000bc5a800000)]
  0x0000023f2b984800 JavaThread "Incoming local TCP Connector on port 57504" [_thread_in_native, id=11592, stack(0x000000bc5a400000,0x000000bc5a500000)]
  0x0000023f2bbd3800 JavaThread "Daemon periodic checks" [_thread_blocked, id=7148, stack(0x000000bc5a800000,0x000000bc5a900000)]
  0x0000023f2b6ce000 JavaThread "Cache worker for journal cache (C:\Users\bruno\.gradle\caches\journal-1)" [_thread_blocked, id=8576, stack(0x000000bc5b100000,0x000000bc5b200000)]
  0x0000023f2b6d0000 JavaThread "File lock request listener" [_thread_in_native, id=3672, stack(0x000000bc5b200000,0x000000bc5b300000)]
  0x0000023f2b6d4800 JavaThread "Cache worker for file hash cache (C:\Users\bruno\.gradle\caches\7.2\fileHashes)" [_thread_blocked, id=11236, stack(0x000000bc5b300000,0x000000bc5b400000)]
  0x0000023f2b6d2000 JavaThread "File watcher server" daemon [_thread_in_native, id=3632, stack(0x000000bc5b600000,0x000000bc5b700000)]
  0x0000023f2b6d2800 JavaThread "File watcher consumer" daemon [_thread_blocked, id=6272, stack(0x000000bc5b700000,0x000000bc5b800000)]
  0x0000023f29d34800 JavaThread "Cache worker for execution history cache (C:\Users\bruno\.gradle\caches\7.2\executionHistory)" [_thread_blocked, id=5540, stack(0x000000bc5ba00000,0x000000bc5bb00000)]
  0x0000023f29d31000 JavaThread "jar transforms" [_thread_blocked, id=11356, stack(0x000000bc5bb00000,0x000000bc5bc00000)]
  0x0000023f29d32000 JavaThread "Cache worker for file content cache (C:\Users\bruno\.gradle\caches\7.2\fileContent)" [_thread_blocked, id=10048, stack(0x000000bc5bd00000,0x000000bc5be00000)]
  0x0000023f29d35800 JavaThread "jar transforms Thread 2" [_thread_blocked, id=9200, stack(0x000000bc5be00000,0x000000bc5bf00000)]
  0x0000023f29d2f800 JavaThread "jar transforms Thread 3" [_thread_blocked, id=10772, stack(0x000000bc5c000000,0x000000bc5c100000)]
  0x0000023f2c6c7800 JavaThread "jar transforms Thread 4" [_thread_blocked, id=5312, stack(0x000000bc5ea00000,0x000000bc5eb00000)]
  0x0000023f2c6ca000 JavaThread "Memory manager" [_thread_blocked, id=8320, stack(0x000000bc5eb00000,0x000000bc5ec00000)]
  0x0000023f2c6c9000 JavaThread "pool-3-thread-1" [_thread_blocked, id=2452, stack(0x000000bc5ec00000,0x000000bc5ed00000)]
  0x0000023f32e17800 JavaThread "ForkJoinPool.commonPool-worker-7" daemon [_thread_blocked, id=5764, stack(0x000000bc5fa00000,0x000000bc5fb00000)]
  0x0000023f29ce7800 JavaThread "pool-8-thread-1" [_thread_blocked, id=11828, stack(0x000000bc5e800000,0x000000bc5e900000)]
  0x0000023f29d3c800 JavaThread "pool-13-thread-1" [_thread_blocked, id=9668, stack(0x000000bc5ed00000,0x000000bc5ee00000)]
  0x0000023f2c6cc800 JavaThread "pool-16-thread-1" [_thread_blocked, id=10480, stack(0x000000bc5e700000,0x000000bc5e800000)]
  0x0000023f2c6d3000 JavaThread "RMI Scheduler(0)" daemon [_thread_blocked, id=4656, stack(0x000000bc5f200000,0x000000bc5f300000)]
  0x0000023f2b6d3800 JavaThread "RMI GC Daemon" daemon [_thread_blocked, id=6864, stack(0x000000bc5f400000,0x000000bc5f500000)]
  0x0000023f2b6d1000 JavaThread "RMI TCP Accept-0" daemon [_thread_in_native, id=616, stack(0x000000bc5f500000,0x000000bc5f600000)]
  0x0000023f2b6ce800 JavaThread "RMI Reaper" [_thread_blocked, id=7312, stack(0x000000bc5f600000,0x000000bc5f700000)]
  0x0000023f29cea000 JavaThread "Daemon Thread 4" [_thread_blocked, id=10620, stack(0x000000bc59000000,0x000000bc59100000)]
  0x0000023f29ce6800 JavaThread "Handler for socket connection from /127.0.0.1:57504 to /127.0.0.1:53570" [_thread_in_native, id=6816, stack(0x000000bc59100000,0x000000bc59200000)]
  0x0000023f29ceb000 JavaThread "Cancel handler" [_thread_blocked, id=1908, stack(0x000000bc59200000,0x000000bc59300000)]
  0x0000023f29cee000 JavaThread "Daemon worker Thread 4" [_thread_in_native, id=1344, stack(0x000000bc5a900000,0x000000bc5aa00000)]
  0x0000023f29ceb800 JavaThread "Asynchronous log dispatcher for DefaultDaemonConnection: socket connection from /127.0.0.1:57504 to /127.0.0.1:53570" [_thread_blocked, id=3456, stack(0x000000bc5aa00000,0x000000bc5ab00000)]
  0x0000023f29cec800 JavaThread "Stdin handler" [_thread_blocked, id=196, stack(0x000000bc5ab00000,0x000000bc5ac00000)]
  0x0000023f29ced000 JavaThread "Daemon client event forwarder" [_thread_blocked, id=4160, stack(0x000000bc5ac00000,0x000000bc5ad00000)]
  0x0000023f29ce8800 JavaThread "Cache worker for file hash cache (C:\Users\bruno\AndroidStudioProjects\PokedexEgysysTeste\.gradle\7.2\fileHashes)" [_thread_blocked, id=12088, stack(0x000000bc5ad00000,0x000000bc5ae00000)]
  0x0000023f29cef000 JavaThread "Cache worker for checksums cache (C:\Users\bruno\AndroidStudioProjects\PokedexEgysysTeste\.gradle\checksums)" [_thread_blocked, id=6936, stack(0x000000bc5ae00000,0x000000bc5af00000)]
  0x0000023f29ce9000 JavaThread "Cache worker for cache directory md-supplier (C:\Users\bruno\.gradle\caches\7.2\md-supplier)" [_thread_blocked, id=5172, stack(0x000000bc5af00000,0x000000bc5b000000)]
  0x0000023f29cf4800 JavaThread "Cache worker for cache directory md-rule (C:\Users\bruno\.gradle\caches\7.2\md-rule)" [_thread_blocked, id=10864, stack(0x000000bc5b400000,0x000000bc5b500000)]
  0x0000023f29cf3800 JavaThread "Cache worker for dependencies-accessors (C:\Users\bruno\AndroidStudioProjects\PokedexEgysysTeste\.gradle\7.2\dependencies-accessors)" [_thread_blocked, id=8172, stack(0x000000bc5b500000,0x000000bc5b600000)]
  0x0000023f29cf2000 JavaThread "Cache worker for Build Output Cleanup Cache (C:\Users\bruno\AndroidStudioProjects\PokedexEgysysTeste\.gradle\buildOutputCleanup)" [_thread_blocked, id=6748, stack(0x000000bc5b800000,0x000000bc5b900000)]
  0x0000023f29cf5800 JavaThread "Unconstrained build operations" [_thread_blocked, id=7732, stack(0x000000bc5b900000,0x000000bc5ba00000)]
  0x0000023f29cef800 JavaThread "Unconstrained build operations Thread 2" [_thread_blocked, id=448, stack(0x000000bc5bc00000,0x000000bc5bd00000)]
  0x0000023f29cf0800 JavaThread "Unconstrained build operations Thread 3" [_thread_blocked, id=10988, stack(0x000000bc5bf00000,0x000000bc5c000000)]
  0x0000023f29cf1800 JavaThread "Unconstrained build operations Thread 4" [_thread_blocked, id=11664, stack(0x000000bc5c100000,0x000000bc5c200000)]
  0x0000023f29cf3000 JavaThread "Unconstrained build operations Thread 5" [_thread_blocked, id=9540, stack(0x000000bc5c200000,0x000000bc5c300000)]
  0x0000023f32e18800 JavaThread "Unconstrained build operations Thread 6" [_thread_blocked, id=2848, stack(0x000000bc5c300000,0x000000bc5c400000)]
  0x0000023f32e13800 JavaThread "Unconstrained build operations Thread 7" [_thread_blocked, id=5216, stack(0x000000bc5c400000,0x000000bc5c500000)]
  0x0000023f32e12800 JavaThread "Unconstrained build operations Thread 8" [_thread_blocked, id=956, stack(0x000000bc5c500000,0x000000bc5c600000)]
  0x0000023f32e14800 JavaThread "Unconstrained build operations Thread 9" [_thread_blocked, id=10640, stack(0x000000bc5c600000,0x000000bc5c700000)]
  0x0000023f32e16000 JavaThread "Unconstrained build operations Thread 10" [_thread_blocked, id=8960, stack(0x000000bc5c700000,0x000000bc5c800000)]
  0x0000023f32e1a000 JavaThread "Unconstrained build operations Thread 11" [_thread_blocked, id=12000, stack(0x000000bc5c800000,0x000000bc5c900000)]
  0x0000023f32e19800 JavaThread "Unconstrained build operations Thread 12" [_thread_blocked, id=6920, stack(0x000000bc5c900000,0x000000bc5ca00000)]
  0x0000023f32e1b000 JavaThread "Unconstrained build operations Thread 13" [_thread_blocked, id=11192, stack(0x000000bc5ca00000,0x000000bc5cb00000)]
  0x0000023f32e15000 JavaThread "Unconstrained build operations Thread 14" [_thread_blocked, id=10036, stack(0x000000bc5cb00000,0x000000bc5cc00000)]
  0x0000023f32e1c800 JavaThread "Unconstrained build operations Thread 15" [_thread_blocked, id=10280, stack(0x000000bc5cc00000,0x000000bc5cd00000)]
  0x0000023f32e17000 JavaThread "Unconstrained build operations Thread 16" [_thread_blocked, id=3240, stack(0x000000bc5cd00000,0x000000bc5ce00000)]
  0x0000023f32e1e000 JavaThread "Unconstrained build operations Thread 17" [_thread_blocked, id=11528, stack(0x000000bc5ce00000,0x000000bc5cf00000)]
  0x0000023f32e20000 JavaThread "Unconstrained build operations Thread 18" [_thread_blocked, id=4744, stack(0x000000bc5cf00000,0x000000bc5d000000)]
  0x0000023f32e21800 JavaThread "Unconstrained build operations Thread 19" [_thread_blocked, id=3420, stack(0x000000bc5d000000,0x000000bc5d100000)]
  0x0000023f32e1b800 JavaThread "Unconstrained build operations Thread 20" [_thread_blocked, id=5188, stack(0x000000bc5d100000,0x000000bc5d200000)]
  0x0000023f32e1d800 JavaThread "Unconstrained build operations Thread 21" [_thread_blocked, id=4088, stack(0x000000bc5d200000,0x000000bc5d300000)]
  0x0000023f32e1f000 JavaThread "Unconstrained build operations Thread 22" [_thread_blocked, id=5552, stack(0x000000bc5d300000,0x000000bc5d400000)]
  0x0000023f32e20800 JavaThread "Unconstrained build operations Thread 23" [_thread_blocked, id=2244, stack(0x000000bc5d400000,0x000000bc5d500000)]
  0x0000023f2c6c6800 JavaThread "Unconstrained build operations Thread 24" [_thread_blocked, id=2800, stack(0x000000bc5d500000,0x000000bc5d600000)]
  0x0000023f2c6c8000 JavaThread "Unconstrained build operations Thread 25" [_thread_blocked, id=7476, stack(0x000000bc5d600000,0x000000bc5d700000)]
  0x0000023f2c6c5000 JavaThread "Unconstrained build operations Thread 26" [_thread_blocked, id=6612, stack(0x000000bc5d700000,0x000000bc5d800000)]
  0x0000023f2c6ca800 JavaThread "Unconstrained build operations Thread 27" [_thread_blocked, id=6840, stack(0x000000bc5d800000,0x000000bc5d900000)]
  0x0000023f2c6cb800 JavaThread "Unconstrained build operations Thread 28" [_thread_blocked, id=9236, stack(0x000000bc5d900000,0x000000bc5da00000)]
  0x0000023f2c6c5800 JavaThread "Unconstrained build operations Thread 29" [_thread_blocked, id=11708, stack(0x000000bc5da00000,0x000000bc5db00000)]
  0x0000023f2c6d0800 JavaThread "Unconstrained build operations Thread 30" [_thread_blocked, id=9608, stack(0x000000bc5db00000,0x000000bc5dc00000)]
  0x0000023f2c6cf800 JavaThread "Unconstrained build operations Thread 31" [_thread_blocked, id=3692, stack(0x000000bc5dc00000,0x000000bc5dd00000)]
  0x0000023f2c6d1000 JavaThread "Unconstrained build operations Thread 32" [_thread_blocked, id=8828, stack(0x000000bc5dd00000,0x000000bc5de00000)]
  0x0000023f2c6d2000 JavaThread "Unconstrained build operations Thread 33" [_thread_blocked, id=6844, stack(0x000000bc5de00000,0x000000bc5df00000)]
  0x0000023f2c6cd000 JavaThread "Unconstrained build operations Thread 34" [_thread_blocked, id=3784, stack(0x000000bc5df00000,0x000000bc5e000000)]
  0x0000023f2c6ce000 JavaThread "Unconstrained build operations Thread 35" [_thread_blocked, id=4760, stack(0x000000bc5e000000,0x000000bc5e100000)]
  0x0000023f2c6ce800 JavaThread "Unconstrained build operations Thread 36" [_thread_blocked, id=6592, stack(0x000000bc5e100000,0x000000bc5e200000)]
  0x0000023f29d36000 JavaThread "Unconstrained build operations Thread 37" [_thread_blocked, id=5688, stack(0x000000bc5e200000,0x000000bc5e300000)]
  0x0000023f29d33800 JavaThread "Unconstrained build operations Thread 38" [_thread_blocked, id=2872, stack(0x000000bc5e300000,0x000000bc5e400000)]
  0x0000023f29d30800 JavaThread "Unconstrained build operations Thread 39" [_thread_blocked, id=11480, stack(0x000000bc5e400000,0x000000bc5e500000)]
  0x0000023f29d39800 JavaThread "Unconstrained build operations Thread 40" [_thread_blocked, id=7268, stack(0x000000bc5e500000,0x000000bc5e600000)]

Other Threads:
  0x0000023f28848800 VMThread "VM Thread" [stack: 0x000000bc59900000,0x000000bc59a00000] [id=936]
  0x0000023f29394800 WatcherThread [stack: 0x000000bc5a300000,0x000000bc5a400000] [id=11312]
  0x0000023f0e4f4000 GCTaskThread "GC Thread#0" [stack: 0x000000bc59400000,0x000000bc59500000] [id=2944]
  0x0000023f29b56800 GCTaskThread "GC Thread#1" [stack: 0x000000bc5a500000,0x000000bc5a600000] [id=8512]
  0x0000023f297ac800 GCTaskThread "GC Thread#2" [stack: 0x000000bc5a600000,0x000000bc5a700000] [id=7024]
  0x0000023f2b9d7800 GCTaskThread "GC Thread#3" [stack: 0x000000bc5b000000,0x000000bc5b100000] [id=3968]
  0x0000023f0e526800 ConcurrentGCThread "G1 Main Marker" [stack: 0x000000bc59500000,0x000000bc59600000] [id=548]
=>0x0000023f0e528800 ConcurrentGCThread "G1 Conc#0" [stack: 0x000000bc59600000,0x000000bc59700000] [id=6028]
  0x0000023f0e5b4800 ConcurrentGCThread "G1 Refine#0" [stack: 0x000000bc59700000,0x000000bc59800000] [id=2772]
  0x0000023f0e5b5800 ConcurrentGCThread "G1 Young RemSet Sampling" [stack: 0x000000bc59800000,0x000000bc59900000] [id=5036]

Threads with active compile tasks:
C2 CompilerThread0 758273 18003       4       org.gradle.internal.graph.CachingDirectedGraphWalker::doSearch (659 bytes)

VM state:not at safepoint (normal execution)

VM Mutex/Monitor currently owned by a thread: None

Heap address: 0x0000000080000000, size: 2048 MB, Compressed Oops mode: 32-bit
Narrow klass base: 0x0000000000000000, Narrow klass shift: 3
Compressed class space size: 1073741824 Address: 0x0000000100000000

Heap:
 garbage-first heap   total 195584K, used 130571K [0x0000000080000000, 0x0000000100000000)
  region size 1024K, 6 young (6144K), 4 survivors (4096K)
 Metaspace       used 120633K, capacity 124022K, committed 124124K, reserved 1157120K
  class space    used 15445K, capacity 16724K, committed 16768K, reserved 1048576K
Heap Regions: E=young(eden), S=young(survivor), O=old, HS=humongous(starts), HC=humongous(continues), CS=collection set, F=free, A=archive, TAMS=top-at-mark-start (previous, next)
|   0|0x0000000080000000, 0x0000000080100000, 0x0000000080100000|100%| O|  |TAMS 0x0000000080100000, 0x0000000080100000| Untracked 
|   1|0x0000000080100000, 0x0000000080200000, 0x0000000080200000|100%| O|  |TAMS 0x0000000080200000, 0x0000000080200000| Untracked 
|   2|0x0000000080200000, 0x0000000080300000, 0x0000000080300000|100%| O|  |TAMS 0x0000000080300000, 0x0000000080300000| Untracked 
|   3|0x0000000080300000, 0x0000000080400000, 0x0000000080400000|100%|HS|  |TAMS 0x0000000080400000, 0x0000000080400000| Complete 
|   4|0x0000000080400000, 0x0000000080500000, 0x0000000080500000|100%|HC|  |TAMS 0x0000000080500000, 0x0000000080500000| Complete 
|   5|0x0000000080500000, 0x0000000080600000, 0x0000000080600000|100%|HC|  |TAMS 0x0000000080600000, 0x0000000080600000| Complete 
|   6|0x0000000080600000, 0x0000000080700000, 0x0000000080700000|100%|HS|  |TAMS 0x0000000080600000, 0x0000000080600000| Complete 
|   7|0x0000000080700000, 0x0000000080800000, 0x0000000080800000|100%| O|  |TAMS 0x0000000080800000, 0x0000000080800000| Untracked 
|   8|0x0000000080800000, 0x0000000080900000, 0x0000000080900000|100%| O|  |TAMS 0x0000000080900000, 0x0000000080900000| Untracked 
|   9|0x0000000080900000, 0x0000000080a00000, 0x0000000080a00000|100%| O|  |TAMS 0x0000000080a00000, 0x0000000080a00000| Untracked 
|  10|0x0000000080a00000, 0x0000000080b00000, 0x0000000080b00000|100%| O|  |TAMS 0x0000000080b00000, 0x0000000080b00000| Untracked 
|  11|0x0000000080b00000, 0x0000000080c00000, 0x0000000080c00000|100%| O|  |TAMS 0x0000000080c00000, 0x0000000080c00000| Untracked 
|  12|0x0000000080c00000, 0x0000000080d00000, 0x0000000080d00000|100%| O|  |TAMS 0x0000000080d00000, 0x0000000080d00000| Untracked 
|  13|0x0000000080d00000, 0x0000000080e00000, 0x0000000080e00000|100%| O|  |TAMS 0x0000000080e00000, 0x0000000080e00000| Untracked 
|  14|0x0000000080e00000, 0x0000000080f00000, 0x0000000080f00000|100%| O|  |TAMS 0x0000000080f00000, 0x0000000080f00000| Untracked 
|  15|0x0000000080f00000, 0x0000000081000000, 0x0000000081000000|100%| O|  |TAMS 0x0000000081000000, 0x0000000081000000| Untracked 
|  16|0x0000000081000000, 0x0000000081100000, 0x0000000081100000|100%| O|  |TAMS 0x0000000081100000, 0x0000000081100000| Untracked 
|  17|0x0000000081100000, 0x0000000081200000, 0x0000000081200000|100%| O|  |TAMS 0x0000000081200000, 0x0000000081200000| Untracked 
|  18|0x0000000081200000, 0x0000000081300000, 0x0000000081300000|100%| O|  |TAMS 0x0000000081300000, 0x0000000081300000| Untracked 
|  19|0x0000000081300000, 0x0000000081400000, 0x0000000081400000|100%| O|  |TAMS 0x0000000081400000, 0x0000000081400000| Untracked 
|  20|0x0000000081400000, 0x0000000081500000, 0x0000000081500000|100%| O|  |TAMS 0x0000000081500000, 0x0000000081500000| Untracked 
|  21|0x0000000081500000, 0x0000000081600000, 0x0000000081600000|100%| O|  |TAMS 0x0000000081600000, 0x0000000081600000| Untracked 
|  22|0x0000000081600000, 0x0000000081700000, 0x0000000081700000|100%| O|  |TAMS 0x0000000081700000, 0x0000000081700000| Untracked 
|  23|0x0000000081700000, 0x0000000081800000, 0x0000000081800000|100%| O|  |TAMS 0x0000000081800000, 0x0000000081800000| Untracked 
|  24|0x0000000081800000, 0x0000000081900000, 0x0000000081900000|100%| O|  |TAMS 0x0000000081900000, 0x0000000081900000| Untracked 
|  25|0x0000000081900000, 0x0000000081a00000, 0x0000000081a00000|100%| O|  |TAMS 0x0000000081a00000, 0x0000000081a00000| Untracked 
|  26|0x0000000081a00000, 0x0000000081b00000, 0x0000000081b00000|100%| O|  |TAMS 0x0000000081a00000, 0x0000000081b00000| Untracked 
|  27|0x0000000081b00000, 0x0000000081c00000, 0x0000000081c00000|100%|HS|  |TAMS 0x0000000081c00000, 0x0000000081c00000| Complete 
|  28|0x0000000081c00000, 0x0000000081d00000, 0x0000000081d00000|100%|HS|  |TAMS 0x0000000081d00000, 0x0000000081d00000| Complete 
|  29|0x0000000081d00000, 0x0000000081e00000, 0x0000000081e00000|100%|HS|  |TAMS 0x0000000081e00000, 0x0000000081e00000| Complete 
|  30|0x0000000081e00000, 0x0000000081f00000, 0x0000000081f00000|100%|HS|  |TAMS 0x0000000081f00000, 0x0000000081f00000| Complete 
|  31|0x0000000081f00000, 0x0000000082000000, 0x0000000082000000|100%|HS|  |TAMS 0x0000000082000000, 0x0000000082000000| Complete 
|  32|0x0000000082000000, 0x0000000082100000, 0x0000000082100000|100%|HC|  |TAMS 0x0000000082100000, 0x0000000082100000| Complete 
|  33|0x0000000082100000, 0x0000000082200000, 0x0000000082200000|100%|HC|  |TAMS 0x0000000082200000, 0x0000000082200000| Complete 
|  34|0x0000000082200000, 0x0000000082300000, 0x0000000082300000|100%|HS|  |TAMS 0x0000000082300000, 0x0000000082300000| Complete 
|  35|0x0000000082300000, 0x0000000082400000, 0x0000000082400000|100%|HC|  |TAMS 0x0000000082400000, 0x0000000082400000| Complete 
|  36|0x0000000082400000, 0x0000000082500000, 0x0000000082500000|100%| O|  |TAMS 0x0000000082500000, 0x0000000082500000| Untracked 
|  37|0x0000000082500000, 0x0000000082600000, 0x0000000082600000|100%| O|  |TAMS 0x0000000082600000, 0x0000000082600000| Untracked 
|  38|0x0000000082600000, 0x0000000082700000, 0x0000000082700000|100%| O|  |TAMS 0x0000000082700000, 0x0000000082700000| Untracked 
|  39|0x0000000082700000, 0x0000000082800000, 0x0000000082800000|100%| O|  |TAMS 0x0000000082700000, 0x0000000082800000| Untracked 
|  40|0x0000000082800000, 0x0000000082900000, 0x0000000082900000|100%| O|  |TAMS 0x0000000082900000, 0x0000000082900000| Untracked 
|  41|0x0000000082900000, 0x0000000082a00000, 0x0000000082a00000|100%| O|  |TAMS 0x0000000082900000, 0x0000000082a00000| Untracked 
|  42|0x0000000082a00000, 0x0000000082b00000, 0x0000000082b00000|100%| O|  |TAMS 0x0000000082b00000, 0x0000000082b00000| Untracked 
|  43|0x0000000082b00000, 0x0000000082c00000, 0x0000000082c00000|100%|HS|  |TAMS 0x0000000082b00000, 0x0000000082b00000| Complete 
|  44|0x0000000082c00000, 0x0000000082d00000, 0x0000000082d00000|100%| O|  |TAMS 0x0000000082d00000, 0x0000000082d00000| Untracked 
|  45|0x0000000082d00000, 0x0000000082e00000, 0x0000000082e00000|100%| O|  |TAMS 0x0000000082e00000, 0x0000000082e00000| Untracked 
|  46|0x0000000082e00000, 0x0000000082f00000, 0x0000000082f00000|100%| O|  |TAMS 0x0000000082f00000, 0x0000000082f00000| Untracked 
|  47|0x0000000082f00000, 0x0000000083000000, 0x0000000083000000|100%| O|  |TAMS 0x0000000083000000, 0x0000000083000000| Untracked 
|  48|0x0000000083000000, 0x0000000083100000, 0x0000000083100000|100%| O|  |TAMS 0x0000000083100000, 0x0000000083100000| Untracked 
|  49|0x0000000083100000, 0x0000000083200000, 0x0000000083200000|100%| O|  |TAMS 0x0000000083200000, 0x0000000083200000| Untracked 
|  50|0x0000000083200000, 0x0000000083300000, 0x0000000083300000|100%| O|  |TAMS 0x0000000083300000, 0x0000000083300000| Untracked 
|  51|0x0000000083300000, 0x0000000083400000, 0x0000000083400000|100%| O|  |TAMS 0x0000000083400000, 0x0000000083400000| Untracked 
|  52|0x0000000083400000, 0x0000000083500000, 0x0000000083500000|100%| O|  |TAMS 0x0000000083500000, 0x0000000083500000| Untracked 
|  53|0x0000000083500000, 0x0000000083600000, 0x0000000083600000|100%| O|  |TAMS 0x0000000083600000, 0x0000000083600000| Untracked 
|  54|0x0000000083600000, 0x0000000083700000, 0x0000000083700000|100%| O|  |TAMS 0x0000000083700000, 0x0000000083700000| Untracked 
|  55|0x0000000083700000, 0x0000000083800000, 0x0000000083800000|100%| O|  |TAMS 0x0000000083800000, 0x0000000083800000| Untracked 
|  56|0x0000000083800000, 0x0000000083900000, 0x0000000083900000|100%| O|  |TAMS 0x0000000083900000, 0x0000000083900000| Untracked 
|  57|0x0000000083900000, 0x0000000083a00000, 0x0000000083a00000|100%| O|  |TAMS 0x0000000083a00000, 0x0000000083a00000| Untracked 
|  58|0x0000000083a00000, 0x0000000083b00000, 0x0000000083b00000|100%| O|  |TAMS 0x0000000083b00000, 0x0000000083b00000| Untracked 
|  59|0x0000000083b00000, 0x0000000083c00000, 0x0000000083c00000|100%| O|  |TAMS 0x0000000083c00000, 0x0000000083c00000| Untracked 
|  60|0x0000000083c00000, 0x0000000083d00000, 0x0000000083d00000|100%| O|  |TAMS 0x0000000083d00000, 0x0000000083d00000| Untracked 
|  61|0x0000000083d00000, 0x0000000083e00000, 0x0000000083e00000|100%| O|  |TAMS 0x0000000083e00000, 0x0000000083e00000| Untracked 
|  62|0x0000000083e00000, 0x0000000083f00000, 0x0000000083f00000|100%| O|  |TAMS 0x0000000083f00000, 0x0000000083f00000| Untracked 
|  63|0x0000000083f00000, 0x0000000084000000, 0x0000000084000000|100%| O|  |TAMS 0x0000000084000000, 0x0000000084000000| Untracked 
|  64|0x0000000084000000, 0x0000000084100000, 0x0000000084100000|100%| O|  |TAMS 0x0000000084100000, 0x0000000084100000| Untracked 
|  65|0x0000000084100000, 0x0000000084200000, 0x0000000084200000|100%| O|  |TAMS 0x0000000084200000, 0x0000000084200000| Untracked 
|  66|0x0000000084200000, 0x0000000084300000, 0x0000000084300000|100%| O|  |TAMS 0x0000000084300000, 0x0000000084300000| Untracked 
|  67|0x0000000084300000, 0x0000000084400000, 0x0000000084400000|100%| O|  |TAMS 0x0000000084400000, 0x0000000084400000| Untracked 
|  68|0x0000000084400000, 0x0000000084500000, 0x0000000084500000|100%| O|  |TAMS 0x0000000084400000, 0x0000000084500000| Untracked 
|  69|0x0000000084500000, 0x0000000084600000, 0x0000000084600000|100%| O|  |TAMS 0x0000000084600000, 0x0000000084600000| Untracked 
|  70|0x0000000084600000, 0x0000000084700000, 0x0000000084700000|100%| O|  |TAMS 0x0000000084700000, 0x0000000084700000| Untracked 
|  71|0x0000000084700000, 0x0000000084800000, 0x0000000084800000|100%| O|  |TAMS 0x0000000084800000, 0x0000000084800000| Untracked 
|  72|0x0000000084800000, 0x0000000084900000, 0x0000000084900000|100%| O|  |TAMS 0x0000000084900000, 0x0000000084900000| Untracked 
|  73|0x0000000084900000, 0x0000000084a00000, 0x0000000084a00000|100%| O|  |TAMS 0x0000000084900000, 0x0000000084a00000| Untracked 
|  74|0x0000000084a00000, 0x0000000084b00000, 0x0000000084b00000|100%| O|  |TAMS 0x0000000084a00000, 0x0000000084b00000| Untracked 
|  75|0x0000000084b00000, 0x0000000084c00000, 0x0000000084c00000|100%| O|  |TAMS 0x0000000084c00000, 0x0000000084c00000| Untracked 
|  76|0x0000000084c00000, 0x0000000084d00000, 0x0000000084d00000|100%| O|  |TAMS 0x0000000084d00000, 0x0000000084d00000| Untracked 
|  77|0x0000000084d00000, 0x0000000084e00000, 0x0000000084e00000|100%| O|  |TAMS 0x0000000084e00000, 0x0000000084e00000| Untracked 
|  78|0x0000000084e00000, 0x0000000084f00000, 0x0000000084f00000|100%| O|  |TAMS 0x0000000084f00000, 0x0000000084f00000| Untracked 
|  79|0x0000000084f00000, 0x0000000085000000, 0x0000000085000000|100%| O|  |TAMS 0x0000000085000000, 0x0000000085000000| Untracked 
|  80|0x0000000085000000, 0x0000000085100000, 0x0000000085100000|100%| O|  |TAMS 0x0000000085100000, 0x0000000085100000| Untracked 
|  81|0x0000000085100000, 0x0000000085200000, 0x0000000085200000|100%| O|  |TAMS 0x0000000085200000, 0x0000000085200000| Untracked 
|  82|0x0000000085200000, 0x0000000085300000, 0x0000000085300000|100%| O|  |TAMS 0x0000000085200000, 0x0000000085300000| Untracked 
|  83|0x0000000085300000, 0x0000000085400000, 0x0000000085400000|100%| O|  |TAMS 0x0000000085400000, 0x0000000085400000| Untracked 
|  84|0x0000000085400000, 0x0000000085500000, 0x0000000085500000|100%| O|  |TAMS 0x0000000085500000, 0x0000000085500000| Untracked 
|  85|0x0000000085500000, 0x0000000085600000, 0x0000000085600000|100%| O|  |TAMS 0x0000000085500000, 0x0000000085600000| Untracked 
|  86|0x0000000085600000, 0x0000000085700000, 0x0000000085700000|100%| O|  |TAMS 0x0000000085600000, 0x0000000085700000| Untracked 
|  87|0x0000000085700000, 0x0000000085796800, 0x0000000085800000| 58%| O|  |TAMS 0x0000000085700000, 0x0000000085796800| Untracked 
|  88|0x0000000085800000, 0x0000000085900000, 0x0000000085900000|100%| O|  |TAMS 0x0000000085900000, 0x0000000085900000| Untracked 
|  89|0x0000000085900000, 0x0000000085900000, 0x0000000085a00000|  0%| F|  |TAMS 0x0000000085900000, 0x0000000085900000| Untracked 
|  90|0x0000000085a00000, 0x0000000085b00000, 0x0000000085b00000|100%| O|  |TAMS 0x0000000085a00000, 0x0000000085b00000| Untracked 
|  91|0x0000000085b00000, 0x0000000085c00000, 0x0000000085c00000|100%| O|  |TAMS 0x0000000085c00000, 0x0000000085c00000| Untracked 
|  92|0x0000000085c00000, 0x0000000085d00000, 0x0000000085d00000|100%|HS|  |TAMS 0x0000000085c00000, 0x0000000085c00000| Complete 
|  93|0x0000000085d00000, 0x0000000085e00000, 0x0000000085e00000|100%|HC|  |TAMS 0x0000000085d00000, 0x0000000085d00000| Complete 
|  94|0x0000000085e00000, 0x0000000085f00000, 0x0000000085f00000|100%| O|  |TAMS 0x0000000085f00000, 0x0000000085f00000| Untracked 
|  95|0x0000000085f00000, 0x0000000086000000, 0x0000000086000000|100%| O|  |TAMS 0x0000000086000000, 0x0000000086000000| Untracked 
|  96|0x0000000086000000, 0x0000000086100000, 0x0000000086100000|100%| O|  |TAMS 0x0000000086100000, 0x0000000086100000| Untracked 
|  97|0x0000000086100000, 0x0000000086200000, 0x0000000086200000|100%| O|  |TAMS 0x0000000086200000, 0x0000000086200000| Untracked 
|  98|0x0000000086200000, 0x0000000086300000, 0x0000000086300000|100%| O|  |TAMS 0x0000000086300000, 0x0000000086300000| Untracked 
|  99|0x0000000086300000, 0x0000000086400000, 0x0000000086400000|100%| O|  |TAMS 0x0000000086400000, 0x0000000086400000| Untracked 
| 100|0x0000000086400000, 0x0000000086500000, 0x0000000086500000|100%| O|  |TAMS 0x0000000086500000, 0x0000000086500000| Untracked 
| 101|0x0000000086500000, 0x0000000086600000, 0x0000000086600000|100%| O|  |TAMS 0x0000000086600000, 0x0000000086600000| Untracked 
| 102|0x0000000086600000, 0x0000000086700000, 0x0000000086700000|100%| O|  |TAMS 0x0000000086700000, 0x0000000086700000| Untracked 
| 103|0x0000000086700000, 0x0000000086800000, 0x0000000086800000|100%| O|  |TAMS 0x0000000086800000, 0x0000000086800000| Untracked 
| 104|0x0000000086800000, 0x0000000086900000, 0x0000000086900000|100%|HS|  |TAMS 0x0000000086800000, 0x0000000086800000| Complete 
| 105|0x0000000086900000, 0x0000000086a00000, 0x0000000086a00000|100%|HC|  |TAMS 0x0000000086900000, 0x0000000086900000| Complete 
| 106|0x0000000086a00000, 0x0000000086b00000, 0x0000000086b00000|100%|HC|  |TAMS 0x0000000086a00000, 0x0000000086a00000| Complete 
| 107|0x0000000086b00000, 0x0000000086b00000, 0x0000000086c00000|  0%| F|  |TAMS 0x0000000086b00000, 0x0000000086b00000| Untracked 
| 108|0x0000000086c00000, 0x0000000086d00000, 0x0000000086d00000|100%| O|  |TAMS 0x0000000086d00000, 0x0000000086d00000| Untracked 
| 109|0x0000000086d00000, 0x0000000086d00000, 0x0000000086e00000|  0%| F|  |TAMS 0x0000000086d00000, 0x0000000086d00000| Untracked 
| 110|0x0000000086e00000, 0x0000000086e00000, 0x0000000086f00000|  0%| F|  |TAMS 0x0000000086e00000, 0x0000000086e00000| Untracked 
| 111|0x0000000086f00000, 0x0000000086f00000, 0x0000000087000000|  0%| F|  |TAMS 0x0000000086f00000, 0x0000000086f00000| Untracked 
| 112|0x0000000087000000, 0x0000000087100000, 0x0000000087100000|100%| O|  |TAMS 0x0000000087100000, 0x0000000087100000| Untracked 
| 113|0x0000000087100000, 0x0000000087200000, 0x0000000087200000|100%| O|  |TAMS 0x0000000087200000, 0x0000000087200000| Untracked 
| 114|0x0000000087200000, 0x0000000087300000, 0x0000000087300000|100%| O|  |TAMS 0x0000000087300000, 0x0000000087300000| Untracked 
| 115|0x0000000087300000, 0x0000000087400000, 0x0000000087400000|100%| O|  |TAMS 0x0000000087400000, 0x0000000087400000| Untracked 
| 116|0x0000000087400000, 0x0000000087400000, 0x0000000087500000|  0%| F|  |TAMS 0x0000000087400000, 0x0000000087400000| Untracked 
| 117|0x0000000087500000, 0x0000000087500000, 0x0000000087600000|  0%| F|  |TAMS 0x0000000087500000, 0x0000000087500000| Untracked 
| 118|0x0000000087600000, 0x0000000087600000, 0x0000000087700000|  0%| F|  |TAMS 0x0000000087600000, 0x0000000087600000| Untracked 
| 119|0x0000000087700000, 0x0000000087800000, 0x0000000087800000|100%| O|  |TAMS 0x0000000087800000, 0x0000000087800000| Untracked 
| 120|0x0000000087800000, 0x0000000087900000, 0x0000000087900000|100%| O|  |TAMS 0x0000000087900000, 0x0000000087900000| Untracked 
| 121|0x0000000087900000, 0x0000000087a00000, 0x0000000087a00000|100%| O|  |TAMS 0x0000000087a00000, 0x0000000087a00000| Untracked 
| 122|0x0000000087a00000, 0x0000000087b00000, 0x0000000087b00000|100%| O|  |TAMS 0x0000000087b00000, 0x0000000087b00000| Untracked 
| 123|0x0000000087b00000, 0x0000000087b00000, 0x0000000087c00000|  0%| F|  |TAMS 0x0000000087b00000, 0x0000000087b00000| Untracked 
| 124|0x0000000087c00000, 0x0000000087c00000, 0x0000000087d00000|  0%| F|  |TAMS 0x0000000087c00000, 0x0000000087c00000| Untracked 
| 125|0x0000000087d00000, 0x0000000087e00000, 0x0000000087e00000|100%| O|  |TAMS 0x0000000087e00000, 0x0000000087e00000| Untracked 
| 126|0x0000000087e00000, 0x0000000087f00000, 0x0000000087f00000|100%| O|  |TAMS 0x0000000087f00000, 0x0000000087f00000| Untracked 
| 127|0x0000000087f00000, 0x0000000087f00000, 0x0000000088000000|  0%| F|  |TAMS 0x0000000087f00000, 0x0000000087f00000| Untracked 
| 128|0x0000000088000000, 0x0000000088000000, 0x0000000088100000|  0%| F|  |TAMS 0x0000000088000000, 0x0000000088000000| Untracked 
| 129|0x0000000088100000, 0x0000000088100000, 0x0000000088200000|  0%| F|  |TAMS 0x0000000088100000, 0x0000000088100000| Untracked 
| 130|0x0000000088200000, 0x0000000088200000, 0x0000000088300000|  0%| F|  |TAMS 0x0000000088200000, 0x0000000088200000| Untracked 
| 131|0x0000000088300000, 0x0000000088300000, 0x0000000088400000|  0%| F|  |TAMS 0x0000000088300000, 0x0000000088300000| Untracked 
| 132|0x0000000088400000, 0x0000000088400000, 0x0000000088500000|  0%| F|  |TAMS 0x0000000088400000, 0x0000000088400000| Untracked 
| 133|0x0000000088500000, 0x0000000088500000, 0x0000000088600000|  0%| F|  |TAMS 0x0000000088500000, 0x0000000088500000| Untracked 
| 134|0x0000000088600000, 0x0000000088600000, 0x0000000088700000|  0%| F|  |TAMS 0x0000000088600000, 0x0000000088600000| Untracked 
| 135|0x0000000088700000, 0x0000000088800000, 0x0000000088800000|100%| O|  |TAMS 0x0000000088800000, 0x0000000088800000| Untracked 
| 136|0x0000000088800000, 0x0000000088900000, 0x0000000088900000|100%| O|  |TAMS 0x0000000088900000, 0x0000000088900000| Untracked 
| 137|0x0000000088900000, 0x0000000088a00000, 0x0000000088a00000|100%| O|  |TAMS 0x0000000088a00000, 0x0000000088a00000| Untracked 
| 138|0x0000000088a00000, 0x0000000088b00000, 0x0000000088b00000|100%| O|  |TAMS 0x0000000088b00000, 0x0000000088b00000| Untracked 
| 139|0x0000000088b00000, 0x0000000088c00000, 0x0000000088c00000|100%| O|  |TAMS 0x0000000088c00000, 0x0000000088c00000| Untracked 
| 140|0x0000000088c00000, 0x0000000088d00000, 0x0000000088d00000|100%| O|  |TAMS 0x0000000088d00000, 0x0000000088d00000| Untracked 
| 141|0x0000000088d00000, 0x0000000088d00000, 0x0000000088e00000|  0%| F|  |TAMS 0x0000000088d00000, 0x0000000088d00000| Untracked 
| 142|0x0000000088e00000, 0x0000000088e00000, 0x0000000088f00000|  0%| F|  |TAMS 0x0000000088e00000, 0x0000000088e00000| Untracked 
| 143|0x0000000088f00000, 0x0000000088f00000, 0x0000000089000000|  0%| F|  |TAMS 0x0000000088f00000, 0x0000000088f00000| Untracked 
| 144|0x0000000089000000, 0x0000000089000000, 0x0000000089100000|  0%| F|  |TAMS 0x0000000089000000, 0x0000000089000000| Untracked 
| 145|0x0000000089100000, 0x0000000089100000, 0x0000000089200000|  0%| F|  |TAMS 0x0000000089100000, 0x0000000089100000| Untracked 
| 146|0x0000000089200000, 0x0000000089200000, 0x0000000089300000|  0%| F|  |TAMS 0x0000000089200000, 0x0000000089200000| Untracked 
| 147|0x0000000089300000, 0x0000000089300000, 0x0000000089400000|  0%| F|  |TAMS 0x0000000089300000, 0x0000000089300000| Untracked 
| 148|0x0000000089400000, 0x0000000089500000, 0x0000000089500000|100%| O|  |TAMS 0x0000000089484600, 0x0000000089500000| Untracked 
| 149|0x0000000089500000, 0x0000000089500000, 0x0000000089600000|  0%| F|  |TAMS 0x0000000089500000, 0x0000000089500000| Untracked 
| 150|0x0000000089600000, 0x0000000089600000, 0x0000000089700000|  0%| F|  |TAMS 0x0000000089600000, 0x0000000089600000| Untracked 
| 151|0x0000000089700000, 0x0000000089700000, 0x0000000089800000|  0%| F|  |TAMS 0x0000000089700000, 0x0000000089700000| Untracked 
| 152|0x0000000089800000, 0x0000000089800000, 0x0000000089900000|  0%| F|  |TAMS 0x0000000089800000, 0x0000000089800000| Untracked 
| 153|0x0000000089900000, 0x0000000089900000, 0x0000000089a00000|  0%| F|  |TAMS 0x0000000089900000, 0x0000000089900000| Untracked 
| 154|0x0000000089a00000, 0x0000000089a00000, 0x0000000089b00000|  0%| F|  |TAMS 0x0000000089a00000, 0x0000000089a00000| Untracked 
| 155|0x0000000089b00000, 0x0000000089b00000, 0x0000000089c00000|  0%| F|  |TAMS 0x0000000089b00000, 0x0000000089b00000| Untracked 
| 156|0x0000000089c00000, 0x0000000089c00000, 0x0000000089d00000|  0%| F|  |TAMS 0x0000000089c00000, 0x0000000089c00000| Untracked 
| 157|0x0000000089d00000, 0x0000000089d00000, 0x0000000089e00000|  0%| F|  |TAMS 0x0000000089d00000, 0x0000000089d00000| Untracked 
| 158|0x0000000089e00000, 0x0000000089e00000, 0x0000000089f00000|  0%| F|  |TAMS 0x0000000089e00000, 0x0000000089e00000| Untracked 
| 159|0x0000000089f00000, 0x0000000089f00000, 0x000000008a000000|  0%| F|  |TAMS 0x0000000089f00000, 0x0000000089f00000| Untracked 
| 160|0x000000008a000000, 0x000000008a000000, 0x000000008a100000|  0%| F|  |TAMS 0x000000008a000000, 0x000000008a000000| Untracked 
| 161|0x000000008a100000, 0x000000008a100000, 0x000000008a200000|  0%| F|  |TAMS 0x000000008a100000, 0x000000008a100000| Untracked 
| 162|0x000000008a200000, 0x000000008a200000, 0x000000008a300000|  0%| F|  |TAMS 0x000000008a200000, 0x000000008a200000| Untracked 
| 163|0x000000008a300000, 0x000000008a300000, 0x000000008a400000|  0%| F|  |TAMS 0x000000008a300000, 0x000000008a300000| Untracked 
| 164|0x000000008a400000, 0x000000008a4ec508, 0x000000008a500000| 92%| S|CS|TAMS 0x000000008a400000, 0x000000008a400000| Complete 
| 165|0x000000008a500000, 0x000000008a600000, 0x000000008a600000|100%| S|CS|TAMS 0x000000008a500000, 0x000000008a500000| Complete 
| 166|0x000000008a600000, 0x000000008a700000, 0x000000008a700000|100%| S|CS|TAMS 0x000000008a600000, 0x000000008a600000| Complete 
| 167|0x000000008a700000, 0x000000008a800000, 0x000000008a800000|100%| S|CS|TAMS 0x000000008a700000, 0x000000008a700000| Complete 
| 168|0x000000008a800000, 0x000000008a800000, 0x000000008a900000|  0%| F|  |TAMS 0x000000008a800000, 0x000000008a800000| Untracked 
| 169|0x000000008a900000, 0x000000008a900000, 0x000000008aa00000|  0%| F|  |TAMS 0x000000008a900000, 0x000000008a900000| Untracked 
| 170|0x000000008aa00000, 0x000000008aa00000, 0x000000008ab00000|  0%| F|  |TAMS 0x000000008aa00000, 0x000000008aa00000| Untracked 
| 171|0x000000008ab00000, 0x000000008ab00000, 0x000000008ac00000|  0%| F|  |TAMS 0x000000008ab00000, 0x000000008ab00000| Untracked 
| 172|0x000000008ac00000, 0x000000008ac00000, 0x000000008ad00000|  0%| F|  |TAMS 0x000000008ac00000, 0x000000008ac00000| Untracked 
| 173|0x000000008ad00000, 0x000000008ad00000, 0x000000008ae00000|  0%| F|  |TAMS 0x000000008ad00000, 0x000000008ad00000| Untracked 
| 174|0x000000008ae00000, 0x000000008ae00000, 0x000000008af00000|  0%| F|  |TAMS 0x000000008ae00000, 0x000000008ae00000| Untracked 
| 175|0x000000008af00000, 0x000000008af00000, 0x000000008b000000|  0%| F|  |TAMS 0x000000008af00000, 0x000000008af00000| Untracked 
| 176|0x000000008b000000, 0x000000008b000000, 0x000000008b100000|  0%| F|  |TAMS 0x000000008b000000, 0x000000008b000000| Untracked 
| 177|0x000000008b100000, 0x000000008b100000, 0x000000008b200000|  0%| F|  |TAMS 0x000000008b100000, 0x000000008b100000| Untracked 
| 178|0x000000008b200000, 0x000000008b200000, 0x000000008b300000|  0%| F|  |TAMS 0x000000008b200000, 0x000000008b200000| Untracked 
| 179|0x000000008b300000, 0x000000008b300000, 0x000000008b400000|  0%| F|  |TAMS 0x000000008b300000, 0x000000008b300000| Untracked 
| 180|0x000000008b400000, 0x000000008b400000, 0x000000008b500000|  0%| F|  |TAMS 0x000000008b400000, 0x000000008b400000| Untracked 
| 181|0x000000008b500000, 0x000000008b500000, 0x000000008b600000|  0%| F|  |TAMS 0x000000008b500000, 0x000000008b500000| Untracked 
| 182|0x000000008b600000, 0x000000008b600000, 0x000000008b700000|  0%| F|  |TAMS 0x000000008b600000, 0x000000008b600000| Untracked 
| 183|0x000000008b700000, 0x000000008b700000, 0x000000008b800000|  0%| F|  |TAMS 0x000000008b700000, 0x000000008b700000| Untracked 
| 184|0x000000008b800000, 0x000000008b800000, 0x000000008b900000|  0%| F|  |TAMS 0x000000008b800000, 0x000000008b800000| Untracked 
| 185|0x000000008b900000, 0x000000008b900000, 0x000000008ba00000|  0%| F|  |TAMS 0x000000008b900000, 0x000000008b900000| Untracked 
| 186|0x000000008ba00000, 0x000000008ba00000, 0x000000008bb00000|  0%| F|  |TAMS 0x000000008ba00000, 0x000000008ba00000| Untracked 
| 187|0x000000008bb00000, 0x000000008bb00000, 0x000000008bc00000|  0%| F|  |TAMS 0x000000008bb00000, 0x000000008bb00000| Untracked 
| 188|0x000000008bc00000, 0x000000008bc5d948, 0x000000008bd00000| 36%| E|  |TAMS 0x000000008bc00000, 0x000000008bc00000| Complete 
| 189|0x000000008bd00000, 0x000000008be00000, 0x000000008be00000|100%| E|CS|TAMS 0x000000008bd00000, 0x000000008bd00000| Complete 
| 190|0x000000008be00000, 0x000000008bf00000, 0x000000008bf00000|100%| E|  |TAMS 0x000000008be00000, 0x000000008be00000| Complete 

Card table byte_map: [0x0000023f21a00000,0x0000023f21e00000] _byte_map_base: 0x0000023f21600000

Marking Bits (Prev, Next): (CMBitMap*) 0x0000023f0e51d018, (CMBitMap*) 0x0000023f0e51d050
 Prev Bits: [0x0000023f22200000, 0x0000023f24200000)
 Next Bits: [0x0000023f24200000, 0x0000023f26200000)

Polling page: 0x0000023f0cba0000

Metaspace:

Usage:
  Non-class:    104.78 MB capacity,   102.72 MB ( 98%) used,     1.66 MB (  2%) free+waste,   407.81 KB ( <1%) overhead. 
      Class:     16.33 MB capacity,    15.08 MB ( 92%) used,     1.07 MB (  7%) free+waste,   185.06 KB (  1%) overhead. 
       Both:    121.12 MB capacity,   117.81 MB ( 97%) used,     2.73 MB (  2%) free+waste,   592.88 KB ( <1%) overhead. 

Virtual space:
  Non-class space:      106.00 MB reserved,     104.84 MB ( 99%) committed 
      Class space:        1.00 GB reserved,      16.38 MB (  2%) committed 
             Both:        1.10 GB reserved,     121.21 MB ( 11%) committed 

Chunk freelists:
   Non-Class:  58.00 KB
       Class:  4.00 KB
        Both:  62.00 KB

MaxMetaspaceSize: 17179869184.00 GB
CompressedClassSpaceSize: 1.00 GB

CodeHeap 'non-profiled nmethods': size=120064Kb used=13266Kb max_used=13266Kb free=106797Kb
 bounds [0x0000023f19aa0000, 0x0000023f1a7b0000, 0x0000023f20fe0000]
CodeHeap 'profiled nmethods': size=120000Kb used=37507Kb max_used=37507Kb free=82492Kb
 bounds [0x0000023f12570000, 0x0000023f14a40000, 0x0000023f19aa0000]
CodeHeap 'non-nmethods': size=5696Kb used=2373Kb max_used=2426Kb free=3322Kb
 bounds [0x0000023f11fe0000, 0x0000023f12250000, 0x0000023f12570000]
 total_blobs=18163 nmethods=17163 adapters=910
 compilation: enabled
              stopped_count=0, restarted_count=0
 full_count=0

Compilation events (20 events):
Event: 757.995 Thread 0x0000023f28874800 18024       3       org.gradle.api.internal.tasks.execution.SelfDescribingSpec::<init> (15 bytes)
Event: 757.995 Thread 0x0000023f28874800 nmethod 18024 0x0000023f12dfb010 code [0x0000023f12dfb1c0, 0x0000023f12dfb3d8]
Event: 758.003 Thread 0x0000023f28874800 18025   !   3       com.google.common.base.Joiner::appendTo (22 bytes)
Event: 758.003 Thread 0x0000023f28874800 nmethod 18025 0x0000023f12e11110 code [0x0000023f12e112e0, 0x0000023f12e11598]
Event: 758.013 Thread 0x0000023f28874800 18026       1       org.gradle.api.internal.tasks.DefaultTaskInputs::access$300 (5 bytes)
Event: 758.013 Thread 0x0000023f28874800 nmethod 18026 0x0000023f19c7ac10 code [0x0000023f19c7adc0, 0x0000023f19c7ae58]
Event: 758.014 Thread 0x0000023f28874800 18027       3       org.gradle.api.internal.file.DefaultFilePropertyFactory$DefaultDirectoryVar::set (6 bytes)
Event: 758.014 Thread 0x0000023f28874800 nmethod 18027 0x0000023f12e76890 code [0x0000023f12e76a80, 0x0000023f12e76e28]
Event: 758.017 Thread 0x0000023f28874800 18028       3       org.gradle.api.internal.DefaultNamedDomainObjectSet::<init> (16 bytes)
Event: 758.018 Thread 0x0000023f28874800 nmethod 18028 0x0000023f14a2bd10 code [0x0000023f14a2bf40, 0x0000023f14a2c8c8]
Event: 758.018 Thread 0x0000023f28874800 18029       3       org.gradle.api.internal.DefaultNamedDomainObjectCollection::<init> (27 bytes)
Event: 758.018 Thread 0x0000023f28874800 nmethod 18029 0x0000023f12e92e10 code [0x0000023f12e93020, 0x0000023f12e936d8]
Event: 758.019 Thread 0x0000023f28874800 18030       3       com.android.build.gradle.internal.core.VariantDslInfoImpl::getMergedFlavor (17 bytes)
Event: 758.019 Thread 0x0000023f28874800 nmethod 18030 0x0000023f12e18290 code [0x0000023f12e18460, 0x0000023f12e18708]
Event: 758.033 Thread 0x0000023f28874800 18031       3       com.android.build.gradle.internal.utils.HasConfigurableValuesKt::fromDisallowChanges (42 bytes)
Event: 758.034 Thread 0x0000023f28874800 nmethod 18031 0x0000023f14a2cc90 code [0x0000023f14a2cf60, 0x0000023f14a2dc08]
Event: 758.057 Thread 0x0000023f28874800 18032       3       org.gradle.api.internal.artifacts.ivyservice.moduleconverter.dependencies.DefaultLocalConfigurationMetadataBuilder::addDependencies (160 bytes)
Event: 758.059 Thread 0x0000023f28874800 nmethod 18032 0x0000023f14a2e090 code [0x0000023f14a2e480, 0x0000023f14a30258]
Event: 758.059 Thread 0x0000023f28874800 18033       3       org.gradle.api.internal.artifacts.ivyservice.moduleconverter.dependencies.DefaultLocalConfigurationMetadataBuilder::addDependencyConstraints (76 bytes)
Event: 758.059 Thread 0x0000023f28874800 nmethod 18033 0x0000023f14a30b90 code [0x0000023f14a30e00, 0x0000023f14a318f8]

GC Heap History (20 events):
Event: 487.553 GC heap before
{Heap before GC invocations=71 (full 0):
 garbage-first heap   total 195584K, used 163179K [0x0000000080000000, 0x0000000100000000)
  region size 1024K, 27 young (27648K), 3 survivors (3072K)
 Metaspace       used 108411K, capacity 111168K, committed 111452K, reserved 1146880K
  class space    used 13491K, capacity 14519K, committed 14592K, reserved 1048576K
}
Event: 487.559 GC heap after
{Heap after GC invocations=72 (full 0):
 garbage-first heap   total 195584K, used 141055K [0x0000000080000000, 0x0000000100000000)
  region size 1024K, 4 young (4096K), 4 survivors (4096K)
 Metaspace       used 108411K, capacity 111168K, committed 111452K, reserved 1146880K
  class space    used 13491K, capacity 14519K, committed 14592K, reserved 1048576K
}
Event: 492.925 GC heap before
{Heap before GC invocations=72 (full 0):
 garbage-first heap   total 195584K, used 164607K [0x0000000080000000, 0x0000000100000000)
  region size 1024K, 28 young (28672K), 4 survivors (4096K)
 Metaspace       used 108639K, capacity 111414K, committed 111708K, reserved 1146880K
  class space    used 13516K, capacity 14533K, committed 14592K, reserved 1048576K
}
Event: 492.932 GC heap after
{Heap after GC invocations=73 (full 0):
 garbage-first heap   total 195584K, used 141609K [0x0000000080000000, 0x0000000100000000)
  region size 1024K, 3 young (3072K), 3 survivors (3072K)
 Metaspace       used 108639K, capacity 111414K, committed 111708K, reserved 1146880K
  class space    used 13516K, capacity 14533K, committed 14592K, reserved 1048576K
}
Event: 493.747 GC heap before
{Heap before GC invocations=73 (full 0):
 garbage-first heap   total 195584K, used 167209K [0x0000000080000000, 0x0000000100000000)
  region size 1024K, 27 young (27648K), 3 survivors (3072K)
 Metaspace       used 111534K, capacity 114438K, committed 114652K, reserved 1148928K
  class space    used 13903K, capacity 14953K, committed 14976K, reserved 1048576K
}
Event: 493.753 GC heap after
{Heap after GC invocations=74 (full 0):
 garbage-first heap   total 195584K, used 146136K [0x0000000080000000, 0x0000000100000000)
  region size 1024K, 4 young (4096K), 4 survivors (4096K)
 Metaspace       used 111534K, capacity 114438K, committed 114652K, reserved 1148928K
  class space    used 13903K, capacity 14953K, committed 14976K, reserved 1048576K
}
Event: 494.296 GC heap before
{Heap before GC invocations=74 (full 0):
 garbage-first heap   total 195584K, used 167640K [0x0000000080000000, 0x0000000100000000)
  region size 1024K, 25 young (25600K), 4 survivors (4096K)
 Metaspace       used 117528K, capacity 120713K, committed 120924K, reserved 1155072K
  class space    used 14877K, capacity 16070K, committed 16128K, reserved 1048576K
}
Event: 494.305 GC heap after
{Heap after GC invocations=75 (full 0):
 garbage-first heap   total 195584K, used 147131K [0x0000000080000000, 0x0000000100000000)
  region size 1024K, 1 young (1024K), 1 survivors (1024K)
 Metaspace       used 117528K, capacity 120713K, committed 120924K, reserved 1155072K
  class space    used 14877K, capacity 16070K, committed 16128K, reserved 1048576K
}
Event: 494.813 GC heap before
{Heap before GC invocations=75 (full 0):
 garbage-first heap   total 195584K, used 167611K [0x0000000080000000, 0x0000000100000000)
  region size 1024K, 22 young (22528K), 1 survivors (1024K)
 Metaspace       used 120437K, capacity 123827K, committed 123868K, reserved 1157120K
  class space    used 15446K, capacity 16727K, committed 16768K, reserved 1048576K
}
Event: 494.818 GC heap after
{Heap after GC invocations=76 (full 0):
 garbage-first heap   total 195584K, used 147877K [0x0000000080000000, 0x0000000100000000)
  region size 1024K, 2 young (2048K), 2 survivors (2048K)
 Metaspace       used 120437K, capacity 123827K, committed 123868K, reserved 1157120K
  class space    used 15446K, capacity 16727K, committed 16768K, reserved 1048576K
}
Event: 494.962 GC heap before
{Heap before GC invocations=76 (full 0):
 garbage-first heap   total 195584K, used 163237K [0x0000000080000000, 0x0000000100000000)
  region size 1024K, 12 young (12288K), 2 survivors (2048K)
 Metaspace       used 120441K, capacity 123828K, committed 124124K, reserved 1157120K
  class space    used 15446K, capacity 16727K, committed 16768K, reserved 1048576K
}
Event: 494.967 GC heap after
{Heap after GC invocations=77 (full 0):
 garbage-first heap   total 195584K, used 154443K [0x0000000080000000, 0x0000000100000000)
  region size 1024K, 2 young (2048K), 2 survivors (2048K)
 Metaspace       used 120441K, capacity 123828K, committed 124124K, reserved 1157120K
  class space    used 15446K, capacity 16727K, committed 16768K, reserved 1048576K
}
Event: 757.113 GC heap before
{Heap before GC invocations=78 (full 0):
 garbage-first heap   total 195584K, used 171851K [0x0000000080000000, 0x0000000100000000)
  region size 1024K, 16 young (16384K), 2 survivors (2048K)
 Metaspace       used 120576K, capacity 123955K, committed 124124K, reserved 1157120K
  class space    used 15445K, capacity 16724K, committed 16768K, reserved 1048576K
}
Event: 757.119 GC heap after
{Heap after GC invocations=79 (full 0):
 garbage-first heap   total 195584K, used 142686K [0x0000000080000000, 0x0000000100000000)
  region size 1024K, 2 young (2048K), 2 survivors (2048K)
 Metaspace       used 120576K, capacity 123955K, committed 124124K, reserved 1157120K
  class space    used 15445K, capacity 16724K, committed 16768K, reserved 1048576K
}
Event: 757.353 GC heap before
{Heap before GC invocations=79 (full 0):
 garbage-first heap   total 195584K, used 149854K [0x0000000080000000, 0x0000000100000000)
  region size 1024K, 9 young (9216K), 2 survivors (2048K)
 Metaspace       used 120583K, capacity 123955K, committed 124124K, reserved 1157120K
  class space    used 15445K, capacity 16724K, committed 16768K, reserved 1048576K
}
Event: 757.372 GC heap after
{Heap after GC invocations=80 (full 0):
 garbage-first heap   total 195584K, used 125372K [0x0000000080000000, 0x0000000100000000)
  region size 1024K, 2 young (2048K), 2 survivors (2048K)
 Metaspace       used 120583K, capacity 123955K, committed 124124K, reserved 1157120K
  class space    used 15445K, capacity 16724K, committed 16768K, reserved 1048576K
}
Event: 757.465 GC heap before
{Heap before GC invocations=80 (full 0):
 garbage-first heap   total 195584K, used 131516K [0x0000000080000000, 0x0000000100000000)
  region size 1024K, 9 young (9216K), 2 survivors (2048K)
 Metaspace       used 120583K, capacity 123955K, committed 124124K, reserved 1157120K
  class space    used 15445K, capacity 16724K, committed 16768K, reserved 1048576K
}
Event: 757.496 GC heap after
{Heap after GC invocations=81 (full 0):
 garbage-first heap   total 195584K, used 119884K [0x0000000080000000, 0x0000000100000000)
  region size 1024K, 1 young (1024K), 1 survivors (1024K)
 Metaspace       used 120583K, capacity 123955K, committed 124124K, reserved 1157120K
  class space    used 15445K, capacity 16724K, committed 16768K, reserved 1048576K
}
Event: 758.125 GC heap before
{Heap before GC invocations=81 (full 0):
 garbage-first heap   total 195584K, used 140364K [0x0000000080000000, 0x0000000100000000)
  region size 1024K, 23 young (23552K), 1 survivors (1024K)
 Metaspace       used 120633K, capacity 124022K, committed 124124K, reserved 1157120K
  class space    used 15445K, capacity 16724K, committed 16768K, reserved 1048576K
}
Event: 758.147 GC heap after
{Heap after GC invocations=82 (full 0):
 garbage-first heap   total 195584K, used 123403K [0x0000000080000000, 0x0000000100000000)
  region size 1024K, 4 young (4096K), 4 survivors (4096K)
 Metaspace       used 120633K, capacity 124022K, committed 124124K, reserved 1157120K
  class space    used 15445K, capacity 16724K, committed 16768K, reserved 1048576K
}

Deoptimization events (20 events):
Event: 508.142 Thread 0x0000023f2a7dd800 DEOPT PACKING pc=0x0000023f19bea020 sp=0x000000bc5a7fe4c0
Event: 508.142 Thread 0x0000023f2a7dd800 DEOPT UNPACKING pc=0x0000023f1200662f sp=0x000000bc5a7fe448 mode 2
Event: 508.142 Thread 0x0000023f2a7dd800 Uncommon trap: trap_request=0xffffffde fr.pc=0x0000023f19bea020 relative=0x0000000000000100
Event: 508.142 Thread 0x0000023f2a7dd800 Uncommon trap: reason=class_check action=maybe_recompile pc=0x0000023f19bea020 method=jdk.internal.misc.Unsafe.allocateUninitializedArray(Ljava/lang/Class;I)Ljava/lang/Object; @ 48 c2
Event: 508.142 Thread 0x0000023f2a7dd800 DEOPT PACKING pc=0x0000023f19bea020 sp=0x000000bc5a7fe4c0
Event: 508.142 Thread 0x0000023f2a7dd800 DEOPT UNPACKING pc=0x0000023f1200662f sp=0x000000bc5a7fe448 mode 2
Event: 508.537 Thread 0x0000023f2c6d3000 Uncommon trap: trap_request=0xffffffde fr.pc=0x0000023f19ea00d4 relative=0x00000000000001f4
Event: 508.537 Thread 0x0000023f2c6d3000 Uncommon trap: reason=class_check action=maybe_recompile pc=0x0000023f19ea00d4 method=java.lang.ThreadLocal.setInitialValue()Ljava/lang/Object; @ 31 c2
Event: 508.537 Thread 0x0000023f2c6d3000 DEOPT PACKING pc=0x0000023f19ea00d4 sp=0x000000bc5f2fe400
Event: 508.537 Thread 0x0000023f2c6d3000 DEOPT UNPACKING pc=0x0000023f1200662f sp=0x000000bc5f2fe320 mode 2
Event: 629.226 Thread 0x0000023f2c6c9000 Uncommon trap: trap_request=0xffffff4d fr.pc=0x0000023f1a2e32a0 relative=0x0000000000000420
Event: 629.226 Thread 0x0000023f2c6c9000 Uncommon trap: reason=unstable_if action=reinterpret pc=0x0000023f1a2e32a0 method=java.util.concurrent.FutureTask.run()V @ 4 c2
Event: 629.226 Thread 0x0000023f2c6c9000 DEOPT PACKING pc=0x0000023f1a2e32a0 sp=0x000000bc5ecff300
Event: 629.226 Thread 0x0000023f2c6c9000 DEOPT UNPACKING pc=0x0000023f1200662f sp=0x000000bc5ecff298 mode 2
Event: 757.075 Thread 0x0000023f29cee000 Uncommon trap: trap_request=0xffffffde fr.pc=0x0000023f1a153758 relative=0x00000000000016b8
Event: 757.075 Thread 0x0000023f29cee000 Uncommon trap: reason=class_check action=maybe_recompile pc=0x0000023f1a153758 method=org.gradle.cache.internal.LockOnDemandCrossProcessCacheAccess.incrementLockCount()V @ 97 c2
Event: 757.075 Thread 0x0000023f29cee000 DEOPT PACKING pc=0x0000023f1a153758 sp=0x000000bc5a9f79c0
Event: 757.075 Thread 0x0000023f29cee000 DEOPT UNPACKING pc=0x0000023f1200662f sp=0x000000bc5a9f79c0 mode 2
Event: 757.648 Thread 0x0000023f29cee000 DEOPT PACKING pc=0x0000023f130abbdf sp=0x000000bc5a9f8020
Event: 757.648 Thread 0x0000023f29cee000 DEOPT UNPACKING pc=0x0000023f12006dde sp=0x000000bc5a9f74a8 mode 0

Classes redefined (0 events):
No events

Internal exceptions (20 events):
Event: 494.344 Thread 0x0000023f2a279000 Exception <a 'java/lang/NoSuchMethodError'{0x000000008bc74af8}: 'java.lang.Object java.lang.invoke.DirectMethodHandle$Holder.invokeStatic(java.lang.Object, java.lang.Object, java.lang.Object, java.lang.Object, int, java.lang.Object, java.lang.Object)'> (0x000000008bc74af8) thrown at [./src/hotspot/share/interpreter/linkResolver.cpp, line 773]
Event: 494.344 Thread 0x0000023f2a279000 Exception <a 'java/lang/NoSuchMethodError'{0x000000008bc787a0}: 'java.lang.Object java.lang.invoke.Invokers$Holder.linkToTargetMethod(java.lang.Object, java.lang.Object, java.lang.Object, int, java.lang.Object, java.lang.Object, java.lang.Object)'> (0x000000008bc787a0) thrown at [./src/hotspot/share/interpreter/linkResolver.cpp, line 773]
Event: 494.362 Thread 0x0000023f2a279000 Exception <a 'java/lang/NoSuchMethodError'{0x000000008bb2f770}: 'void java.lang.invoke.DirectMethodHandle$Holder.invokeStatic(java.lang.Object, java.lang.Object, java.lang.Object, java.lang.Object, java.lang.Object, java.lang.Object, java.lang.Object, java.lang.Object)'> (0x000000008bb2f770) thrown at [./src/hotspot/share/interpreter/linkResolver.cpp, line 773]
Event: 494.413 Thread 0x0000023f2a279000 Exception <a 'java/lang/IncompatibleClassChangeError'{0x000000008b923718}: Found class java.lang.Object, but interface was expected> (0x000000008b923718) thrown at [./src/hotspot/share/interpreter/linkResolver.cpp, line 839]
Event: 494.432 Thread 0x0000023f2a279000 Exception <a 'java/lang/NoSuchMethodError'{0x000000008b80f0f0}: 'void java.lang.invoke.DirectMethodHandle$Holder.invokeVirtual(java.lang.Object, java.lang.Object, int)'> (0x000000008b80f0f0) thrown at [./src/hotspot/share/interpreter/linkResolver.cpp, line 773]
Event: 494.448 Thread 0x0000023f2a279000 Exception <a 'sun/nio/fs/WindowsException'{0x000000008b891ec8}> (0x000000008b891ec8) thrown at [./src/hotspot/share/prims/jni.cpp, line 615]
Event: 494.558 Thread 0x0000023f2a276800 Exception <a 'sun/nio/fs/WindowsException'{0x000000008b4371b0}> (0x000000008b4371b0) thrown at [./src/hotspot/share/prims/jni.cpp, line 615]
Event: 494.717 Thread 0x0000023f2a276800 Exception <a 'sun/nio/fs/WindowsException'{0x000000008afd9d30}> (0x000000008afd9d30) thrown at [./src/hotspot/share/prims/jni.cpp, line 615]
Event: 495.014 Thread 0x0000023f2a279800 Implicit null exception at 0x0000023f1a3e826d to 0x0000023f1a3e8298
Event: 495.014 Thread 0x0000023f2a279800 Implicit null exception at 0x0000023f19c3976b to 0x0000023f19c3978c
Event: 495.152 Thread 0x0000023f2a27d800 Exception <a 'sun/nio/fs/WindowsException'{0x000000008bdfee40}> (0x000000008bdfee40) thrown at [./src/hotspot/share/prims/jni.cpp, line 615]
Event: 495.153 Thread 0x0000023f29d37800 Exception <a 'sun/nio/fs/WindowsException'{0x000000008bdfb898}> (0x000000008bdfb898) thrown at [./src/hotspot/share/prims/jni.cpp, line 615]
Event: 495.153 Thread 0x0000023f29d37800 Exception <a 'sun/nio/fs/WindowsException'{0x000000008bdfb918}> (0x000000008bdfb918) thrown at [./src/hotspot/share/prims/jni.cpp, line 615]
Event: 495.153 Thread 0x0000023f29d37800 Exception <a 'sun/nio/fs/WindowsException'{0x000000008bc00ce0}> (0x000000008bc00ce0) thrown at [./src/hotspot/share/prims/jni.cpp, line 615]
Event: 757.573 Thread 0x0000023f29cee000 Exception <a 'sun/nio/fs/WindowsException'{0x000000008baa0fc8}> (0x000000008baa0fc8) thrown at [./src/hotspot/share/prims/jni.cpp, line 615]
Event: 757.857 Thread 0x0000023f29cee000 Exception <a 'sun/nio/fs/WindowsException'{0x000000008ad1c450}> (0x000000008ad1c450) thrown at [./src/hotspot/share/prims/jni.cpp, line 615]
Event: 757.871 Thread 0x0000023f29cee000 Exception <a 'sun/nio/fs/WindowsException'{0x000000008adbf270}> (0x000000008adbf270) thrown at [./src/hotspot/share/prims/jni.cpp, line 615]
Event: 757.871 Thread 0x0000023f29cee000 Exception <a 'sun/nio/fs/WindowsException'{0x000000008adc05e8}> (0x000000008adc05e8) thrown at [./src/hotspot/share/prims/jni.cpp, line 615]
Event: 757.871 Thread 0x0000023f29cee000 Exception <a 'sun/nio/fs/WindowsException'{0x000000008adc19b0}> (0x000000008adc19b0) thrown at [./src/hotspot/share/prims/jni.cpp, line 615]
Event: 757.872 Thread 0x0000023f29cee000 Exception <a 'sun/nio/fs/WindowsException'{0x000000008adc2d78}> (0x000000008adc2d78) thrown at [./src/hotspot/share/prims/jni.cpp, line 615]

Events (20 events):
Event: 757.379 Thread 0x0000023f2c6cf800 Thread added: 0x0000023f2c6cf800
Event: 757.380 Thread 0x0000023f2c6d1000 Thread added: 0x0000023f2c6d1000
Event: 757.380 Thread 0x0000023f2c6d2000 Thread added: 0x0000023f2c6d2000
Event: 757.380 Thread 0x0000023f2c6cd000 Thread added: 0x0000023f2c6cd000
Event: 757.381 Thread 0x0000023f2c6ce000 Thread added: 0x0000023f2c6ce000
Event: 757.399 Thread 0x0000023f2c6ce800 Thread added: 0x0000023f2c6ce800
Event: 757.399 Executing VM operation: RevokeBias
Event: 757.407 Executing VM operation: RevokeBias done
Event: 757.408 Thread 0x0000023f29d36000 Thread added: 0x0000023f29d36000
Event: 757.408 Thread 0x0000023f29d33800 Thread added: 0x0000023f29d33800
Event: 757.409 Thread 0x0000023f29d30800 Thread added: 0x0000023f29d30800
Event: 757.409 Thread 0x0000023f29d39800 Thread added: 0x0000023f29d39800
Event: 757.464 Executing VM operation: G1CollectForAllocation
Event: 757.496 Executing VM operation: G1CollectForAllocation done
Event: 757.723 Executing VM operation: ICBufferFull
Event: 757.723 Executing VM operation: ICBufferFull done
Event: 758.053 Executing VM operation: BulkRevokeBias
Event: 758.055 Executing VM operation: BulkRevokeBias done
Event: 758.125 Executing VM operation: G1CollectForAllocation
Event: 758.147 Executing VM operation: G1CollectForAllocation done


Dynamic libraries:
0x00007ff686470000 - 0x00007ff68647a000 	C:\Program Files\Android\Android Studio2\jre\bin\java.exe
0x00007ffc72050000 - 0x00007ffc72245000 	C:\WINDOWS\SYSTEM32\ntdll.dll
0x00007ffc70d50000 - 0x00007ffc70e0e000 	C:\WINDOWS\System32\KERNEL32.DLL
0x00007ffc6f760000 - 0x00007ffc6fa28000 	C:\WINDOWS\System32\KERNELBASE.dll
0x00007ffc6ff90000 - 0x00007ffc70090000 	C:\WINDOWS\System32\ucrtbase.dll
0x00007ffc56b00000 - 0x00007ffc56b19000 	C:\Program Files\Android\Android Studio2\jre\bin\jli.dll
0x00007ffc48560000 - 0x00007ffc48577000 	C:\Program Files\Android\Android Studio2\jre\bin\VCRUNTIME140.dll
0x00007ffc70e20000 - 0x00007ffc70fc1000 	C:\WINDOWS\System32\USER32.dll
0x00007ffc6ff60000 - 0x00007ffc6ff82000 	C:\WINDOWS\System32\win32u.dll
0x00007ffc6ee10000 - 0x00007ffc6f0aa000 	C:\WINDOWS\WinSxS\amd64_microsoft.windows.common-controls_6595b64144ccf1df_6.0.19041.1110_none_60b5254171f9507e\COMCTL32.dll
0x00007ffc70d20000 - 0x00007ffc70d4b000 	C:\WINDOWS\System32\GDI32.dll
0x00007ffc704f0000 - 0x00007ffc7058e000 	C:\WINDOWS\System32\msvcrt.dll
0x00007ffc6fa30000 - 0x00007ffc6fb3d000 	C:\WINDOWS\System32\gdi32full.dll
0x00007ffc6fd80000 - 0x00007ffc6fe1d000 	C:\WINDOWS\System32\msvcp_win.dll
0x00007ffc70ce0000 - 0x00007ffc70d10000 	C:\WINDOWS\System32\IMM32.DLL
0x00007ffc47660000 - 0x00007ffc476fd000 	C:\Program Files\Android\Android Studio2\jre\bin\msvcp140.dll
0x00007ffc0f040000 - 0x00007ffc0fb15000 	C:\Program Files\Android\Android Studio2\jre\bin\server\jvm.dll
0x00007ffc703d0000 - 0x00007ffc7047e000 	C:\WINDOWS\System32\ADVAPI32.dll
0x00007ffc71db0000 - 0x00007ffc71e4c000 	C:\WINDOWS\System32\sechost.dll
0x00007ffc71340000 - 0x00007ffc71465000 	C:\WINDOWS\System32\RPCRT4.dll
0x00007ffc70e10000 - 0x00007ffc70e18000 	C:\WINDOWS\System32\PSAPI.DLL
0x00007ffc4f540000 - 0x00007ffc4f567000 	C:\WINDOWS\SYSTEM32\WINMM.dll
0x00007ffc6c9c0000 - 0x00007ffc6c9c9000 	C:\WINDOWS\SYSTEM32\WSOCK32.dll
0x00007ffc70480000 - 0x00007ffc704eb000 	C:\WINDOWS\System32\WS2_32.dll
0x00007ffc61240000 - 0x00007ffc6124a000 	C:\WINDOWS\SYSTEM32\VERSION.dll
0x00007ffc6d9b0000 - 0x00007ffc6d9c2000 	C:\WINDOWS\SYSTEM32\kernel.appcore.dll
0x00007ffc69440000 - 0x00007ffc69451000 	C:\Program Files\Android\Android Studio2\jre\bin\verify.dll
0x00007ffc6f180000 - 0x00007ffc6f364000 	C:\WINDOWS\SYSTEM32\DBGHELP.DLL
0x00007ffc6f0d0000 - 0x00007ffc6f0fc000 	C:\WINDOWS\SYSTEM32\dbgcore.DLL
0x00007ffc6fe20000 - 0x00007ffc6fea2000 	C:\WINDOWS\System32\bcryptPrimitives.dll
0x00007ffc58d60000 - 0x00007ffc58d89000 	C:\Program Files\Android\Android Studio2\jre\bin\java.dll
0x00007ffc6c990000 - 0x00007ffc6c99b000 	C:\Program Files\Android\Android Studio2\jre\bin\jimage.dll
0x00007ffc678e0000 - 0x00007ffc678f8000 	C:\Program Files\Android\Android Studio2\jre\bin\zip.dll
0x00007ffc70590000 - 0x00007ffc70cd4000 	C:\WINDOWS\System32\SHELL32.dll
0x00007ffc6d140000 - 0x00007ffc6d8d5000 	C:\WINDOWS\SYSTEM32\windows.storage.dll
0x00007ffc70fd0000 - 0x00007ffc71325000 	C:\WINDOWS\System32\combase.dll
0x00007ffc6ea40000 - 0x00007ffc6ea6e000 	C:\WINDOWS\SYSTEM32\Wldp.dll
0x00007ffc71f60000 - 0x00007ffc7200d000 	C:\WINDOWS\System32\SHCORE.dll
0x00007ffc70370000 - 0x00007ffc703c5000 	C:\WINDOWS\System32\shlwapi.dll
0x00007ffc6f6a0000 - 0x00007ffc6f6bf000 	C:\WINDOWS\SYSTEM32\profapi.dll
0x00007ffc59660000 - 0x00007ffc5967a000 	C:\Program Files\Android\Android Studio2\jre\bin\net.dll
0x00007ffc62450000 - 0x00007ffc6255c000 	C:\WINDOWS\SYSTEM32\WINHTTP.dll
0x00007ffc6e7c0000 - 0x00007ffc6e82a000 	C:\WINDOWS\system32\mswsock.dll
0x00007ffc58b80000 - 0x00007ffc58b94000 	C:\Program Files\Android\Android Studio2\jre\bin\nio.dll
0x00007ffc57750000 - 0x00007ffc57777000 	C:\Users\bruno\.gradle\native\e1d6ef7f7dcc3fd88c89a11ec53ec762bb8ba0a96d01ffa2cd45eb1d1d8dd5c5\windows-amd64\native-platform.dll
0x00007ffc10a10000 - 0x00007ffc10b54000 	C:\Users\bruno\.gradle\native\5664cfc778a61ccfe75a443a1ab52a65af34e5dc3c78e0209fed803814484fcb\windows-amd64\native-platform-file-events.dll
0x00007ffc6a500000 - 0x00007ffc6a50a000 	C:\Program Files\Android\Android Studio2\jre\bin\management.dll
0x00007ffc69ef0000 - 0x00007ffc69efd000 	C:\Program Files\Android\Android Studio2\jre\bin\management_ext.dll
0x00007ffc6f4e0000 - 0x00007ffc6f4f8000 	C:\WINDOWS\SYSTEM32\CRYPTSP.dll
0x00007ffc6e160000 - 0x00007ffc6e194000 	C:\WINDOWS\system32\rsaenh.dll
0x00007ffc6fd00000 - 0x00007ffc6fd27000 	C:\WINDOWS\System32\bcrypt.dll
0x00007ffc6f660000 - 0x00007ffc6f68e000 	C:\WINDOWS\SYSTEM32\USERENV.dll
0x00007ffc6e9b0000 - 0x00007ffc6e9bc000 	C:\WINDOWS\SYSTEM32\CRYPTBASE.dll
0x00007ffc6e4b0000 - 0x00007ffc6e4eb000 	C:\WINDOWS\SYSTEM32\IPHLPAPI.DLL
0x00007ffc70d10000 - 0x00007ffc70d18000 	C:\WINDOWS\System32\NSI.dll
0x00007ffc68b20000 - 0x00007ffc68b37000 	C:\WINDOWS\SYSTEM32\dhcpcsvc6.DLL
0x00007ffc688a0000 - 0x00007ffc688bd000 	C:\WINDOWS\SYSTEM32\dhcpcsvc.DLL
0x00007ffc6e4f0000 - 0x00007ffc6e5bb000 	C:\WINDOWS\SYSTEM32\DNSAPI.dll
0x00007ffc58010000 - 0x00007ffc58037000 	C:\Program Files\Android\Android Studio2\jre\bin\sunec.dll
0x00007ffc57ae0000 - 0x00007ffc57afe000 	C:\Users\bruno\AppData\Local\Temp\native-platform2856212392858289448dir\native-platform.dll
0x00007ffc677d0000 - 0x00007ffc677d8000 	C:\Program Files\Android\Android Studio2\jre\bin\rmi.dll
0x00007ffc6f4a0000 - 0x00007ffc6f4d3000 	C:\WINDOWS\SYSTEM32\ntmarta.dll

dbghelp: loaded successfully - version: 4.0.5 - missing functions: none
symbol engine: initialized successfully - sym options: 0x614 - pdb path: .;C:\Program Files\Android\Android Studio2\jre\bin;C:\WINDOWS\SYSTEM32;C:\WINDOWS\WinSxS\amd64_microsoft.windows.common-controls_6595b64144ccf1df_6.0.19041.1110_none_60b5254171f9507e;C:\Program Files\Android\Android Studio2\jre\bin\server;C:\Users\bruno\.gradle\native\e1d6ef7f7dcc3fd88c89a11ec53ec762bb8ba0a96d01ffa2cd45eb1d1d8dd5c5\windows-amd64;C:\Users\bruno\.gradle\native\5664cfc778a61ccfe75a443a1ab52a65af34e5dc3c78e0209fed803814484fcb\windows-amd64;C:\Users\bruno\AppData\Local\Temp\native-platform2856212392858289448dir

VM Arguments:
jvm_args: --add-opens=java.base/java.util=ALL-UNNAMED --add-opens=java.base/java.lang=ALL-UNNAMED --add-opens=java.base/java.lang.invoke=ALL-UNNAMED --add-opens=java.base/java.util=ALL-UNNAMED --add-opens=java.prefs/java.util.prefs=ALL-UNNAMED --add-opens=java.prefs/java.util.prefs=ALL-UNNAMED --add-opens=java.base/java.nio.charset=ALL-UNNAMED --add-opens=java.base/java.net=ALL-UNNAMED --add-opens=java.base/java.util.concurrent.atomic=ALL-UNNAMED -Xmx2048m -Dfile.encoding=UTF-8 -Duser.country=BR -Duser.language=pt -Duser.variant 
java_command: org.gradle.launcher.daemon.bootstrap.GradleDaemon 7.2
java_class_path (initial): C:\Users\bruno\.gradle\wrapper\dists\gradle-7.2-bin\2dnblmf4td7x66yl1d74lt32g\gradle-7.2\lib\gradle-launcher-7.2.jar
Launcher Type: SUN_STANDARD

[Global flags]
     intx CICompilerCount                          = 3                                         {product} {ergonomic}
     uint ConcGCThreads                            = 1                                         {product} {ergonomic}
     uint G1ConcRefinementThreads                  = 4                                         {product} {ergonomic}
   size_t G1HeapRegionSize                         = 1048576                                   {product} {ergonomic}
    uintx GCDrainStackTargetSize                   = 64                                        {product} {ergonomic}
   size_t InitialHeapSize                          = 132120576                                 {product} {ergonomic}
   size_t MarkStackSize                            = 4194304                                   {product} {ergonomic}
   size_t MaxHeapSize                              = 2147483648                                {product} {command line}
   size_t MaxNewSize                               = 1287651328                                {product} {ergonomic}
   size_t MinHeapDeltaBytes                        = 1048576                                   {product} {ergonomic}
    uintx NonNMethodCodeHeapSize                   = 5830732                                {pd product} {ergonomic}
    uintx NonProfiledCodeHeapSize                  = 122913754                              {pd product} {ergonomic}
    uintx ProfiledCodeHeapSize                     = 122913754                              {pd product} {ergonomic}
    uintx ReservedCodeCacheSize                    = 251658240                              {pd product} {ergonomic}
     bool SegmentedCodeCache                       = true                                      {product} {ergonomic}
     bool UseCompressedClassPointers               = true                                 {lp64_product} {ergonomic}
     bool UseCompressedOops                        = true                                 {lp64_product} {ergonomic}
     bool UseG1GC                                  = true                                      {product} {ergonomic}
     bool UseLargePagesIndividualAllocation        = false                                  {pd product} {ergonomic}

Logging:
Log output configuration:
 #0: stdout all=warning uptime,level,tags
 #1: stderr all=off uptime,level,tags

Environment Variables:
PATH=C:\WINDOWS\system32;C:\WINDOWS;C:\WINDOWS\System32\Wbem;C:\WINDOWS\System32\WindowsPowerShell\v1.0\;C:\WINDOWS\System32\OpenSSH\;C:\Program Files\Git\cmd;C:\Users\bruno\AppData\Local\Microsoft\WindowsApps;C:\Users\bruno\Desktop\flutter\bin;C:\Users\bruno\AppData\Local\Programs\Microsoft VS Code\bin;C:\development\flutter\bin;C:\development\dart-sdk\bin
USERNAME=bruno
OS=Windows_NT
PROCESSOR_IDENTIFIER=Intel64 Family 6 Model 60 Stepping 3, GenuineIntel



---------------  S Y S T E M  ---------------

OS: Windows 10 , 64 bit Build 19041 (10.0.19041.1466)
OS uptime: 0 days 1:26 hours

CPU:total 4 (initial active 4) (4 cores per cpu, 1 threads per core) family 6 model 60 stepping 3 microcode 0x27, cmov, cx8, fxsr, mmx, sse, sse2, sse3, ssse3, sse4.1, sse4.2, popcnt, avx, avx2, aes, clmul, erms, lzcnt, tsc, tscinvbit, bmi1, bmi2, fma

Memory: 4k page, system-wide physical 8063M (387M free)
TotalPageFile size 13695M (AvailPageFile size 2666M)
current process WorkingSet (physical memory assigned to process): 454M, peak: 470M
current process commit charge ("private bytes"): 556M, peak: 573M

vm_info: OpenJDK 64-Bit Server VM (11.0.11+9-b60-7590822) for windows-amd64 JRE (11.0.11+9-b60-7590822), built on Jul 29 2021 21:43:44 by "builder" with MS VC++ 14.0 (VS2015)

END.
