#
# A fatal error has been detected by the Java Runtime Environment:
#
#  EXCEPTION_ACCESS_VIOLATION (0xc0000005) at pc=0x00007fff850fd266, pid=2592, tid=10044
#
# JRE version: OpenJDK Runtime Environment (11.0.11+9) (build 11.0.11+9-b60-7590822)
# Java VM: OpenJDK 64-Bit Server VM (11.0.11+9-b60-7590822, mixed mode, tiered, compressed oops, g1 gc, windows-amd64)
# Problematic frame:
# V  [jvm.dll+0x18d266]
#
# No core dump will be written. Minidumps are not enabled by default on client versions of Windows
#
# If you would like to submit a bug report, please visit:
#   https://bugreport.java.com/bugreport/crash.jsp
#

---------------  S U M M A R Y ------------

Command Line: --add-opens=java.base/java.util=ALL-UNNAMED --add-opens=java.base/java.lang=ALL-UNNAMED --add-opens=java.base/java.lang.invoke=ALL-UNNAMED --add-opens=java.base/java.util=ALL-UNNAMED --add-opens=java.prefs/java.util.prefs=ALL-UNNAMED --add-opens=java.prefs/java.util.prefs=ALL-UNNAMED --add-opens=java.base/java.nio.charset=ALL-UNNAMED --add-opens=java.base/java.net=ALL-UNNAMED --add-opens=java.base/java.util.concurrent.atomic=ALL-UNNAMED -Xmx2048m -Dfile.encoding=UTF-8 -Duser.country=BR -Duser.language=pt -Duser.variant org.gradle.launcher.daemon.bootstrap.GradleDaemon 7.2

Host: Intel(R) Core(TM) i5-4440 CPU @ 3.10GHz, 4 cores, 7G,  Windows 10 , 64 bit Build 19041 (10.0.19041.1466)
Time: Wed Apr 13 09:32:04 2022 Hora oficial do Brasil elapsed time: 941.012472 seconds (0d 0h 15m 41s)

---------------  T H R E A D  ---------------

Current thread (0x00000295c5e69000):  ConcurrentGCThread "G1 Conc#0" [stack: 0x000000d172000000,0x000000d172100000] [id=10044]

Stack: [0x000000d172000000,0x000000d172100000],  sp=0x000000d1720ff7a8,  free space=1021k
Native frames: (J=compiled Java code, j=interpreted, Vv=VM code, C=native code)
V  [jvm.dll+0x18d266]


siginfo: EXCEPTION_ACCESS_VIOLATION (0xc0000005), reading address 0x0000000000000008


Register to memory mapping:

RIP=0x00007fff850fd266 jvm.dll
RAX=0x4001200040012001 is an unknown value
RBX=0x00000000813e66c0 is pointing into object: java.lang.Class 
{0x00000000813e6680} - klass: 'java/lang/Class'
RCX=0x00000000813e66c0 is pointing into object: java.lang.Class 
{0x00000000813e6680} - klass: 'java/lang/Class'
RDX=0x00000000813e66c0 is pointing into object: java.lang.Class 
{0x00000000813e6680} - klass: 'java/lang/Class'
RSP=0x000000d1720ff7a8 points into unknown readable memory: 0x00007fff8524b2fa | fa b2 24 85 ff 7f 00 00
RBP=0x00000295c5e5e240 points into unknown readable memory: 0x00000295c5e67000 | 00 70 e6 c5 95 02 00 00
RSI=0x0000000000000001 is an unknown value
RDI=0x0 is NULL
R8 =0x4001200040012040 is an unknown value
R9 =0x0 is NULL
R10=0x00000295c5e5e240 points into unknown readable memory: 0x00000295c5e67000 | 00 70 e6 c5 95 02 00 00
R11=0x00000295dd310000 points into unknown readable memory: 0x2222221122448891 | 91 88 44 22 11 22 22 22
R12=0x000000000000000c is an unknown value
R13=0xaaaaaaaaaaaaaaab is an unknown value
R14=0x0 is NULL
R15=0x00000000894ee448 is an oop: org.gradle.internal.file.impl.DefaultFileMetadata 
{0x00000000894ee448} - klass: 'org/gradle/internal/file/impl/DefaultFileMetadata'


Registers:
RAX=0x4001200040012001, RBX=0x00000000813e66c0, RCX=0x00000000813e66c0, RDX=0x00000000813e66c0
RSP=0x000000d1720ff7a8, RBP=0x00000295c5e5e240, RSI=0x0000000000000001, RDI=0x0000000000000000
R8 =0x4001200040012040, R9 =0x0000000000000000, R10=0x00000295c5e5e240, R11=0x00000295dd310000
R12=0x000000000000000c, R13=0xaaaaaaaaaaaaaaab, R14=0x0000000000000000, R15=0x00000000894ee448
RIP=0x00007fff850fd266, EFLAGS=0x0000000000010246

Top of Stack: (sp=0x000000d1720ff7a8)
0x000000d1720ff7a8:   00007fff8524b2fa 00000000813e66c0
0x000000d1720ff7b8:   00000001004f1bd8 00000295c5e6ad40
0x000000d1720ff7c8:   000000d1720ff9b8 00000001004f1be8
0x000000d1720ff7d8:   00007fff8524b1a6 00000001004f1bd8
0x000000d1720ff7e8:   00000000813e66c0 00000295c5e6ad40
0x000000d1720ff7f8:   000000d1720ff9b8 0000000000000000
0x000000d1720ff808:   000000d1720ff9b8 00000000894ee458
0x000000d1720ff818:   00007fff8524303d 0000000000000005
0x000000d1720ff828:   00000000894ee454 0000000000000005
0x000000d1720ff838:   000000d1720ff9b8 000000d1720ff990
0x000000d1720ff848:   00000295c5e69701 00000001004f1980
0x000000d1720ff858:   00007fff852428f1 0000000000000005
0x000000d1720ff868:   000000d1720ff9b8 00000000894ee448
0x000000d1720ff878:   0000000100028b98 00000000894ee448
0x000000d1720ff888:   00007fff85250cdf 00000295c5e6ad40
0x000000d1720ff898:   00000000012a0000 000000d1720ff990 

Instructions: (pc=0x00007fff850fd266)
0x00007fff850fd166:   82 00 48 d3 e0 48 03 05 1e 6b 82 00 eb 04 48 8b
0x00007fff850fd176:   43 08 81 78 08 00 00 00 c0 73 7d 48 8b 4f 38 48
0x00007fff850fd186:   8b d3 48 8b 01 ff 50 20 84 c0 75 6c 38 05 e0 f6
0x00007fff850fd196:   86 00 74 15 8b 53 08 8b 0d f5 6a 82 00 48 d3 e2
0x00007fff850fd1a6:   48 03 15 e3 6a 82 00 eb 04 48 8b 53 08 48 8b cb
0x00007fff850fd1b6:   48 89 5c 24 20 e8 a0 00 00 00 80 7f 30 00 48 63
0x00007fff850fd1c6:   c8 48 89 4c 24 28 0f 28 44 24 20 74 17 0f 11 86
0x00007fff850fd1d6:   98 03 00 00 48 8b 5c 24 40 48 8b 74 24 48 48 83
0x00007fff850fd1e6:   c4 30 5f c3 48 8b 07 48 8d 54 24 20 48 8b cf 66
0x00007fff850fd1f6:   0f 7f 44 24 20 ff 50 38 48 8b 5c 24 40 48 8b 74
0x00007fff850fd206:   24 48 48 83 c4 30 5f c3 cc cc 48 8b 49 38 48 8b
0x00007fff850fd216:   01 48 ff 60 28 cc cc cc cc cc 80 3d 51 f6 86 00
0x00007fff850fd226:   00 48 8b c1 74 1b 8b 51 08 8b 0d 63 6a 82 00 48
0x00007fff850fd236:   d3 e2 48 8b c8 48 03 15 4e 6a 82 00 e9 19 00 00
0x00007fff850fd246:   00 48 8b 51 08 48 8b c8 e9 0d 00 00 00 cc cc cc
0x00007fff850fd256:   cc cc cc cc cc cc cc cc cc cc 4c 8b ca 48 8b d1
0x00007fff850fd266:   45 8b 41 08 45 85 c0 7e 0e 41 f6 c0 01 75 59 41
0x00007fff850fd276:   c1 f8 03 41 8b c0 c3 79 4f 80 3d f2 f5 86 00 00
0x00007fff850fd286:   b8 0c 00 00 00 b9 10 00 00 00 0f 45 c8 8b 05 2b
0x00007fff850fd296:   b4 80 00 ff c8 4c 63 c8 48 63 c1 41 8b c8 83 e1
0x00007fff850fd2a6:   3f 48 63 14 10 41 8b c0 48 c1 f8 10 0f b6 c0 48
0x00007fff850fd2b6:   d3 e2 49 8d 0c 11 49 f7 d1 48 03 c1 49 c1 e9 03
0x00007fff850fd2c6:   48 c1 e8 03 41 23 c1 c3 49 8b 01 49 8b c9 48 ff
0x00007fff850fd2d6:   a0 10 01 00 00 cc cc cc cc cc 48 83 ec 38 0f 10
0x00007fff850fd2e6:   02 48 8b 49 38 48 8d 54 24 20 0f 29 44 24 20 e8
0x00007fff850fd2f6:   66 f0 ff ff 48 83 c4 38 c3 cc 48 89 5c 24 08 55
0x00007fff850fd306:   56 57 41 54 41 55 41 56 41 57 48 8d 6c 24 e0 48
0x00007fff850fd316:   81 ec 20 01 00 00 48 8b 05 1d ef 83 00 48 33 c4
0x00007fff850fd326:   48 89 45 10 48 8b 05 5f 60 86 00 45 33 ed 4c 8b
0x00007fff850fd336:   b5 80 00 00 00 4c 8b fa 48 8b bd 88 00 00 00 4d
0x00007fff850fd346:   8b c6 49 8b d6 49 8b f1 48 8b 48 38 48 8b 59 48
0x00007fff850fd356:   49 8b cf c7 45 c0 ff ff ff ff 44 89 6d d4 4c 89 


Stack slot to memory mapping:
stack at sp + 0 slots: 0x00007fff8524b2fa jvm.dll
stack at sp + 1 slots: 0x00000000813e66c0 is pointing into object: java.lang.Class 
{0x00000000813e6680} - klass: 'java/lang/Class'
stack at sp + 2 slots: 0x00000001004f1bd8 is pointing into metadata
stack at sp + 3 slots: 0x00000295c5e6ad40 points into unknown readable memory: 0x00007fff85793050 | 50 30 79 85 ff 7f 00 00
stack at sp + 4 slots: 0x000000d1720ff9b8 points into unknown readable memory: 0x00007fff85792fd0 | d0 2f 79 85 ff 7f 00 00
stack at sp + 5 slots: 0x00000001004f1be8 is a pointer to class: 
org.gradle.internal.file.FileType {0x00000001004f1bf0}
stack at sp + 6 slots: 0x00007fff8524b1a6 jvm.dll
stack at sp + 7 slots: 0x00000001004f1bd8 is pointing into metadata


---------------  P R O C E S S  ---------------

Threads class SMR info:
_java_thread_list=0x00000295ec7d1730, length=88, elements={
0x00000295c5e1a800, 0x00000295e195d800, 0x00000295e1961000, 0x00000295e1974800,
0x00000295e1978000, 0x00000295e197a000, 0x00000295e197c800, 0x00000295e232f000,
0x00000295e233c800, 0x00000295e242d800, 0x00000295e2e11800, 0x00000295e2f26800,
0x00000295e41b5800, 0x00000295e4a34000, 0x00000295e4a35000, 0x00000295e4a32800,
0x00000295e4a36000, 0x00000295e4a36800, 0x00000295e60e2800, 0x00000295e60e1800,
0x00000295e60e3800, 0x00000295e60e4000, 0x00000295e60df000, 0x00000295e59b8800,
0x00000295e59b9800, 0x00000295e59ba800, 0x00000295e5c5a000, 0x00000295e5c56800,
0x00000295e5c62000, 0x00000295e5c5c800, 0x00000295e5c5f000, 0x00000295e60e7800,
0x00000295e5fcd000, 0x00000295e5fc8000, 0x00000295e5fc7000, 0x00000295e5fc9000,
0x00000295e5fc6800, 0x00000295e5fc9800, 0x00000295e5fcb800, 0x00000295e5fc5800,
0x00000295e5fce000, 0x00000295e5fce800, 0x00000295e32f3800, 0x00000295e5fcf800,
0x00000295e5fcc000, 0x00000295e5fd0000, 0x00000295e5fca800, 0x00000295e5fd1000,
0x00000295e5fd4800, 0x00000295e5fd2000, 0x00000295e5fd2800, 0x00000295e5fd3800,
0x00000295e59b3000, 0x00000295e59b0800, 0x00000295e59ad000, 0x00000295e59ae000,
0x00000295e59b3800, 0x00000295e59af000, 0x00000295e59af800, 0x00000295e59b4800,
0x00000295e59b6000, 0x00000295e59b1800, 0x00000295e59b7000, 0x00000295e59b8000,
0x00000295e59b2000, 0x00000295e59bb000, 0x00000295e59bc000, 0x00000295e5c58800,
0x00000295e5c59000, 0x00000295e5c57800, 0x00000295e5c5b000, 0x00000295e5c5d000,
0x00000295e5c5e000, 0x00000295e5c5f800, 0x00000295e5c60800, 0x00000295e5c61800,
0x00000295e5c5b800, 0x00000295e5c63000, 0x00000295e5c65800, 0x00000295e5c64000,
0x00000295e5c64800, 0x00000295e60dc000, 0x00000295e60de800, 0x00000295e60e5800,
0x00000295e60e0000, 0x00000295e60e6800, 0x00000295e60e1000, 0x00000295e60e8000
}

Java Threads: ( => current thread )
  0x00000295c5e1a800 JavaThread "main" [_thread_blocked, id=12140, stack(0x000000d171d00000,0x000000d171e00000)]
  0x00000295e195d800 JavaThread "Reference Handler" daemon [_thread_blocked, id=6452, stack(0x000000d172400000,0x000000d172500000)]
  0x00000295e1961000 JavaThread "Finalizer" daemon [_thread_blocked, id=5548, stack(0x000000d172500000,0x000000d172600000)]
  0x00000295e1974800 JavaThread "Signal Dispatcher" daemon [_thread_blocked, id=2508, stack(0x000000d172600000,0x000000d172700000)]
  0x00000295e1978000 JavaThread "Attach Listener" daemon [_thread_blocked, id=9532, stack(0x000000d172700000,0x000000d172800000)]
  0x00000295e197a000 JavaThread "Service Thread" daemon [_thread_blocked, id=4076, stack(0x000000d172800000,0x000000d172900000)]
  0x00000295e197c800 JavaThread "C2 CompilerThread0" daemon [_thread_blocked, id=816, stack(0x000000d172900000,0x000000d172a00000)]
  0x00000295e232f000 JavaThread "C1 CompilerThread0" daemon [_thread_blocked, id=5804, stack(0x000000d172a00000,0x000000d172b00000)]
  0x00000295e233c800 JavaThread "Sweeper thread" daemon [_thread_blocked, id=8252, stack(0x000000d172b00000,0x000000d172c00000)]
  0x00000295e242d800 JavaThread "Common-Cleaner" daemon [_thread_blocked, id=10444, stack(0x000000d172c00000,0x000000d172d00000)]
  0x00000295e2e11800 JavaThread "Daemon health stats" [_thread_blocked, id=9756, stack(0x000000d173100000,0x000000d173200000)]
  0x00000295e2f26800 JavaThread "Incoming local TCP Connector on port 58770" [_thread_in_native, id=8664, stack(0x000000d173000000,0x000000d173100000)]
  0x00000295e41b5800 JavaThread "Daemon periodic checks" [_thread_blocked, id=7508, stack(0x000000d173200000,0x000000d173300000)]
  0x00000295e4a34000 JavaThread "Cache worker for journal cache (C:\Users\bruno\.gradle\caches\journal-1)" [_thread_blocked, id=11532, stack(0x000000d173b00000,0x000000d173c00000)]
  0x00000295e4a35000 JavaThread "File lock request listener" [_thread_in_native, id=756, stack(0x000000d173c00000,0x000000d173d00000)]
  0x00000295e4a32800 JavaThread "Cache worker for file hash cache (C:\Users\bruno\.gradle\caches\7.2\fileHashes)" [_thread_blocked, id=8696, stack(0x000000d173d00000,0x000000d173e00000)]
  0x00000295e4a36000 JavaThread "File watcher server" daemon [_thread_in_native, id=11332, stack(0x000000d173f00000,0x000000d174000000)]
  0x00000295e4a36800 JavaThread "File watcher consumer" daemon [_thread_blocked, id=5256, stack(0x000000d174000000,0x000000d174100000)]
  0x00000295e60e2800 JavaThread "Cache worker for execution history cache (C:\Users\bruno\.gradle\caches\7.2\executionHistory)" [_thread_blocked, id=4824, stack(0x000000d174500000,0x000000d174600000)]
  0x00000295e60e1800 JavaThread "jar transforms" [_thread_blocked, id=6756, stack(0x000000d174600000,0x000000d174700000)]
  0x00000295e60e3800 JavaThread "Cache worker for file content cache (C:\Users\bruno\.gradle\caches\7.2\fileContent)" [_thread_blocked, id=9896, stack(0x000000d174700000,0x000000d174800000)]
  0x00000295e60e4000 JavaThread "jar transforms Thread 2" [_thread_blocked, id=10428, stack(0x000000d174800000,0x000000d174900000)]
  0x00000295e60df000 JavaThread "jar transforms Thread 3" [_thread_blocked, id=6848, stack(0x000000d174a00000,0x000000d174b00000)]
  0x00000295e59b8800 JavaThread "jar transforms Thread 4" [_thread_blocked, id=6156, stack(0x000000d177400000,0x000000d177500000)]
  0x00000295e59b9800 JavaThread "Memory manager" [_thread_blocked, id=7680, stack(0x000000d177500000,0x000000d177600000)]
  0x00000295e59ba800 JavaThread "pool-3-thread-1" [_thread_blocked, id=8720, stack(0x000000d177700000,0x000000d177800000)]
  0x00000295e5c5a000 JavaThread "RMI Scheduler(0)" daemon [_thread_blocked, id=11696, stack(0x000000d171b00000,0x000000d171c00000)]
  0x00000295e5c56800 JavaThread "RMI GC Daemon" daemon [_thread_blocked, id=11772, stack(0x000000d177f00000,0x000000d178000000)]
  0x00000295e5c62000 JavaThread "RMI TCP Accept-0" daemon [_thread_in_native, id=7444, stack(0x000000d178000000,0x000000d178100000)]
  0x00000295e5c5c800 JavaThread "RMI Reaper" [_thread_blocked, id=9028, stack(0x000000d178100000,0x000000d178200000)]
  0x00000295e5c5f000 JavaThread "Cache worker for Java compile cache (C:\Users\bruno\.gradle\caches\7.2\javaCompile)" [_thread_blocked, id=5344, stack(0x000000d171a00000,0x000000d171b00000)]
  0x00000295e60e7800 JavaThread "pool-7-thread-1" [_thread_blocked, id=6220, stack(0x000000d177600000,0x000000d177700000)]
  0x00000295e5fcd000 JavaThread "ForkJoinPool.commonPool-worker-1" daemon [_thread_blocked, id=9540, stack(0x000000d178f00000,0x000000d179000000)]
  0x00000295e5fc8000 JavaThread "RMI TCP Connection(idle)" daemon [_thread_blocked, id=7660, stack(0x000000d171c00000,0x000000d171d00000)]
  0x00000295e5fc7000 JavaThread "Daemon Thread 3" [_thread_blocked, id=5904, stack(0x000000d173300000,0x000000d173400000)]
  0x00000295e5fc9000 JavaThread "Handler for socket connection from /127.0.0.1:58770 to /127.0.0.1:65002" [_thread_in_native, id=6000, stack(0x000000d173400000,0x000000d173500000)]
  0x00000295e5fc6800 JavaThread "Cancel handler" [_thread_blocked, id=9044, stack(0x000000d173500000,0x000000d173600000)]
  0x00000295e5fc9800 JavaThread "Daemon worker Thread 3" [_thread_in_Java, id=4676, stack(0x000000d173700000,0x000000d173800000)]
  0x00000295e5fcb800 JavaThread "Asynchronous log dispatcher for DefaultDaemonConnection: socket connection from /127.0.0.1:58770 to /127.0.0.1:65002" [_thread_blocked, id=8408, stack(0x000000d173800000,0x000000d173900000)]
  0x00000295e5fc5800 JavaThread "Stdin handler" [_thread_blocked, id=2292, stack(0x000000d173900000,0x000000d173a00000)]
  0x00000295e5fce000 JavaThread "Daemon client event forwarder" [_thread_blocked, id=7116, stack(0x000000d173a00000,0x000000d173b00000)]
  0x00000295e5fce800 JavaThread "Cache worker for file hash cache (C:\Users\bruno\AndroidStudioProjects\PokedexEgysysTeste\.gradle\7.2\fileHashes)" [_thread_blocked, id=11792, stack(0x000000d173e00000,0x000000d173f00000)]
  0x00000295e32f3800 JavaThread "C2 CompilerThread1" daemon [_thread_blocked, id=11848, stack(0x000000d174100000,0x000000d174200000)]
  0x00000295e5fcf800 JavaThread "Cache worker for checksums cache (C:\Users\bruno\AndroidStudioProjects\PokedexEgysysTeste\.gradle\checksums)" [_thread_blocked, id=12004, stack(0x000000d174200000,0x000000d174300000)]
  0x00000295e5fcc000 JavaThread "Cache worker for cache directory md-supplier (C:\Users\bruno\.gradle\caches\7.2\md-supplier)" [_thread_blocked, id=7956, stack(0x000000d174300000,0x000000d174400000)]
  0x00000295e5fd0000 JavaThread "Cache worker for cache directory md-rule (C:\Users\bruno\.gradle\caches\7.2\md-rule)" [_thread_blocked, id=6384, stack(0x000000d174400000,0x000000d174500000)]
  0x00000295e5fca800 JavaThread "Cache worker for dependencies-accessors (C:\Users\bruno\AndroidStudioProjects\PokedexEgysysTeste\.gradle\7.2\dependencies-accessors)" [_thread_blocked, id=12276, stack(0x000000d174900000,0x000000d174a00000)]
  0x00000295e5fd1000 JavaThread "Cache worker for Build Output Cleanup Cache (C:\Users\bruno\AndroidStudioProjects\PokedexEgysysTeste\.gradle\buildOutputCleanup)" [_thread_blocked, id=10416, stack(0x000000d174b00000,0x000000d174c00000)]
  0x00000295e5fd4800 JavaThread "Unconstrained build operations" [_thread_blocked, id=4496, stack(0x000000d174c00000,0x000000d174d00000)]
  0x00000295e5fd2000 JavaThread "Unconstrained build operations Thread 2" [_thread_blocked, id=10700, stack(0x000000d174d00000,0x000000d174e00000)]
  0x00000295e5fd2800 JavaThread "Unconstrained build operations Thread 3" [_thread_blocked, id=6092, stack(0x000000d174e00000,0x000000d174f00000)]
  0x00000295e5fd3800 JavaThread "Unconstrained build operations Thread 4" [_thread_blocked, id=6132, stack(0x000000d174f00000,0x000000d175000000)]
  0x00000295e59b3000 JavaThread "Unconstrained build operations Thread 5" [_thread_blocked, id=4336, stack(0x000000d175000000,0x000000d175100000)]
  0x00000295e59b0800 JavaThread "Unconstrained build operations Thread 6" [_thread_blocked, id=7980, stack(0x000000d175100000,0x000000d175200000)]
  0x00000295e59ad000 JavaThread "Unconstrained build operations Thread 7" [_thread_blocked, id=9528, stack(0x000000d175200000,0x000000d175300000)]
  0x00000295e59ae000 JavaThread "Unconstrained build operations Thread 8" [_thread_blocked, id=8652, stack(0x000000d175300000,0x000000d175400000)]
  0x00000295e59b3800 JavaThread "Unconstrained build operations Thread 9" [_thread_blocked, id=11948, stack(0x000000d175400000,0x000000d175500000)]
  0x00000295e59af000 JavaThread "Unconstrained build operations Thread 10" [_thread_blocked, id=5692, stack(0x000000d175500000,0x000000d175600000)]
  0x00000295e59af800 JavaThread "Unconstrained build operations Thread 11" [_thread_blocked, id=3132, stack(0x000000d175600000,0x000000d175700000)]
  0x00000295e59b4800 JavaThread "Unconstrained build operations Thread 12" [_thread_blocked, id=7208, stack(0x000000d175700000,0x000000d175800000)]
  0x00000295e59b6000 JavaThread "Unconstrained build operations Thread 13" [_thread_blocked, id=8064, stack(0x000000d175800000,0x000000d175900000)]
  0x00000295e59b1800 JavaThread "Unconstrained build operations Thread 14" [_thread_blocked, id=8096, stack(0x000000d175900000,0x000000d175a00000)]
  0x00000295e59b7000 JavaThread "Unconstrained build operations Thread 15" [_thread_blocked, id=672, stack(0x000000d175a00000,0x000000d175b00000)]
  0x00000295e59b8000 JavaThread "Unconstrained build operations Thread 16" [_thread_blocked, id=2288, stack(0x000000d175b00000,0x000000d175c00000)]
  0x00000295e59b2000 JavaThread "Unconstrained build operations Thread 17" [_thread_blocked, id=7268, stack(0x000000d175c00000,0x000000d175d00000)]
  0x00000295e59bb000 JavaThread "Unconstrained build operations Thread 18" [_thread_blocked, id=8260, stack(0x000000d175d00000,0x000000d175e00000)]
  0x00000295e59bc000 JavaThread "Unconstrained build operations Thread 19" [_thread_blocked, id=8560, stack(0x000000d175e00000,0x000000d175f00000)]
  0x00000295e5c58800 JavaThread "Unconstrained build operations Thread 20" [_thread_blocked, id=11956, stack(0x000000d175f00000,0x000000d176000000)]
  0x00000295e5c59000 JavaThread "Unconstrained build operations Thread 21" [_thread_blocked, id=12200, stack(0x000000d176000000,0x000000d176100000)]
  0x00000295e5c57800 JavaThread "Unconstrained build operations Thread 22" [_thread_blocked, id=12064, stack(0x000000d176100000,0x000000d176200000)]
  0x00000295e5c5b000 JavaThread "Unconstrained build operations Thread 23" [_thread_blocked, id=9312, stack(0x000000d176200000,0x000000d176300000)]
  0x00000295e5c5d000 JavaThread "Unconstrained build operations Thread 24" [_thread_blocked, id=6924, stack(0x000000d176300000,0x000000d176400000)]
  0x00000295e5c5e000 JavaThread "Unconstrained build operations Thread 25" [_thread_blocked, id=532, stack(0x000000d176400000,0x000000d176500000)]
  0x00000295e5c5f800 JavaThread "Unconstrained build operations Thread 26" [_thread_blocked, id=6564, stack(0x000000d176500000,0x000000d176600000)]
  0x00000295e5c60800 JavaThread "Unconstrained build operations Thread 27" [_thread_blocked, id=5648, stack(0x000000d176600000,0x000000d176700000)]
  0x00000295e5c61800 JavaThread "Unconstrained build operations Thread 28" [_thread_blocked, id=2468, stack(0x000000d176700000,0x000000d176800000)]
  0x00000295e5c5b800 JavaThread "Unconstrained build operations Thread 29" [_thread_blocked, id=7288, stack(0x000000d176800000,0x000000d176900000)]
  0x00000295e5c63000 JavaThread "Unconstrained build operations Thread 30" [_thread_blocked, id=6228, stack(0x000000d176900000,0x000000d176a00000)]
  0x00000295e5c65800 JavaThread "Unconstrained build operations Thread 31" [_thread_blocked, id=5664, stack(0x000000d176a00000,0x000000d176b00000)]
  0x00000295e5c64000 JavaThread "Unconstrained build operations Thread 32" [_thread_blocked, id=8004, stack(0x000000d176b00000,0x000000d176c00000)]
  0x00000295e5c64800 JavaThread "Unconstrained build operations Thread 33" [_thread_blocked, id=10820, stack(0x000000d176c00000,0x000000d176d00000)]
  0x00000295e60dc000 JavaThread "Unconstrained build operations Thread 34" [_thread_blocked, id=8784, stack(0x000000d176d00000,0x000000d176e00000)]
  0x00000295e60de800 JavaThread "Unconstrained build operations Thread 35" [_thread_blocked, id=6216, stack(0x000000d176e00000,0x000000d176f00000)]
  0x00000295e60e5800 JavaThread "Unconstrained build operations Thread 36" [_thread_blocked, id=568, stack(0x000000d176f00000,0x000000d177000000)]
  0x00000295e60e0000 JavaThread "Unconstrained build operations Thread 37" [_thread_blocked, id=7712, stack(0x000000d177000000,0x000000d177100000)]
  0x00000295e60e6800 JavaThread "Unconstrained build operations Thread 38" [_thread_blocked, id=7336, stack(0x000000d177100000,0x000000d177200000)]
  0x00000295e60e1000 JavaThread "Unconstrained build operations Thread 39" [_thread_blocked, id=10616, stack(0x000000d177200000,0x000000d177300000)]
  0x00000295e60e8000 JavaThread "Unconstrained build operations Thread 40" [_thread_blocked, id=2268, stack(0x000000d177300000,0x000000d177400000)]

Other Threads:
  0x00000295e1958000 VMThread "VM Thread" [stack: 0x000000d172300000,0x000000d172400000] [id=10160]
  0x00000295e2454800 WatcherThread [stack: 0x000000d172d00000,0x000000d172e00000] [id=4868]
  0x00000295c5e32800 GCTaskThread "GC Thread#0" [stack: 0x000000d171e00000,0x000000d171f00000] [id=6124]
  0x00000295e26f6800 GCTaskThread "GC Thread#1" [stack: 0x000000d172e00000,0x000000d172f00000] [id=5340]
  0x00000295e271a000 GCTaskThread "GC Thread#2" [stack: 0x000000d172f00000,0x000000d173000000] [id=2988]
  0x00000295e48ad000 GCTaskThread "GC Thread#3" [stack: 0x000000d173600000,0x000000d173700000] [id=11348]
  0x00000295c5e67000 ConcurrentGCThread "G1 Main Marker" [stack: 0x000000d171f00000,0x000000d172000000] [id=4668]
=>0x00000295c5e69000 ConcurrentGCThread "G1 Conc#0" [stack: 0x000000d172000000,0x000000d172100000] [id=10044]
  0x00000295c5ef4800 ConcurrentGCThread "G1 Refine#0" [stack: 0x000000d172100000,0x000000d172200000] [id=6188]
  0x00000295c5ef5800 ConcurrentGCThread "G1 Young RemSet Sampling" [stack: 0x000000d172200000,0x000000d172300000] [id=2400]

Threads with active compile tasks:

VM state:not at safepoint (normal execution)

VM Mutex/Monitor currently owned by a thread: None

Heap address: 0x0000000080000000, size: 2048 MB, Compressed Oops mode: 32-bit
Narrow klass base: 0x0000000000000000, Narrow klass shift: 3
Compressed class space size: 1073741824 Address: 0x0000000100000000

Heap:
 garbage-first heap   total 187392K, used 137866K [0x0000000080000000, 0x0000000100000000)
  region size 1024K, 9 young (9216K), 3 survivors (3072K)
 Metaspace       used 129889K, capacity 133470K, committed 136284K, reserved 1167360K
  class space    used 16413K, capacity 17829K, committed 18432K, reserved 1048576K
Heap Regions: E=young(eden), S=young(survivor), O=old, HS=humongous(starts), HC=humongous(continues), CS=collection set, F=free, A=archive, TAMS=top-at-mark-start (previous, next)
|   0|0x0000000080000000, 0x0000000080100000, 0x0000000080100000|100%| O|  |TAMS 0x0000000080100000, 0x0000000080100000| Untracked 
|   1|0x0000000080100000, 0x0000000080200000, 0x0000000080200000|100%| O|  |TAMS 0x0000000080200000, 0x0000000080200000| Untracked 
|   2|0x0000000080200000, 0x0000000080300000, 0x0000000080300000|100%| O|  |TAMS 0x0000000080300000, 0x0000000080300000| Untracked 
|   3|0x0000000080300000, 0x0000000080400000, 0x0000000080400000|100%|HS|  |TAMS 0x0000000080400000, 0x0000000080400000| Complete 
|   4|0x0000000080400000, 0x0000000080500000, 0x0000000080500000|100%|HC|  |TAMS 0x0000000080500000, 0x0000000080500000| Complete 
|   5|0x0000000080500000, 0x0000000080600000, 0x0000000080600000|100%|HC|  |TAMS 0x0000000080600000, 0x0000000080600000| Complete 
|   6|0x0000000080600000, 0x0000000080700000, 0x0000000080700000|100%| O|  |TAMS 0x0000000080700000, 0x0000000080700000| Untracked 
|   7|0x0000000080700000, 0x0000000080800000, 0x0000000080800000|100%| O|  |TAMS 0x0000000080800000, 0x0000000080800000| Untracked 
|   8|0x0000000080800000, 0x0000000080900000, 0x0000000080900000|100%| O|  |TAMS 0x0000000080900000, 0x0000000080900000| Untracked 
|   9|0x0000000080900000, 0x0000000080a00000, 0x0000000080a00000|100%| O|  |TAMS 0x0000000080a00000, 0x0000000080a00000| Untracked 
|  10|0x0000000080a00000, 0x0000000080b00000, 0x0000000080b00000|100%| O|  |TAMS 0x0000000080b00000, 0x0000000080b00000| Untracked 
|  11|0x0000000080b00000, 0x0000000080c00000, 0x0000000080c00000|100%| O|  |TAMS 0x0000000080c00000, 0x0000000080c00000| Untracked 
|  12|0x0000000080c00000, 0x0000000080d00000, 0x0000000080d00000|100%| O|  |TAMS 0x0000000080d00000, 0x0000000080d00000| Untracked 
|  13|0x0000000080d00000, 0x0000000080e00000, 0x0000000080e00000|100%| O|  |TAMS 0x0000000080e00000, 0x0000000080e00000| Untracked 
|  14|0x0000000080e00000, 0x0000000080f00000, 0x0000000080f00000|100%| O|  |TAMS 0x0000000080f00000, 0x0000000080f00000| Untracked 
|  15|0x0000000080f00000, 0x0000000081000000, 0x0000000081000000|100%| O|  |TAMS 0x0000000081000000, 0x0000000081000000| Untracked 
|  16|0x0000000081000000, 0x0000000081100000, 0x0000000081100000|100%| O|  |TAMS 0x0000000081100000, 0x0000000081100000| Untracked 
|  17|0x0000000081100000, 0x0000000081200000, 0x0000000081200000|100%| O|  |TAMS 0x0000000081200000, 0x0000000081200000| Untracked 
|  18|0x0000000081200000, 0x0000000081300000, 0x0000000081300000|100%| O|  |TAMS 0x0000000081300000, 0x0000000081300000| Untracked 
|  19|0x0000000081300000, 0x0000000081400000, 0x0000000081400000|100%| O|  |TAMS 0x0000000081400000, 0x0000000081400000| Untracked 
|  20|0x0000000081400000, 0x0000000081500000, 0x0000000081500000|100%| O|  |TAMS 0x0000000081500000, 0x0000000081500000| Untracked 
|  21|0x0000000081500000, 0x0000000081600000, 0x0000000081600000|100%| O|  |TAMS 0x0000000081600000, 0x0000000081600000| Untracked 
|  22|0x0000000081600000, 0x0000000081700000, 0x0000000081700000|100%| O|  |TAMS 0x0000000081700000, 0x0000000081700000| Untracked 
|  23|0x0000000081700000, 0x0000000081800000, 0x0000000081800000|100%| O|  |TAMS 0x0000000081800000, 0x0000000081800000| Untracked 
|  24|0x0000000081800000, 0x0000000081900000, 0x0000000081900000|100%| O|  |TAMS 0x0000000081900000, 0x0000000081900000| Untracked 
|  25|0x0000000081900000, 0x0000000081a00000, 0x0000000081a00000|100%| O|  |TAMS 0x0000000081a00000, 0x0000000081a00000| Untracked 
|  26|0x0000000081a00000, 0x0000000081b00000, 0x0000000081b00000|100%|HS|  |TAMS 0x0000000081b00000, 0x0000000081b00000| Complete 
|  27|0x0000000081b00000, 0x0000000081c00000, 0x0000000081c00000|100%|HS|  |TAMS 0x0000000081c00000, 0x0000000081c00000| Complete 
|  28|0x0000000081c00000, 0x0000000081d00000, 0x0000000081d00000|100%|HS|  |TAMS 0x0000000081d00000, 0x0000000081d00000| Complete 
|  29|0x0000000081d00000, 0x0000000081e00000, 0x0000000081e00000|100%|HS|  |TAMS 0x0000000081e00000, 0x0000000081e00000| Complete 
|  30|0x0000000081e00000, 0x0000000081f00000, 0x0000000081f00000|100%|HS|  |TAMS 0x0000000081f00000, 0x0000000081f00000| Complete 
|  31|0x0000000081f00000, 0x0000000082000000, 0x0000000082000000|100%|HC|  |TAMS 0x0000000082000000, 0x0000000082000000| Complete 
|  32|0x0000000082000000, 0x0000000082100000, 0x0000000082100000|100%|HC|  |TAMS 0x0000000082100000, 0x0000000082100000| Complete 
|  33|0x0000000082100000, 0x0000000082200000, 0x0000000082200000|100%|HS|  |TAMS 0x0000000082200000, 0x0000000082200000| Complete 
|  34|0x0000000082200000, 0x0000000082300000, 0x0000000082300000|100%|HC|  |TAMS 0x0000000082300000, 0x0000000082300000| Complete 
|  35|0x0000000082300000, 0x0000000082400000, 0x0000000082400000|100%| O|  |TAMS 0x0000000082400000, 0x0000000082400000| Untracked 
|  36|0x0000000082400000, 0x0000000082500000, 0x0000000082500000|100%| O|  |TAMS 0x0000000082500000, 0x0000000082500000| Untracked 
|  37|0x0000000082500000, 0x0000000082600000, 0x0000000082600000|100%| O|  |TAMS 0x0000000082600000, 0x0000000082600000| Untracked 
|  38|0x0000000082600000, 0x0000000082700000, 0x0000000082700000|100%| O|  |TAMS 0x0000000082600000, 0x0000000082700000| Untracked 
|  39|0x0000000082700000, 0x0000000082800000, 0x0000000082800000|100%| O|  |TAMS 0x0000000082800000, 0x0000000082800000| Untracked 
|  40|0x0000000082800000, 0x0000000082900000, 0x0000000082900000|100%| O|  |TAMS 0x0000000082900000, 0x0000000082900000| Untracked 
|  41|0x0000000082900000, 0x0000000082a00000, 0x0000000082a00000|100%| O|  |TAMS 0x0000000082a00000, 0x0000000082a00000| Untracked 
|  42|0x0000000082a00000, 0x0000000082b00000, 0x0000000082b00000|100%| O|  |TAMS 0x0000000082a00000, 0x0000000082b00000| Untracked 
|  43|0x0000000082b00000, 0x0000000082c00000, 0x0000000082c00000|100%| O|  |TAMS 0x0000000082c00000, 0x0000000082c00000| Untracked 
|  44|0x0000000082c00000, 0x0000000082d00000, 0x0000000082d00000|100%| O|  |TAMS 0x0000000082d00000, 0x0000000082d00000| Untracked 
|  45|0x0000000082d00000, 0x0000000082e00000, 0x0000000082e00000|100%| O|  |TAMS 0x0000000082e00000, 0x0000000082e00000| Untracked 
|  46|0x0000000082e00000, 0x0000000082f00000, 0x0000000082f00000|100%| O|  |TAMS 0x0000000082f00000, 0x0000000082f00000| Untracked 
|  47|0x0000000082f00000, 0x0000000083000000, 0x0000000083000000|100%| O|  |TAMS 0x0000000083000000, 0x0000000083000000| Untracked 
|  48|0x0000000083000000, 0x0000000083100000, 0x0000000083100000|100%| O|  |TAMS 0x0000000083100000, 0x0000000083100000| Untracked 
|  49|0x0000000083100000, 0x0000000083200000, 0x0000000083200000|100%| O|  |TAMS 0x0000000083200000, 0x0000000083200000| Untracked 
|  50|0x0000000083200000, 0x0000000083300000, 0x0000000083300000|100%| O|  |TAMS 0x0000000083300000, 0x0000000083300000| Untracked 
|  51|0x0000000083300000, 0x0000000083400000, 0x0000000083400000|100%| O|  |TAMS 0x0000000083300000, 0x0000000083400000| Untracked 
|  52|0x0000000083400000, 0x0000000083500000, 0x0000000083500000|100%| O|  |TAMS 0x0000000083500000, 0x0000000083500000| Untracked 
|  53|0x0000000083500000, 0x0000000083600000, 0x0000000083600000|100%| O|  |TAMS 0x0000000083600000, 0x0000000083600000| Untracked 
|  54|0x0000000083600000, 0x0000000083700000, 0x0000000083700000|100%| O|  |TAMS 0x0000000083700000, 0x0000000083700000| Untracked 
|  55|0x0000000083700000, 0x0000000083800000, 0x0000000083800000|100%| O|  |TAMS 0x0000000083800000, 0x0000000083800000| Untracked 
|  56|0x0000000083800000, 0x0000000083900000, 0x0000000083900000|100%| O|  |TAMS 0x0000000083900000, 0x0000000083900000| Untracked 
|  57|0x0000000083900000, 0x0000000083a00000, 0x0000000083a00000|100%| O|  |TAMS 0x0000000083a00000, 0x0000000083a00000| Untracked 
|  58|0x0000000083a00000, 0x0000000083b00000, 0x0000000083b00000|100%| O|  |TAMS 0x0000000083b00000, 0x0000000083b00000| Untracked 
|  59|0x0000000083b00000, 0x0000000083c00000, 0x0000000083c00000|100%| O|  |TAMS 0x0000000083c00000, 0x0000000083c00000| Untracked 
|  60|0x0000000083c00000, 0x0000000083d00000, 0x0000000083d00000|100%| O|  |TAMS 0x0000000083d00000, 0x0000000083d00000| Untracked 
|  61|0x0000000083d00000, 0x0000000083e00000, 0x0000000083e00000|100%| O|  |TAMS 0x0000000083d00000, 0x0000000083e00000| Untracked 
|  62|0x0000000083e00000, 0x0000000083f00000, 0x0000000083f00000|100%| O|  |TAMS 0x0000000083f00000, 0x0000000083f00000| Untracked 
|  63|0x0000000083f00000, 0x0000000084000000, 0x0000000084000000|100%| O|  |TAMS 0x0000000084000000, 0x0000000084000000| Untracked 
|  64|0x0000000084000000, 0x0000000084100000, 0x0000000084100000|100%| O|  |TAMS 0x0000000084100000, 0x0000000084100000| Untracked 
|  65|0x0000000084100000, 0x0000000084200000, 0x0000000084200000|100%| O|  |TAMS 0x0000000084200000, 0x0000000084200000| Untracked 
|  66|0x0000000084200000, 0x0000000084300000, 0x0000000084300000|100%| O|  |TAMS 0x0000000084200000, 0x0000000084300000| Untracked 
|  67|0x0000000084300000, 0x0000000084400000, 0x0000000084400000|100%| O|  |TAMS 0x0000000084300000, 0x0000000084400000| Untracked 
|  68|0x0000000084400000, 0x0000000084500000, 0x0000000084500000|100%| O|  |TAMS 0x0000000084500000, 0x0000000084500000| Untracked 
|  69|0x0000000084500000, 0x0000000084600000, 0x0000000084600000|100%| O|  |TAMS 0x0000000084600000, 0x0000000084600000| Untracked 
|  70|0x0000000084600000, 0x0000000084700000, 0x0000000084700000|100%| O|  |TAMS 0x0000000084700000, 0x0000000084700000| Untracked 
|  71|0x0000000084700000, 0x0000000084800000, 0x0000000084800000|100%| O|  |TAMS 0x0000000084800000, 0x0000000084800000| Untracked 
|  72|0x0000000084800000, 0x0000000084900000, 0x0000000084900000|100%| O|  |TAMS 0x0000000084900000, 0x0000000084900000| Untracked 
|  73|0x0000000084900000, 0x0000000084a00000, 0x0000000084a00000|100%| O|  |TAMS 0x0000000084a00000, 0x0000000084a00000| Untracked 
|  74|0x0000000084a00000, 0x0000000084b00000, 0x0000000084b00000|100%| O|  |TAMS 0x0000000084b00000, 0x0000000084b00000| Untracked 
|  75|0x0000000084b00000, 0x0000000084ba2800, 0x0000000084c00000| 63%| O|  |TAMS 0x0000000084b00000, 0x0000000084ba2800| Untracked 
|  76|0x0000000084c00000, 0x0000000084d00000, 0x0000000084d00000|100%| O|  |TAMS 0x0000000084d00000, 0x0000000084d00000| Untracked 
|  77|0x0000000084d00000, 0x0000000084e00000, 0x0000000084e00000|100%| O|  |TAMS 0x0000000084e00000, 0x0000000084e00000| Untracked 
|  78|0x0000000084e00000, 0x0000000084f00000, 0x0000000084f00000|100%| O|  |TAMS 0x0000000084f00000, 0x0000000084f00000| Untracked 
|  79|0x0000000084f00000, 0x0000000084f00000, 0x0000000085000000|  0%| F|  |TAMS 0x0000000084f00000, 0x0000000084f00000| Untracked 
|  80|0x0000000085000000, 0x0000000085100000, 0x0000000085100000|100%| O|  |TAMS 0x0000000085100000, 0x0000000085100000| Untracked 
|  81|0x0000000085100000, 0x0000000085200000, 0x0000000085200000|100%| O|  |TAMS 0x0000000085100000, 0x0000000085200000| Untracked 
|  82|0x0000000085200000, 0x0000000085300000, 0x0000000085300000|100%| O|  |TAMS 0x0000000085300000, 0x0000000085300000| Untracked 
|  83|0x0000000085300000, 0x0000000085400000, 0x0000000085400000|100%| O|  |TAMS 0x0000000085300000, 0x0000000085400000| Untracked 
|  84|0x0000000085400000, 0x0000000085400000, 0x0000000085500000|  0%| F|  |TAMS 0x0000000085400000, 0x0000000085400000| Untracked 
|  85|0x0000000085500000, 0x0000000085600000, 0x0000000085600000|100%| O|  |TAMS 0x0000000085600000, 0x0000000085600000| Untracked 
|  86|0x0000000085600000, 0x0000000085700000, 0x0000000085700000|100%| O|  |TAMS 0x0000000085600000, 0x0000000085700000| Untracked 
|  87|0x0000000085700000, 0x0000000085800000, 0x0000000085800000|100%| O|  |TAMS 0x0000000085800000, 0x0000000085800000| Untracked 
|  88|0x0000000085800000, 0x0000000085900000, 0x0000000085900000|100%| O|  |TAMS 0x0000000085800000, 0x0000000085900000| Untracked 
|  89|0x0000000085900000, 0x0000000085a00000, 0x0000000085a00000|100%| O|  |TAMS 0x0000000085a00000, 0x0000000085a00000| Untracked 
|  90|0x0000000085a00000, 0x0000000085b00000, 0x0000000085b00000|100%| O|  |TAMS 0x0000000085b00000, 0x0000000085b00000| Untracked 
|  91|0x0000000085b00000, 0x0000000085b00000, 0x0000000085c00000|  0%| F|  |TAMS 0x0000000085b00000, 0x0000000085b00000| Untracked 
|  92|0x0000000085c00000, 0x0000000085d00000, 0x0000000085d00000|100%| O|  |TAMS 0x0000000085d00000, 0x0000000085d00000| Untracked 
|  93|0x0000000085d00000, 0x0000000085d00000, 0x0000000085e00000|  0%| F|  |TAMS 0x0000000085d00000, 0x0000000085d00000| Untracked 
|  94|0x0000000085e00000, 0x0000000085f00000, 0x0000000085f00000|100%| O|  |TAMS 0x0000000085f00000, 0x0000000085f00000| Untracked 
|  95|0x0000000085f00000, 0x0000000086000000, 0x0000000086000000|100%| O|  |TAMS 0x0000000086000000, 0x0000000086000000| Untracked 
|  96|0x0000000086000000, 0x0000000086100000, 0x0000000086100000|100%| O|  |TAMS 0x0000000086100000, 0x0000000086100000| Untracked 
|  97|0x0000000086100000, 0x0000000086200000, 0x0000000086200000|100%| O|  |TAMS 0x0000000086200000, 0x0000000086200000| Untracked 
|  98|0x0000000086200000, 0x0000000086300000, 0x0000000086300000|100%| O|  |TAMS 0x0000000086200000, 0x0000000086300000| Untracked 
|  99|0x0000000086300000, 0x0000000086400000, 0x0000000086400000|100%| O|  |TAMS 0x0000000086300000, 0x0000000086400000| Untracked 
| 100|0x0000000086400000, 0x0000000086500000, 0x0000000086500000|100%|HS|  |TAMS 0x0000000086500000, 0x0000000086500000| Complete 
| 101|0x0000000086500000, 0x0000000086600000, 0x0000000086600000|100%|HC|  |TAMS 0x0000000086600000, 0x0000000086600000| Complete 
| 102|0x0000000086600000, 0x0000000086700000, 0x0000000086700000|100%|HC|  |TAMS 0x0000000086700000, 0x0000000086700000| Complete 
| 103|0x0000000086700000, 0x0000000086800000, 0x0000000086800000|100%| O|  |TAMS 0x0000000086800000, 0x0000000086800000| Untracked 
| 104|0x0000000086800000, 0x0000000086900000, 0x0000000086900000|100%| O|  |TAMS 0x0000000086900000, 0x0000000086900000| Untracked 
| 105|0x0000000086900000, 0x0000000086a00000, 0x0000000086a00000|100%| O|  |TAMS 0x0000000086a00000, 0x0000000086a00000| Untracked 
| 106|0x0000000086a00000, 0x0000000086a00000, 0x0000000086b00000|  0%| F|  |TAMS 0x0000000086a00000, 0x0000000086a00000| Untracked 
| 107|0x0000000086b00000, 0x0000000086b00000, 0x0000000086c00000|  0%| F|  |TAMS 0x0000000086b00000, 0x0000000086b00000| Untracked 
| 108|0x0000000086c00000, 0x0000000086c00000, 0x0000000086d00000|  0%| F|  |TAMS 0x0000000086c00000, 0x0000000086c00000| Untracked 
| 109|0x0000000086d00000, 0x0000000086e00000, 0x0000000086e00000|100%| O|  |TAMS 0x0000000086e00000, 0x0000000086e00000| Untracked 
| 110|0x0000000086e00000, 0x0000000086f00000, 0x0000000086f00000|100%| O|  |TAMS 0x0000000086f00000, 0x0000000086f00000| Untracked 
| 111|0x0000000086f00000, 0x0000000087000000, 0x0000000087000000|100%| O|  |TAMS 0x0000000086f00000, 0x0000000087000000| Untracked 
| 112|0x0000000087000000, 0x0000000087000000, 0x0000000087100000|  0%| F|  |TAMS 0x0000000087000000, 0x0000000087000000| Untracked 
| 113|0x0000000087100000, 0x0000000087200000, 0x0000000087200000|100%| O|  |TAMS 0x0000000087200000, 0x0000000087200000| Untracked 
| 114|0x0000000087200000, 0x0000000087300000, 0x0000000087300000|100%| O|  |TAMS 0x0000000087300000, 0x0000000087300000| Untracked 
| 115|0x0000000087300000, 0x0000000087300000, 0x0000000087400000|  0%| F|  |TAMS 0x0000000087300000, 0x0000000087300000| Untracked 
| 116|0x0000000087400000, 0x0000000087400000, 0x0000000087500000|  0%| F|  |TAMS 0x0000000087400000, 0x0000000087400000| Untracked 
| 117|0x0000000087500000, 0x0000000087500000, 0x0000000087600000|  0%| F|  |TAMS 0x0000000087500000, 0x0000000087500000| Untracked 
| 118|0x0000000087600000, 0x0000000087700000, 0x0000000087700000|100%| O|  |TAMS 0x0000000087600000, 0x0000000087700000| Untracked 
| 119|0x0000000087700000, 0x0000000087800000, 0x0000000087800000|100%| O|  |TAMS 0x0000000087700000, 0x0000000087800000| Untracked 
| 120|0x0000000087800000, 0x0000000087900000, 0x0000000087900000|100%| O|  |TAMS 0x0000000087900000, 0x0000000087900000| Untracked 
| 121|0x0000000087900000, 0x0000000087a00000, 0x0000000087a00000|100%| O|  |TAMS 0x0000000087a00000, 0x0000000087a00000| Untracked 
| 122|0x0000000087a00000, 0x0000000087b00000, 0x0000000087b00000|100%| O|  |TAMS 0x0000000087b00000, 0x0000000087b00000| Untracked 
| 123|0x0000000087b00000, 0x0000000087c00000, 0x0000000087c00000|100%| O|  |TAMS 0x0000000087c00000, 0x0000000087c00000| Untracked 
| 124|0x0000000087c00000, 0x0000000087d00000, 0x0000000087d00000|100%| O|  |TAMS 0x0000000087d00000, 0x0000000087d00000| Untracked 
| 125|0x0000000087d00000, 0x0000000087e00000, 0x0000000087e00000|100%| O|  |TAMS 0x0000000087e00000, 0x0000000087e00000| Untracked 
| 126|0x0000000087e00000, 0x0000000087e00000, 0x0000000087f00000|  0%| F|  |TAMS 0x0000000087e00000, 0x0000000087e00000| Untracked 
| 127|0x0000000087f00000, 0x0000000087f00000, 0x0000000088000000|  0%| F|  |TAMS 0x0000000087f00000, 0x0000000087f00000| Untracked 
| 128|0x0000000088000000, 0x0000000088000000, 0x0000000088100000|  0%| F|  |TAMS 0x0000000088000000, 0x0000000088000000| Untracked 
| 129|0x0000000088100000, 0x0000000088200000, 0x0000000088200000|100%| O|  |TAMS 0x0000000088200000, 0x0000000088200000| Untracked 
| 130|0x0000000088200000, 0x0000000088200000, 0x0000000088300000|  0%| F|  |TAMS 0x0000000088200000, 0x0000000088200000| Untracked 
| 131|0x0000000088300000, 0x0000000088400000, 0x0000000088400000|100%| O|  |TAMS 0x0000000088400000, 0x0000000088400000| Untracked 
| 132|0x0000000088400000, 0x0000000088400000, 0x0000000088500000|  0%| F|  |TAMS 0x0000000088400000, 0x0000000088400000| Untracked 
| 133|0x0000000088500000, 0x0000000088500000, 0x0000000088600000|  0%| F|  |TAMS 0x0000000088500000, 0x0000000088500000| Untracked 
| 134|0x0000000088600000, 0x0000000088700000, 0x0000000088700000|100%| O|  |TAMS 0x0000000088600000, 0x0000000088700000| Untracked 
| 135|0x0000000088700000, 0x0000000088800000, 0x0000000088800000|100%| O|  |TAMS 0x0000000088800000, 0x0000000088800000| Untracked 
| 136|0x0000000088800000, 0x0000000088900000, 0x0000000088900000|100%| O|  |TAMS 0x0000000088900000, 0x0000000088900000| Untracked 
| 137|0x0000000088900000, 0x0000000088900000, 0x0000000088a00000|  0%| F|  |TAMS 0x0000000088900000, 0x0000000088900000| Untracked 
| 138|0x0000000088a00000, 0x0000000088b00000, 0x0000000088b00000|100%| O|  |TAMS 0x0000000088a00000, 0x0000000088b00000| Untracked 
| 139|0x0000000088b00000, 0x0000000088c00000, 0x0000000088c00000|100%| O|  |TAMS 0x0000000088b00000, 0x0000000088c00000| Untracked 
| 140|0x0000000088c00000, 0x0000000088d00000, 0x0000000088d00000|100%| O|  |TAMS 0x0000000088c00000, 0x0000000088d00000| Untracked 
| 141|0x0000000088d00000, 0x0000000088d00000, 0x0000000088e00000|  0%| F|  |TAMS 0x0000000088d00000, 0x0000000088d00000| Untracked 
| 142|0x0000000088e00000, 0x0000000088e00000, 0x0000000088f00000|  0%| F|  |TAMS 0x0000000088e00000, 0x0000000088e00000| Untracked 
| 143|0x0000000088f00000, 0x0000000088f00000, 0x0000000089000000|  0%| F|  |TAMS 0x0000000088f00000, 0x0000000088f00000| Untracked 
| 144|0x0000000089000000, 0x0000000089000000, 0x0000000089100000|  0%| F|  |TAMS 0x0000000089000000, 0x0000000089000000| Untracked 
| 145|0x0000000089100000, 0x0000000089100000, 0x0000000089200000|  0%| F|  |TAMS 0x0000000089100000, 0x0000000089100000| Untracked 
| 146|0x0000000089200000, 0x0000000089200000, 0x0000000089300000|  0%| F|  |TAMS 0x0000000089200000, 0x0000000089200000| Untracked 
| 147|0x0000000089300000, 0x0000000089300000, 0x0000000089400000|  0%| F|  |TAMS 0x0000000089300000, 0x0000000089300000| Untracked 
| 148|0x0000000089400000, 0x0000000089500000, 0x0000000089500000|100%| O|  |TAMS 0x0000000089400000, 0x0000000089500000| Untracked 
| 149|0x0000000089500000, 0x0000000089600000, 0x0000000089600000|100%| O|  |TAMS 0x0000000089500000, 0x0000000089600000| Untracked 
| 150|0x0000000089600000, 0x0000000089600000, 0x0000000089700000|  0%| F|  |TAMS 0x0000000089600000, 0x0000000089600000| Untracked 
| 151|0x0000000089700000, 0x0000000089700000, 0x0000000089800000|  0%| F|  |TAMS 0x0000000089700000, 0x0000000089700000| Untracked 
| 152|0x0000000089800000, 0x0000000089800000, 0x0000000089900000|  0%| F|  |TAMS 0x0000000089800000, 0x0000000089800000| Untracked 
| 153|0x0000000089900000, 0x0000000089900000, 0x0000000089a00000|  0%| F|  |TAMS 0x0000000089900000, 0x0000000089900000| Untracked 
| 154|0x0000000089a00000, 0x0000000089b00000, 0x0000000089b00000|100%| O|  |TAMS 0x0000000089b00000, 0x0000000089b00000| Untracked 
| 155|0x0000000089b00000, 0x0000000089c00000, 0x0000000089c00000|100%| O|  |TAMS 0x0000000089baf400, 0x0000000089c00000| Untracked 
| 156|0x0000000089c00000, 0x0000000089c00000, 0x0000000089d00000|  0%| F|  |TAMS 0x0000000089c00000, 0x0000000089c00000| Untracked 
| 157|0x0000000089d00000, 0x0000000089e00000, 0x0000000089e00000|100%| S|CS|TAMS 0x0000000089d00000, 0x0000000089d00000| Complete 
| 158|0x0000000089e00000, 0x0000000089f00000, 0x0000000089f00000|100%| S|CS|TAMS 0x0000000089e00000, 0x0000000089e00000| Complete 
| 159|0x0000000089f00000, 0x000000008a000000, 0x000000008a000000|100%| S|CS|TAMS 0x0000000089f00000, 0x0000000089f00000| Complete 
| 160|0x000000008a000000, 0x000000008a000000, 0x000000008a100000|  0%| F|  |TAMS 0x000000008a000000, 0x000000008a000000| Untracked 
| 161|0x000000008a100000, 0x000000008a100000, 0x000000008a200000|  0%| F|  |TAMS 0x000000008a100000, 0x000000008a100000| Untracked 
| 162|0x000000008a200000, 0x000000008a200000, 0x000000008a300000|  0%| F|  |TAMS 0x000000008a200000, 0x000000008a200000| Untracked 
| 163|0x000000008a300000, 0x000000008a300000, 0x000000008a400000|  0%| F|  |TAMS 0x000000008a300000, 0x000000008a300000| Untracked 
| 164|0x000000008a400000, 0x000000008a400000, 0x000000008a500000|  0%| F|  |TAMS 0x000000008a400000, 0x000000008a400000| Untracked 
| 165|0x000000008a500000, 0x000000008a500000, 0x000000008a600000|  0%| F|  |TAMS 0x000000008a500000, 0x000000008a500000| Untracked 
| 166|0x000000008a600000, 0x000000008a600000, 0x000000008a700000|  0%| F|  |TAMS 0x000000008a600000, 0x000000008a600000| Untracked 
| 167|0x000000008a700000, 0x000000008a700000, 0x000000008a800000|  0%| F|  |TAMS 0x000000008a700000, 0x000000008a700000| Untracked 
| 168|0x000000008a800000, 0x000000008a800000, 0x000000008a900000|  0%| F|  |TAMS 0x000000008a800000, 0x000000008a800000| Untracked 
| 169|0x000000008a900000, 0x000000008a900000, 0x000000008aa00000|  0%| F|  |TAMS 0x000000008a900000, 0x000000008a900000| Untracked 
| 170|0x000000008aa00000, 0x000000008aa00000, 0x000000008ab00000|  0%| F|  |TAMS 0x000000008aa00000, 0x000000008aa00000| Untracked 
| 171|0x000000008ab00000, 0x000000008ab00000, 0x000000008ac00000|  0%| F|  |TAMS 0x000000008ab00000, 0x000000008ab00000| Untracked 
| 172|0x000000008ac00000, 0x000000008ac00000, 0x000000008ad00000|  0%| F|  |TAMS 0x000000008ac00000, 0x000000008ac00000| Untracked 
| 173|0x000000008ad00000, 0x000000008ad00000, 0x000000008ae00000|  0%| F|  |TAMS 0x000000008ad00000, 0x000000008ad00000| Untracked 
| 174|0x000000008ae00000, 0x000000008ae00000, 0x000000008af00000|  0%| F|  |TAMS 0x000000008ae00000, 0x000000008ae00000| Untracked 
| 175|0x000000008af00000, 0x000000008af00000, 0x000000008b000000|  0%| F|  |TAMS 0x000000008af00000, 0x000000008af00000| Untracked 
| 176|0x000000008b000000, 0x000000008b000000, 0x000000008b100000|  0%| F|  |TAMS 0x000000008b000000, 0x000000008b000000| Untracked 
| 177|0x000000008b100000, 0x000000008b13afd8, 0x000000008b200000| 23%| E|  |TAMS 0x000000008b100000, 0x000000008b100000| Complete 
| 178|0x000000008b200000, 0x000000008b300000, 0x000000008b300000|100%| E|CS|TAMS 0x000000008b200000, 0x000000008b200000| Complete 
| 179|0x000000008b300000, 0x000000008b400000, 0x000000008b400000|100%| E|CS|TAMS 0x000000008b300000, 0x000000008b300000| Complete 
| 180|0x000000008b400000, 0x000000008b500000, 0x000000008b500000|100%| E|CS|TAMS 0x000000008b400000, 0x000000008b400000| Complete 
| 181|0x000000008b500000, 0x000000008b600000, 0x000000008b600000|100%| E|CS|TAMS 0x000000008b500000, 0x000000008b500000| Complete 
| 182|0x000000008b600000, 0x000000008b700000, 0x000000008b700000|100%| E|CS|TAMS 0x000000008b600000, 0x000000008b600000| Complete 

Card table byte_map: [0x00000295dab10000,0x00000295daf10000] _byte_map_base: 0x00000295da710000

Marking Bits (Prev, Next): (CMBitMap*) 0x00000295c5e5e258, (CMBitMap*) 0x00000295c5e5e290
 Prev Bits: [0x00000295db310000, 0x00000295dd310000)
 Next Bits: [0x00000295dd310000, 0x00000295df310000)

Polling page: 0x00000295c5ca0000

Metaspace:

Usage:
  Non-class:    112.93 MB capacity,   110.82 MB ( 98%) used,     1.69 MB (  2%) free+waste,   430.13 KB ( <1%) overhead. 
      Class:     17.41 MB capacity,    16.03 MB ( 92%) used,     1.19 MB (  7%) free+waste,   193.81 KB (  1%) overhead. 
       Both:    130.34 MB capacity,   126.85 MB ( 97%) used,     2.89 MB (  2%) free+waste,   623.94 KB ( <1%) overhead. 

Virtual space:
  Non-class space:      116.00 MB reserved,     115.09 MB (>99%) committed 
      Class space:        1.00 GB reserved,      18.00 MB (  2%) committed 
             Both:        1.11 GB reserved,     133.09 MB ( 12%) committed 

Chunk freelists:
   Non-Class:  1.97 MB
       Class:  571.00 KB
        Both:  2.53 MB

MaxMetaspaceSize: 17179869184.00 GB
CompressedClassSpaceSize: 1.00 GB

CodeHeap 'non-profiled nmethods': size=120064Kb used=12682Kb max_used=12682Kb free=107381Kb
 bounds [0x00000295d2bb0000, 0x00000295d3820000, 0x00000295da0f0000]
CodeHeap 'profiled nmethods': size=120000Kb used=39759Kb max_used=39759Kb free=80240Kb
 bounds [0x00000295cb680000, 0x00000295cdd60000, 0x00000295d2bb0000]
CodeHeap 'non-nmethods': size=5696Kb used=2372Kb max_used=2454Kb free=3323Kb
 bounds [0x00000295cb0f0000, 0x00000295cb360000, 0x00000295cb680000]
 total_blobs=18817 nmethods=17811 adapters=916
 compilation: enabled
              stopped_count=0, restarted_count=0
 full_count=0

Compilation events (20 events):
Event: 940.865 Thread 0x00000295e232f000 nmethod 18683 0x00000295cdd45e10 code [0x00000295cdd46060, 0x00000295cdd46aa8]
Event: 940.866 Thread 0x00000295e232f000 18684       3       org.gradle.tooling.internal.provider.runner.ClientForwardingProjectConfigurationOperationListener$ProjectConfigurationResult$$Lambda$525/0x0000000100666440::apply (11 bytes)
Event: 940.866 Thread 0x00000295e232f000 nmethod 18684 0x00000295cdd46f10 code [0x00000295cdd470e0, 0x00000295cdd47328]
Event: 940.867 Thread 0x00000295e232f000 18685       1       org.gradle.configuration.internal.DefaultListenerBuildOperationDecorator::access$400 (5 bytes)
Event: 940.867 Thread 0x00000295e232f000 nmethod 18685 0x00000295d37f9e90 code [0x00000295d37fa040, 0x00000295d37fa0d8]
Event: 940.880 Thread 0x00000295e32f3800 nmethod 18659 0x00000295d37fa190 code [0x00000295d37fa480, 0x00000295d37fc0e8]
Event: 940.880 Thread 0x00000295e32f3800 18680       4       java.util.regex.Pattern::sequence (645 bytes)
Event: 940.918 Thread 0x00000295e32f3800 nmethod 18680 0x00000295d37fd010 code [0x00000295d37fd2c0, 0x00000295d37fe870]
Event: 940.918 Thread 0x00000295e32f3800 18662       4       org.gradle.api.internal.DefaultMutationGuard::newActionWithMutation (11 bytes)
Event: 940.919 Thread 0x00000295e32f3800 nmethod 18662 0x00000295d37ff090 code [0x00000295d37ff220, 0x00000295d37ff318]
Event: 940.985 Thread 0x00000295e197c800 nmethod 18476 0x00000295d37ff410 code [0x00000295d37ffc60, 0x00000295d3809a68]
Event: 940.998 Thread 0x00000295e232f000 18686       3       com.android.build.gradle.internal.services.VariantPropertiesApiServicesImpl::delayedLock (28 bytes)
Event: 940.998 Thread 0x00000295e232f000 nmethod 18686 0x00000295cdd47410 code [0x00000295cdd475e0, 0x00000295cdd478b8]
Event: 941.001 Thread 0x00000295e232f000 18687       3       com.android.build.gradle.internal.dsl.BuildType$AgpDecorated_Decorated::isMinifyEnabled (46 bytes)
Event: 941.002 Thread 0x00000295e232f000 nmethod 18687 0x00000295cdd47990 code [0x00000295cdd47ba0, 0x00000295cdd48018]
Event: 941.002 Thread 0x00000295e232f000 18688       3       com.android.build.gradle.internal.dsl.BuildType::isMinifyEnabled (53 bytes)
Event: 941.002 Thread 0x00000295e232f000 nmethod 18688 0x00000295cdd48190 code [0x00000295cdd48380, 0x00000295cdd48808]
Event: 941.002 Thread 0x00000295e32f3800 18689       4       org.gradle.api.internal.collections.CollectionFilter::filter (39 bytes)
Event: 941.003 Thread 0x00000295e232f000 18690       3       org.gradle.api.internal.tasks.DefaultTaskDependency$TaskDependencySet::size (10 bytes)
Event: 941.003 Thread 0x00000295e232f000 nmethod 18690 0x00000295cdd48910 code [0x00000295cdd48ac0, 0x00000295cdd48c88]

GC Heap History (20 events):
Event: 311.629 GC heap before
{Heap before GC invocations=73 (full 0):
 garbage-first heap   total 187392K, used 162283K [0x0000000080000000, 0x0000000100000000)
  region size 1024K, 9 young (9216K), 2 survivors (2048K)
 Metaspace       used 134067K, capacity 137779K, committed 137820K, reserved 1169408K
  class space    used 16908K, capacity 18393K, committed 18432K, reserved 1048576K
}
Event: 311.642 GC heap after
{Heap after GC invocations=74 (full 0):
 garbage-first heap   total 187392K, used 155526K [0x0000000080000000, 0x0000000100000000)
  region size 1024K, 1 young (1024K), 1 survivors (1024K)
 Metaspace       used 134067K, capacity 137779K, committed 137820K, reserved 1169408K
  class space    used 16908K, capacity 18393K, committed 18432K, reserved 1048576K
}
Event: 312.025 GC heap before
{Heap before GC invocations=74 (full 0):
 garbage-first heap   total 187392K, used 164742K [0x0000000080000000, 0x0000000100000000)
  region size 1024K, 9 young (9216K), 1 survivors (1024K)
 Metaspace       used 134099K, capacity 137782K, committed 138076K, reserved 1169408K
  class space    used 16908K, capacity 18393K, committed 18432K, reserved 1048576K
}
Event: 312.029 GC heap after
{Heap after GC invocations=75 (full 0):
 garbage-first heap   total 187392K, used 159510K [0x0000000080000000, 0x0000000100000000)
  region size 1024K, 2 young (2048K), 2 survivors (2048K)
 Metaspace       used 134099K, capacity 137782K, committed 138076K, reserved 1169408K
  class space    used 16908K, capacity 18393K, committed 18432K, reserved 1048576K
}
Event: 312.265 GC heap before
{Heap before GC invocations=75 (full 0):
 garbage-first heap   total 187392K, used 165654K [0x0000000080000000, 0x0000000100000000)
  region size 1024K, 9 young (9216K), 2 survivors (2048K)
 Metaspace       used 134296K, capacity 138005K, committed 138076K, reserved 1169408K
  class space    used 16910K, capacity 18396K, committed 18432K, reserved 1048576K
}
Event: 312.267 GC heap after
{Heap after GC invocations=76 (full 0):
 garbage-first heap   total 187392K, used 159688K [0x0000000080000000, 0x0000000100000000)
  region size 1024K, 1 young (1024K), 1 survivors (1024K)
 Metaspace       used 134296K, capacity 138005K, committed 138076K, reserved 1169408K
  class space    used 16910K, capacity 18396K, committed 18432K, reserved 1048576K
}
Event: 312.634 GC heap before
{Heap before GC invocations=76 (full 0):
 garbage-first heap   total 187392K, used 166856K [0x0000000080000000, 0x0000000100000000)
  region size 1024K, 9 young (9216K), 1 survivors (1024K)
 Metaspace       used 134338K, capacity 138069K, committed 138332K, reserved 1169408K
  class space    used 16910K, capacity 18396K, committed 18432K, reserved 1048576K
}
Event: 312.638 GC heap after
{Heap after GC invocations=77 (full 0):
 garbage-first heap   total 187392K, used 159758K [0x0000000080000000, 0x0000000100000000)
  region size 1024K, 1 young (1024K), 1 survivors (1024K)
 Metaspace       used 134338K, capacity 138069K, committed 138332K, reserved 1169408K
  class space    used 16910K, capacity 18396K, committed 18432K, reserved 1048576K
}
Event: 312.867 GC heap before
{Heap before GC invocations=77 (full 0):
 garbage-first heap   total 187392K, used 166926K [0x0000000080000000, 0x0000000100000000)
  region size 1024K, 9 young (9216K), 1 survivors (1024K)
 Metaspace       used 134342K, capacity 138069K, committed 138332K, reserved 1169408K
  class space    used 16910K, capacity 18396K, committed 18432K, reserved 1048576K
}
Event: 312.871 GC heap after
{Heap after GC invocations=78 (full 0):
 garbage-first heap   total 187392K, used 160079K [0x0000000080000000, 0x0000000100000000)
  region size 1024K, 1 young (1024K), 1 survivors (1024K)
 Metaspace       used 134342K, capacity 138069K, committed 138332K, reserved 1169408K
  class space    used 16910K, capacity 18396K, committed 18432K, reserved 1048576K
}
Event: 494.132 GC heap before
{Heap before GC invocations=79 (full 0):
 garbage-first heap   total 187392K, used 180559K [0x0000000080000000, 0x0000000100000000)
  region size 1024K, 9 young (9216K), 1 survivors (1024K)
 Metaspace       used 129440K, capacity 132930K, committed 136284K, reserved 1167360K
  class space    used 16361K, capacity 17743K, committed 18432K, reserved 1048576K
}
Event: 494.136 GC heap after
{Heap after GC invocations=80 (full 0):
 garbage-first heap   total 187392K, used 156636K [0x0000000080000000, 0x0000000100000000)
  region size 1024K, 1 young (1024K), 1 survivors (1024K)
 Metaspace       used 129440K, capacity 132930K, committed 136284K, reserved 1167360K
  class space    used 16361K, capacity 17743K, committed 18432K, reserved 1048576K
}
Event: 764.290 GC heap before
{Heap before GC invocations=80 (full 0):
 garbage-first heap   total 187392K, used 164828K [0x0000000080000000, 0x0000000100000000)
  region size 1024K, 9 young (9216K), 1 survivors (1024K)
 Metaspace       used 129678K, capacity 133201K, committed 136284K, reserved 1167360K
  class space    used 16405K, capacity 17815K, committed 18432K, reserved 1048576K
}
Event: 764.301 GC heap after
{Heap after GC invocations=81 (full 0):
 garbage-first heap   total 187392K, used 138246K [0x0000000080000000, 0x0000000100000000)
  region size 1024K, 1 young (1024K), 1 survivors (1024K)
 Metaspace       used 129678K, capacity 133201K, committed 136284K, reserved 1167360K
  class space    used 16405K, capacity 17815K, committed 18432K, reserved 1048576K
}
Event: 939.617 GC heap before
{Heap before GC invocations=81 (full 0):
 garbage-first heap   total 187392K, used 145414K [0x0000000080000000, 0x0000000100000000)
  region size 1024K, 9 young (9216K), 1 survivors (1024K)
 Metaspace       used 129760K, capacity 133301K, committed 136284K, reserved 1167360K
  class space    used 16409K, capacity 17822K, committed 18432K, reserved 1048576K
}
Event: 939.652 GC heap after
{Heap after GC invocations=82 (full 0):
 garbage-first heap   total 187392K, used 130923K [0x0000000080000000, 0x0000000100000000)
  region size 1024K, 2 young (2048K), 2 survivors (2048K)
 Metaspace       used 129760K, capacity 133301K, committed 136284K, reserved 1167360K
  class space    used 16409K, capacity 17822K, committed 18432K, reserved 1048576K
}
Event: 940.209 GC heap before
{Heap before GC invocations=82 (full 0):
 garbage-first heap   total 187392K, used 138091K [0x0000000080000000, 0x0000000100000000)
  region size 1024K, 9 young (9216K), 2 survivors (2048K)
 Metaspace       used 129765K, capacity 133301K, committed 136284K, reserved 1167360K
  class space    used 16409K, capacity 17822K, committed 18432K, reserved 1048576K
}
Event: 940.236 GC heap after
{Heap after GC invocations=83 (full 0):
 garbage-first heap   total 187392K, used 129882K [0x0000000080000000, 0x0000000100000000)
  region size 1024K, 2 young (2048K), 2 survivors (2048K)
 Metaspace       used 129765K, capacity 133301K, committed 136284K, reserved 1167360K
  class space    used 16409K, capacity 17822K, committed 18432K, reserved 1048576K
}
Event: 940.732 GC heap before
{Heap before GC invocations=83 (full 0):
 garbage-first heap   total 187392K, used 151386K [0x0000000080000000, 0x0000000100000000)
  region size 1024K, 23 young (23552K), 2 survivors (2048K)
 Metaspace       used 129845K, capacity 133399K, committed 136284K, reserved 1167360K
  class space    used 16412K, capacity 17828K, committed 18432K, reserved 1048576K
}
Event: 940.750 GC heap after
{Heap after GC invocations=84 (full 0):
 garbage-first heap   total 187392K, used 132746K [0x0000000080000000, 0x0000000100000000)
  region size 1024K, 3 young (3072K), 3 survivors (3072K)
 Metaspace       used 129845K, capacity 133399K, committed 136284K, reserved 1167360K
  class space    used 16412K, capacity 17828K, committed 18432K, reserved 1048576K
}

Deoptimization events (20 events):
Event: 607.761 Thread 0x00000295e5fc7000 DEOPT PACKING pc=0x00000295d3532dc8 sp=0x000000d171cfc060
Event: 607.761 Thread 0x00000295e5fc7000 DEOPT UNPACKING pc=0x00000295cb11662f sp=0x000000d171cfbde0 mode 2
Event: 607.761 Thread 0x00000295e5fc7000 Uncommon trap: trap_request=0xffffffbe fr.pc=0x00000295d3535f34 relative=0x0000000000000ff4
Event: 607.761 Thread 0x00000295e5fc7000 Uncommon trap: reason=profile_predicate action=maybe_recompile pc=0x00000295d3535f34 method=java.lang.invoke.InvokerBytecodeGenerator.<init>(Ljava/lang/String;Ljava/lang/String;Ljava/lang/invoke/LambdaForm;Ljava/lang/invoke/MethodType;)V @ 33 c2
Event: 607.761 Thread 0x00000295e5fc7000 DEOPT PACKING pc=0x00000295d3535f34 sp=0x000000d171cfc020
Event: 607.761 Thread 0x00000295e5fc7000 DEOPT UNPACKING pc=0x00000295cb11662f sp=0x000000d171cfbe18 mode 2
Event: 607.777 Thread 0x00000295e5fc7000 DEOPT PACKING pc=0x00000295cbadadfd sp=0x000000d171cf9680
Event: 607.777 Thread 0x00000295e5fc7000 DEOPT UNPACKING pc=0x00000295cb116dde sp=0x000000d171cf8b70 mode 0
Event: 939.585 Thread 0x00000295e5fc9800 Uncommon trap: trap_request=0xffffffde fr.pc=0x00000295d3263f60 relative=0x0000000000000420
Event: 939.585 Thread 0x00000295e5fc9800 Uncommon trap: reason=class_check action=maybe_recompile pc=0x00000295d3263f60 method=org.gradle.cache.internal.LockOnDemandCrossProcessCacheAccess.incrementLockCount()V @ 97 c2
Event: 939.585 Thread 0x00000295e5fc9800 DEOPT PACKING pc=0x00000295d3263f60 sp=0x000000d1737f70b0
Event: 939.585 Thread 0x00000295e5fc9800 DEOPT UNPACKING pc=0x00000295cb11662f sp=0x000000d1737f7060 mode 2
Event: 940.486 Thread 0x00000295e5fc9800 Uncommon trap: trap_request=0xffffff4d fr.pc=0x00000295d36bb068 relative=0x0000000000004328
Event: 940.486 Thread 0x00000295e5fc9800 Uncommon trap: reason=unstable_if action=reinterpret pc=0x00000295d36bb068 method=org.gradle.internal.fingerprint.impl.DefaultCurrentFileCollectionFingerprint.from(Lorg/gradle/internal/snapshot/FileSystemSnapshot;Lorg/gradle/internal/fingerprint/Fingerpri
Event: 940.486 Thread 0x00000295e5fc9800 DEOPT PACKING pc=0x00000295d36bb068 sp=0x000000d1737fa180
Event: 940.486 Thread 0x00000295e5fc9800 DEOPT UNPACKING pc=0x00000295cb11662f sp=0x000000d1737fa1c8 mode 2
Event: 940.730 Thread 0x00000295e5fc9800 Uncommon trap: trap_request=0xffffffc6 fr.pc=0x00000295d2d75f50 relative=0x00000000000008f0
Event: 940.730 Thread 0x00000295e5fc9800 Uncommon trap: reason=bimorphic_or_optimized_type_check action=maybe_recompile pc=0x00000295d2d75f50 method=java.lang.Throwable.<init>(Ljava/lang/String;Ljava/lang/Throwable;)V @ 24 c2
Event: 940.730 Thread 0x00000295e5fc9800 DEOPT PACKING pc=0x00000295d2d75f50 sp=0x000000d1737f9440
Event: 940.730 Thread 0x00000295e5fc9800 DEOPT UNPACKING pc=0x00000295cb11662f sp=0x000000d1737f9420 mode 2

Classes redefined (0 events):
No events

Internal exceptions (20 events):
Event: 307.423 Thread 0x00000295e5fc5800 Exception <a 'java/lang/IncompatibleClassChangeError'{0x000000008b6d8c70}: Found class java.lang.Object, but interface was expected> (0x000000008b6d8c70) thrown at [./src/hotspot/share/interpreter/linkResolver.cpp, line 839]
Event: 307.727 Thread 0x00000295e5fc7000 Exception <a 'java/lang/InterruptedException'{0x000000008ae548f0}> (0x000000008ae548f0) thrown at [./src/hotspot/share/runtime/objectMonitor.cpp, line 1635]
Event: 311.936 Thread 0x00000295e5fc5800 Exception <a 'sun/nio/fs/WindowsException'{0x000000008b1419e8}> (0x000000008b1419e8) thrown at [./src/hotspot/share/prims/jni.cpp, line 615]
Event: 311.939 Thread 0x00000295e5fc5800 Exception <a 'sun/nio/fs/WindowsException'{0x000000008b158398}> (0x000000008b158398) thrown at [./src/hotspot/share/prims/jni.cpp, line 615]
Event: 312.013 Thread 0x00000295e5fce000 Exception <a 'sun/nio/fs/WindowsException'{0x000000008b0fc278}> (0x000000008b0fc278) thrown at [./src/hotspot/share/prims/jni.cpp, line 615]
Event: 312.180 Thread 0x00000295e5fce000 Exception <a 'sun/nio/fs/WindowsException'{0x000000008b3c80c0}> (0x000000008b3c80c0) thrown at [./src/hotspot/share/prims/jni.cpp, line 615]
Event: 312.184 Thread 0x00000295e5fce000 Exception <a 'sun/nio/fs/WindowsException'{0x000000008b3dc5b0}> (0x000000008b3dc5b0) thrown at [./src/hotspot/share/prims/jni.cpp, line 615]
Event: 312.235 Thread 0x00000295e5fc5800 Exception <a 'sun/nio/fs/WindowsException'{0x000000008b609658}> (0x000000008b609658) thrown at [./src/hotspot/share/prims/jni.cpp, line 615]
Event: 312.244 Thread 0x00000295e5fce000 Exception <a 'sun/nio/fs/WindowsException'{0x000000008b1b6bb8}> (0x000000008b1b6bb8) thrown at [./src/hotspot/share/prims/jni.cpp, line 615]
Event: 312.253 Thread 0x00000295e5fce000 Exception <a 'sun/nio/fs/WindowsException'{0x000000008b0a4140}> (0x000000008b0a4140) thrown at [./src/hotspot/share/prims/jni.cpp, line 615]
Event: 312.255 Thread 0x00000295e5fc5800 Exception <a 'sun/nio/fs/WindowsException'{0x000000008b0add38}> (0x000000008b0add38) thrown at [./src/hotspot/share/prims/jni.cpp, line 615]
Event: 313.139 Thread 0x00000295edce4800 Exception <a 'sun/nio/fs/WindowsException'{0x000000008b5a0de0}> (0x000000008b5a0de0) thrown at [./src/hotspot/share/prims/jni.cpp, line 615]
Event: 313.139 Thread 0x00000295edce4800 Exception <a 'sun/nio/fs/WindowsException'{0x000000008b5a0f68}> (0x000000008b5a0f68) thrown at [./src/hotspot/share/prims/jni.cpp, line 615]
Event: 313.139 Thread 0x00000295edce4800 Exception <a 'sun/nio/fs/WindowsException'{0x000000008b5a2908}> (0x000000008b5a2908) thrown at [./src/hotspot/share/prims/jni.cpp, line 615]
Event: 313.141 Thread 0x00000295e5fc7000 Exception <a 'sun/nio/fs/WindowsException'{0x000000008b5ac478}> (0x000000008b5ac478) thrown at [./src/hotspot/share/prims/jni.cpp, line 615]
Event: 607.775 Thread 0x00000295e5fc7000 Exception <a 'java/lang/NoSuchMethodError'{0x000000008b3db940}: 'java.lang.Object java.lang.invoke.DirectMethodHandle$Holder.invokeSpecial(java.lang.Object, java.lang.Object, int, int, int, java.lang.Object, java.lang.Object, java.lang.Object)'> (0x000000008b3db940) thrown at [./src/hotspot/share/interpreter/linkResolver.cpp, line 773]
Event: 607.775 Thread 0x00000295e5fc7000 Exception <a 'java/lang/NoSuchMethodError'{0x000000008b3df1c0}: 'java.lang.Object java.lang.invoke.DelegatingMethodHandle$Holder.reinvoke_L(java.lang.Object, int, int, int, java.lang.Object, java.lang.Object, java.lang.Object)'> (0x000000008b3df1c0) thrown at [./src/hotspot/share/interpreter/linkResolver.cpp, line 773]
Event: 607.775 Thread 0x00000295e5fc7000 Exception <a 'java/lang/NoSuchMethodError'{0x000000008b3e69c0}: 'java.lang.Object java.lang.invoke.DirectMethodHandle$Holder.invokeStatic(java.lang.Object, java.lang.Object, java.lang.Object, java.lang.Object, java.lang.Object, int)'> (0x000000008b3e69c0) thrown at [./src/hotspot/share/interpreter/linkResolver.cpp, line 773]
Event: 940.486 Thread 0x00000295e5fc9800 Implicit null exception at 0x00000295d36b8869 to 0x00000295d36bb044
Event: 940.545 Thread 0x00000295e5fc9800 Exception <a 'sun/nio/fs/WindowsException'{0x000000008a8b6758}> (0x000000008a8b6758) thrown at [./src/hotspot/share/prims/jni.cpp, line 615]

Events (20 events):
Event: 940.435 Executing VM operation: RevokeBias
Event: 940.448 Executing coalesced safepoint VM operation: RevokeBias
Event: 940.448 Executing coalesced safepoint VM operation: RevokeBias done
Event: 940.448 Executing VM operation: RevokeBias done
Event: 940.496 Executing VM operation: RevokeBias
Event: 940.496 Executing VM operation: RevokeBias done
Event: 940.496 Executing VM operation: RevokeBias
Event: 940.496 Executing VM operation: RevokeBias done
Event: 940.638 Executing VM operation: RevokeBias
Event: 940.638 Executing VM operation: RevokeBias done
Event: 940.716 loading class org/gradle/internal/operations/BuildOperationDescriptor$1
Event: 940.716 loading class org/gradle/internal/operations/BuildOperationDescriptor$1 done
Event: 940.732 Executing VM operation: G1CollectForAllocation
Event: 940.750 Executing VM operation: G1CollectForAllocation done
Event: 940.839 Executing VM operation: RevokeBias
Event: 940.839 Executing VM operation: RevokeBias done
Event: 940.993 Executing VM operation: RevokeBias
Event: 940.994 Executing VM operation: RevokeBias done
Event: 940.995 Executing VM operation: RevokeBias
Event: 940.996 Executing VM operation: RevokeBias done


Dynamic libraries:
0x00007ff7de150000 - 0x00007ff7de15a000 	C:\Program Files\Android\Android Studio2\jre\bin\java.exe
0x00007fffd5af0000 - 0x00007fffd5ce5000 	C:\WINDOWS\SYSTEM32\ntdll.dll
0x00007fffd3f10000 - 0x00007fffd3fce000 	C:\WINDOWS\System32\KERNEL32.DLL
0x00007fffd3440000 - 0x00007fffd3708000 	C:\WINDOWS\System32\KERNELBASE.dll
0x00007fffd3340000 - 0x00007fffd3440000 	C:\WINDOWS\System32\ucrtbase.dll
0x00007fffcafe0000 - 0x00007fffcaff7000 	C:\Program Files\Android\Android Studio2\jre\bin\VCRUNTIME140.dll
0x00007fffcafc0000 - 0x00007fffcafd9000 	C:\Program Files\Android\Android Studio2\jre\bin\jli.dll
0x00007fffd58d0000 - 0x00007fffd5a71000 	C:\WINDOWS\System32\USER32.dll
0x00007fffd3910000 - 0x00007fffd3932000 	C:\WINDOWS\System32\win32u.dll
0x00007fffd4c50000 - 0x00007fffd4c7b000 	C:\WINDOWS\System32\GDI32.dll
0x00007fffd3970000 - 0x00007fffd3a7d000 	C:\WINDOWS\System32\gdi32full.dll
0x00007fffd3870000 - 0x00007fffd390d000 	C:\WINDOWS\System32\msvcp_win.dll
0x00007fffd28b0000 - 0x00007fffd2b4a000 	C:\WINDOWS\WinSxS\amd64_microsoft.windows.common-controls_6595b64144ccf1df_6.0.19041.1110_none_60b5254171f9507e\COMCTL32.dll
0x00007fffd5120000 - 0x00007fffd51be000 	C:\WINDOWS\System32\msvcrt.dll
0x00007fffd5a80000 - 0x00007fffd5ab0000 	C:\WINDOWS\System32\IMM32.DLL
0x00007fffb6c50000 - 0x00007fffb6ced000 	C:\Program Files\Android\Android Studio2\jre\bin\msvcp140.dll
0x00007fff84f70000 - 0x00007fff85a45000 	C:\Program Files\Android\Android Studio2\jre\bin\server\jvm.dll
0x00007fffd4ba0000 - 0x00007fffd4c4e000 	C:\WINDOWS\System32\ADVAPI32.dll
0x00007fffd3d70000 - 0x00007fffd3e0c000 	C:\WINDOWS\System32\sechost.dll
0x00007fffd4e60000 - 0x00007fffd4f85000 	C:\WINDOWS\System32\RPCRT4.dll
0x00007fffd4d90000 - 0x00007fffd4d98000 	C:\WINDOWS\System32\PSAPI.DLL
0x00007fffbc670000 - 0x00007fffbc679000 	C:\WINDOWS\SYSTEM32\WSOCK32.dll
0x00007fffd4c80000 - 0x00007fffd4ceb000 	C:\WINDOWS\System32\WS2_32.dll
0x00007fffcb180000 - 0x00007fffcb1a7000 	C:\WINDOWS\SYSTEM32\WINMM.dll
0x00007fffc4c60000 - 0x00007fffc4c6a000 	C:\WINDOWS\SYSTEM32\VERSION.dll
0x00007fffd1450000 - 0x00007fffd1462000 	C:\WINDOWS\SYSTEM32\kernel.appcore.dll
0x00007fff8f850000 - 0x00007fff8f861000 	C:\Program Files\Android\Android Studio2\jre\bin\verify.dll
0x00007fffd2c20000 - 0x00007fffd2e04000 	C:\WINDOWS\SYSTEM32\DBGHELP.DLL
0x00007fffd2b70000 - 0x00007fffd2b9c000 	C:\WINDOWS\SYSTEM32\dbgcore.DLL
0x00007fffd32b0000 - 0x00007fffd3332000 	C:\WINDOWS\System32\bcryptPrimitives.dll
0x00007fff862d0000 - 0x00007fff862f9000 	C:\Program Files\Android\Android Studio2\jre\bin\java.dll
0x00007fffbc020000 - 0x00007fffbc02b000 	C:\Program Files\Android\Android Studio2\jre\bin\jimage.dll
0x00007fff862b0000 - 0x00007fff862c8000 	C:\Program Files\Android\Android Studio2\jre\bin\zip.dll
0x00007fffd4450000 - 0x00007fffd4b94000 	C:\WINDOWS\System32\SHELL32.dll
0x00007fffd0ca0000 - 0x00007fffd1435000 	C:\WINDOWS\SYSTEM32\windows.storage.dll
0x00007fffd5310000 - 0x00007fffd5665000 	C:\WINDOWS\System32\combase.dll
0x00007fffd24e0000 - 0x00007fffd250e000 	C:\WINDOWS\SYSTEM32\Wldp.dll
0x00007fffd3b30000 - 0x00007fffd3bdd000 	C:\WINDOWS\System32\SHCORE.dll
0x00007fffd4da0000 - 0x00007fffd4df5000 	C:\WINDOWS\System32\shlwapi.dll
0x00007fffd3140000 - 0x00007fffd315f000 	C:\WINDOWS\SYSTEM32\profapi.dll
0x00007fff860b0000 - 0x00007fff860ca000 	C:\Program Files\Android\Android Studio2\jre\bin\net.dll
0x00007fffc6480000 - 0x00007fffc658c000 	C:\WINDOWS\SYSTEM32\WINHTTP.dll
0x00007fffd2260000 - 0x00007fffd22ca000 	C:\WINDOWS\system32\mswsock.dll
0x00007fff86090000 - 0x00007fff860a4000 	C:\Program Files\Android\Android Studio2\jre\bin\nio.dll
0x00007fffbc2a0000 - 0x00007fffbc2c7000 	C:\Users\bruno\.gradle\native\e1d6ef7f7dcc3fd88c89a11ec53ec762bb8ba0a96d01ffa2cd45eb1d1d8dd5c5\windows-amd64\native-platform.dll
0x00007fffb6a70000 - 0x00007fffb6bb4000 	C:\Users\bruno\.gradle\native\5664cfc778a61ccfe75a443a1ab52a65af34e5dc3c78e0209fed803814484fcb\windows-amd64\native-platform-file-events.dll
0x00007fffafb80000 - 0x00007fffafb8a000 	C:\Program Files\Android\Android Studio2\jre\bin\management.dll
0x00007fffad500000 - 0x00007fffad50d000 	C:\Program Files\Android\Android Studio2\jre\bin\management_ext.dll
0x00007fffd2f80000 - 0x00007fffd2f98000 	C:\WINDOWS\SYSTEM32\CRYPTSP.dll
0x00007fffd1c00000 - 0x00007fffd1c34000 	C:\WINDOWS\system32\rsaenh.dll
0x00007fffd3940000 - 0x00007fffd3967000 	C:\WINDOWS\System32\bcrypt.dll
0x00007fffd30c0000 - 0x00007fffd30ee000 	C:\WINDOWS\SYSTEM32\USERENV.dll
0x00007fffd2450000 - 0x00007fffd245c000 	C:\WINDOWS\SYSTEM32\CRYPTBASE.dll
0x00007fffd1f50000 - 0x00007fffd1f8b000 	C:\WINDOWS\SYSTEM32\IPHLPAPI.DLL
0x00007fffd3d60000 - 0x00007fffd3d68000 	C:\WINDOWS\System32\NSI.dll
0x00007fffcc0e0000 - 0x00007fffcc0f7000 	C:\WINDOWS\SYSTEM32\dhcpcsvc6.DLL
0x00007fffcc4c0000 - 0x00007fffcc4dd000 	C:\WINDOWS\SYSTEM32\dhcpcsvc.DLL
0x00007fffd1f90000 - 0x00007fffd205b000 	C:\WINDOWS\SYSTEM32\DNSAPI.dll
0x00007fffcaf10000 - 0x00007fffcaf2e000 	C:\Users\bruno\AppData\Local\Temp\native-platform17793462816701787521dir\native-platform.dll
0x00007fffcaf00000 - 0x00007fffcaf08000 	C:\Program Files\Android\Android Studio2\jre\bin\rmi.dll
0x00007fffd2f40000 - 0x00007fffd2f73000 	C:\WINDOWS\SYSTEM32\ntmarta.dll
0x00007fffbb740000 - 0x00007fffbb767000 	C:\Program Files\Android\Android Studio2\jre\bin\sunec.dll

dbghelp: loaded successfully - version: 4.0.5 - missing functions: none
symbol engine: initialized successfully - sym options: 0x614 - pdb path: .;C:\Program Files\Android\Android Studio2\jre\bin;C:\WINDOWS\SYSTEM32;C:\WINDOWS\WinSxS\amd64_microsoft.windows.common-controls_6595b64144ccf1df_6.0.19041.1110_none_60b5254171f9507e;C:\Program Files\Android\Android Studio2\jre\bin\server;C:\Users\bruno\.gradle\native\e1d6ef7f7dcc3fd88c89a11ec53ec762bb8ba0a96d01ffa2cd45eb1d1d8dd5c5\windows-amd64;C:\Users\bruno\.gradle\native\5664cfc778a61ccfe75a443a1ab52a65af34e5dc3c78e0209fed803814484fcb\windows-amd64;C:\Users\bruno\AppData\Local\Temp\native-platform17793462816701787521dir

VM Arguments:
jvm_args: --add-opens=java.base/java.util=ALL-UNNAMED --add-opens=java.base/java.lang=ALL-UNNAMED --add-opens=java.base/java.lang.invoke=ALL-UNNAMED --add-opens=java.base/java.util=ALL-UNNAMED --add-opens=java.prefs/java.util.prefs=ALL-UNNAMED --add-opens=java.prefs/java.util.prefs=ALL-UNNAMED --add-opens=java.base/java.nio.charset=ALL-UNNAMED --add-opens=java.base/java.net=ALL-UNNAMED --add-opens=java.base/java.util.concurrent.atomic=ALL-UNNAMED -Xmx2048m -Dfile.encoding=UTF-8 -Duser.country=BR -Duser.language=pt -Duser.variant 
java_command: org.gradle.launcher.daemon.bootstrap.GradleDaemon 7.2
java_class_path (initial): C:\Users\bruno\.gradle\wrapper\dists\gradle-7.2-bin\2dnblmf4td7x66yl1d74lt32g\gradle-7.2\lib\gradle-launcher-7.2.jar
Launcher Type: SUN_STANDARD

[Global flags]
     intx CICompilerCount                          = 3                                         {product} {ergonomic}
     uint ConcGCThreads                            = 1                                         {product} {ergonomic}
     uint G1ConcRefinementThreads                  = 4                                         {product} {ergonomic}
   size_t G1HeapRegionSize                         = 1048576                                   {product} {ergonomic}
    uintx GCDrainStackTargetSize                   = 64                                        {product} {ergonomic}
   size_t InitialHeapSize                          = 132120576                                 {product} {ergonomic}
   size_t MarkStackSize                            = 4194304                                   {product} {ergonomic}
   size_t MaxHeapSize                              = 2147483648                                {product} {command line}
   size_t MaxNewSize                               = 1287651328                                {product} {ergonomic}
   size_t MinHeapDeltaBytes                        = 1048576                                   {product} {ergonomic}
    uintx NonNMethodCodeHeapSize                   = 5830732                                {pd product} {ergonomic}
    uintx NonProfiledCodeHeapSize                  = 122913754                              {pd product} {ergonomic}
    uintx ProfiledCodeHeapSize                     = 122913754                              {pd product} {ergonomic}
    uintx ReservedCodeCacheSize                    = 251658240                              {pd product} {ergonomic}
     bool SegmentedCodeCache                       = true                                      {product} {ergonomic}
     bool UseCompressedClassPointers               = true                                 {lp64_product} {ergonomic}
     bool UseCompressedOops                        = true                                 {lp64_product} {ergonomic}
     bool UseG1GC                                  = true                                      {product} {ergonomic}
     bool UseLargePagesIndividualAllocation        = false                                  {pd product} {ergonomic}

Logging:
Log output configuration:
 #0: stdout all=warning uptime,level,tags
 #1: stderr all=off uptime,level,tags

Environment Variables:
PATH=C:\WINDOWS\system32;C:\WINDOWS;C:\WINDOWS\System32\Wbem;C:\WINDOWS\System32\WindowsPowerShell\v1.0\;C:\WINDOWS\System32\OpenSSH\;C:\Program Files\Git\cmd;C:\Users\bruno\AppData\Local\Microsoft\WindowsApps;C:\Users\bruno\Desktop\flutter\bin;C:\Users\bruno\AppData\Local\Programs\Microsoft VS Code\bin;C:\development\flutter\bin;C:\development\dart-sdk\bin
USERNAME=bruno
OS=Windows_NT
PROCESSOR_IDENTIFIER=Intel64 Family 6 Model 60 Stepping 3, GenuineIntel



---------------  S Y S T E M  ---------------

OS: Windows 10 , 64 bit Build 19041 (10.0.19041.1466)
OS uptime: 0 days 22:18 hours

CPU:total 4 (initial active 4) (4 cores per cpu, 1 threads per core) family 6 model 60 stepping 3 microcode 0x27, cmov, cx8, fxsr, mmx, sse, sse2, sse3, ssse3, sse4.1, sse4.2, popcnt, avx, avx2, aes, clmul, erms, lzcnt, tsc, tscinvbit, bmi1, bmi2, fma

Memory: 4k page, system-wide physical 8063M (675M free)
TotalPageFile size 13951M (AvailPageFile size 2723M)
current process WorkingSet (physical memory assigned to process): 466M, peak: 510M
current process commit charge ("private bytes"): 547M, peak: 571M

vm_info: OpenJDK 64-Bit Server VM (11.0.11+9-b60-7590822) for windows-amd64 JRE (11.0.11+9-b60-7590822), built on Jul 29 2021 21:43:44 by "builder" with MS VC++ 14.0 (VS2015)

END.
