#
# A fatal error has been detected by the Java Runtime Environment:
#
#  EXCEPTION_ACCESS_VIOLATION (0xc0000005) at pc=0x00007fff8524505d, pid=6216, tid=9584
#
# JRE version: OpenJDK Runtime Environment (11.0.11+9) (build 11.0.11+9-b60-7590822)
# Java VM: OpenJDK 64-Bit Server VM (11.0.11+9-b60-7590822, mixed mode, tiered, compressed oops, g1 gc, windows-amd64)
# Problematic frame:
# V  [jvm.dll+0x2d505d]
#
# No core dump will be written. Minidumps are not enabled by default on client versions of Windows
#
# If you would like to submit a bug report, please visit:
#   https://bugreport.java.com/bugreport/crash.jsp
#

---------------  S U M M A R Y ------------

Command Line: --add-opens=java.base/java.util=ALL-UNNAMED --add-opens=java.base/java.lang=ALL-UNNAMED --add-opens=java.base/java.lang.invoke=ALL-UNNAMED --add-opens=java.base/java.util=ALL-UNNAMED --add-opens=java.prefs/java.util.prefs=ALL-UNNAMED --add-opens=java.prefs/java.util.prefs=ALL-UNNAMED --add-opens=java.base/java.nio.charset=ALL-UNNAMED --add-opens=java.base/java.net=ALL-UNNAMED --add-opens=java.base/java.util.concurrent.atomic=ALL-UNNAMED -Xmx2048m -Dfile.encoding=UTF-8 -Duser.country=BR -Duser.language=pt -Duser.variant org.gradle.launcher.daemon.bootstrap.GradleDaemon 7.2

Host: Intel(R) Core(TM) i5-4440 CPU @ 3.10GHz, 4 cores, 7G,  Windows 10 , 64 bit Build 19041 (10.0.19041.1466)
Time: Wed Apr 13 09:01:29 2022 Hora oficial do Brasil elapsed time: 582.967007 seconds (0d 0h 9m 42s)

---------------  T H R E A D  ---------------

Current thread (0x00000230cbf81800):  GCTaskThread "GC Thread#0" [stack: 0x000000b592e00000,0x000000b592f00000] [id=9584]

Stack: [0x000000b592e00000,0x000000b592f00000],  sp=0x000000b592eff520,  free space=1021k
Native frames: (J=compiled Java code, j=interpreted, Vv=VM code, C=native code)
V  [jvm.dll+0x2d505d]
V  [jvm.dll+0x2ff72d]
V  [jvm.dll+0x300738]
V  [jvm.dll+0x2d20d2]
V  [jvm.dll+0x2fe91b]
V  [jvm.dll+0x2fe64e]
V  [jvm.dll+0x310b8a]
V  [jvm.dll+0x1d0c24]
V  [jvm.dll+0x1d0a85]
V  [jvm.dll+0x1d0b53]
V  [jvm.dll+0x2fe5bd]
V  [jvm.dll+0x1d164a]
V  [jvm.dll+0x311b1b]
V  [jvm.dll+0x3116c8]
V  [jvm.dll+0x2de252]
V  [jvm.dll+0x74d230]
V  [jvm.dll+0x6e80b5]
V  [jvm.dll+0x5f1036]
C  [ucrtbase.dll+0x21bb2]
C  [KERNEL32.DLL+0x17034]
C  [ntdll.dll+0x52651]


siginfo: EXCEPTION_ACCESS_VIOLATION (0xc0000005), reading address 0x00000000000000f8


Register to memory mapping:

RIP=0x00007fff8524505d jvm.dll
RAX=0x00000230cbf91b80 points into unknown readable memory: 0x0000000000000000 | 00 00 00 00 00 00 00 00
RBX=0x00000230e8782420 points into unknown readable memory: 0x00007fff857971a8 | a8 71 79 85 ff 7f 00 00
RCX=0x0 is NULL
RDX=0x00000230ec30a1b0 points into unknown readable memory: 0x00007fff8579ec20 | 20 ec 79 85 ff 7f 00 00
RSP=0x000000b592eff520 points into unknown readable memory: 0x00000230ca5ebfa0 | a0 bf 5e ca 30 02 00 00
RBP=0x0000000000000011 is an unknown value
RSI=0x00000230e8782590 points into unknown readable memory: 0x00007fff85797160 | 60 71 79 85 ff 7f 00 00
RDI=
[error occurred during error reporting (printing register info), id 0xc0000005, EXCEPTION_ACCESS_VIOLATION (0xc0000005) at pc=0x00007fff850fd266]

Registers:
RAX=0x00000230cbf91b80, RBX=0x00000230e8782420, RCX=0x0000000000000000, RDX=0x00000230ec30a1b0
RSP=0x000000b592eff520, RBP=0x0000000000000011, RSI=0x00000230e8782590, RDI=0x00000000895ac4c8
R8 =0x00000000895ac4ac, R9 =0x0000000000000000, R10=0x00000000895ac4ac, R11=0x00000230e8782590
R12=0x0000000000000007, R13=0x0000000000000000, R14=0x0000000000000002, R15=0x000000008c4e29c0
RIP=0x00007fff8524505d, EFLAGS=0x0000000000010246

Top of Stack: (sp=0x000000b592eff520)
0x000000b592eff520:   00000230ca5ebfa0 00000000895ac4a1
0x000000b592eff530:   00000230ca5ebfa0 00007fff8526f49f
0x000000b592eff540:   00000000895ac4ac 00007fff8526f72d
0x000000b592eff550:   00000000895ac4a0 0000000100005e88
0x000000b592eff560:   000000008c4e29a0 0000000000000002
0x000000b592eff570:   00000000895ac490 00007fff85270738
0x000000b592eff580:   0000000000000002 00000230e8782420
0x000000b592eff590:   00000230e8782420 0000000000000001
0x000000b592eff5a0:   0000000089595950 00007fff85270738
0x000000b592eff5b0:   0000000500000002 0000000000000011
0x000000b592eff5c0:   0000000000000000 00000230e8782420
0x000000b592eff5d0:   0000000000000040 00000230ca5ec020
0x000000b592eff5e0:   0000000000000000 00000230e8782420
0x000000b592eff5f0:   00000230cbf7ee80 00007fff852420d2
0x000000b592eff600:   0000000000000040 00000230ca5ec001
0x000000b592eff610:   0000000000000000 00000000895ac488 

Instructions: (pc=0x00007fff8524505d)
0x00007fff85244f5d:   74 24 38 48 83 c4 20 5f c3 cc cc cc cc cc cc cc
0x00007fff85244f6d:   cc cc cc 48 89 5c 24 08 57 48 83 ec 20 48 8b 41
0x00007fff85244f7d:   18 48 8b da 48 83 cb 01 48 8b d3 48 8b 78 10 48
0x00007fff85244f8d:   8b cf e8 5c 7b 00 00 84 c0 75 29 48 81 c7 90 00
0x00007fff85244f9d:   00 00 48 8b 47 08 48 39 47 20 75 08 48 8b cf e8
0x00007fff85244fad:   9f f3 f5 ff 48 8b 4f 20 48 8b 47 38 48 89 1c c8
0x00007fff85244fbd:   48 ff 47 20 48 8b 5c 24 30 48 83 c4 20 5f c3 cc
0x00007fff85244fcd:   cc cc cc 48 89 5c 24 08 57 48 83 ec 20 48 8b 79
0x00007fff85244fdd:   10 48 8b da 48 83 cb 01 48 8b cf 48 8b d3 e8 00
0x00007fff85244fed:   7b 00 00 84 c0 75 29 48 81 c7 90 00 00 00 48 8b
0x00007fff85244ffd:   47 08 48 39 47 20 75 08 48 8b cf e8 43 f3 f5 ff
0x00007fff8524500d:   48 8b 4f 20 48 8b 47 38 48 89 1c c8 48 ff 47 20
0x00007fff8524501d:   48 8b 5c 24 30 48 83 c4 20 5f c3 cc cc cc cc cc
0x00007fff8524502d:   cc cc cc 40 53 48 83 ec 20 8b 82 04 01 00 00 48
0x00007fff8524503d:   8b d9 d1 e8 a8 01 75 6b 48 8b 41 08 8b 88 c0 02
0x00007fff8524504d:   00 00 48 8b 80 b0 02 00 00 49 d3 e9 4a 8b 0c c8
0x00007fff8524505d:   48 8b 81 f8 00 00 00 83 b8 18 01 00 00 00 74 43
0x00007fff8524506d:   48 8b 4b 50 48 89 7c 24 30 49 c1 e8 09 48 8b 79
0x00007fff8524507d:   48 48 2b 79 40 49 03 f8 48 8b d7 e8 93 c1 ff ff
0x00007fff8524508d:   84 c0 74 1a 80 7b 28 00 48 8d 4b 18 74 10 48 8b
0x00007fff8524509d:   43 50 48 8b 50 40 48 03 d7 e8 95 67 36 00 48 8b
0x00007fff852450ad:   7c 24 30 48 83 c4 20 5b c3 cc cc cc cc cc cc cc
0x00007fff852450bd:   cc cc cc 48 89 5c 24 08 48 89 74 24 10 57 48 83
0x00007fff852450cd:   ec 20 48 63 fa 48 8d 05 b7 c3 54 00 45 33 c0 48
0x00007fff852450dd:   89 01 48 8b f1 89 79 08 48 8b df 48 8d 0c fd 00
0x00007fff852450ed:   00 00 00 41 8d 50 05 e8 77 e8 dd ff 45 33 db 48
0x00007fff852450fd:   89 46 10 4c 8d 4e 10 4c 8b d0 45 8b c3 85 ff 7e
0x00007fff8524510d:   56 83 ff 02 72 51 8d 4f ff 48 63 d1 48 8d 04 d0
0x00007fff8524511d:   4d 3b d1 77 05 49 3b c1 73 3d 8b c7 25 01 00 00
0x00007fff8524512d:   80 7d 07 ff c8 83 c8 fe ff c0 2b f8 0f 1f 80 00
0x00007fff8524513d:   00 00 00 41 83 c0 02 44 3b c7 7c f7 8d 47 01 49
0x00007fff8524514d:   8b fa 99 2b c2 d1 f8 48 63 c8 48 c1 e1 04 48 c1 


Stack slot to memory mapping:
stack at sp + 0 slots: 0x00000230ca5ebfa0 points into unknown readable memory: 0x0000000000000ff7 | f7 0f 00 00 00 00 00 00
stack at sp + 1 slots: 0x00000000895ac4a1 is pointing into object: [Ljava.lang.Object; 
{0x00000000895ac490} - klass: 'java/lang/Object'[]
 - length: 10
stack at sp + 2 slots: 0x00000230ca5ebfa0 points into unknown readable memory: 0x0000000000000ff7 | f7 0f 00 00 00 00 00 00
stack at sp + 3 slots: 0x00007fff8526f49f jvm.dll
stack at sp + 4 slots: 0x00000000895ac4ac is pointing into object: [Ljava.lang.Object; 
{0x00000000895ac490} - klass: 'java/lang/Object'[]
 - length: 10
stack at sp + 5 slots: 0x00007fff8526f72d jvm.dll
stack at sp + 6 slots: 0x00000000895ac4a0 is pointing into object: [Ljava.lang.Object; 
{0x00000000895ac490} - klass: 'java/lang/Object'[]
 - length: 10
stack at sp + 7 slots: 0x0000000100005e88 is a pointer to class: 
java.lang.ref.SoftReference {0x0000000100005e90}


---------------  P R O C E S S  ---------------

Threads class SMR info:
_java_thread_list=0x00000230f05be810, length=80, elements={
0x00000230cbf69000, 0x00000230e6294000, 0x00000230e6295800, 0x00000230e6c32800,
0x00000230e62aa000, 0x00000230e62ac000, 0x00000230e62ae800, 0x00000230e62cf000,
0x00000230e6c74000, 0x00000230e6d68800, 0x00000230e9175800, 0x00000230e8234800,
0x00000230e85a4800, 0x00000230e848d000, 0x00000230e8493000, 0x00000230e848f000,
0x00000230e848f800, 0x00000230e8490800, 0x00000230e8491800, 0x00000230e966c800,
0x00000230e966d800, 0x00000230e966e000, 0x00000230e966b800, 0x00000230e966a000,
0x00000230e7cd5000, 0x00000230e7cdc800, 0x00000230e6fa3000, 0x00000230e6fa1000,
0x00000230e6f9e000, 0x00000230e6fa4800, 0x00000230e6f9e800, 0x00000230e6fa5000,
0x00000230e6f9f800, 0x00000230e6fa6000, 0x00000230e6fa0800, 0x00000230e6fa7000,
0x00000230e6fa7800, 0x00000230e6fa2000, 0x00000230e6fa8800, 0x00000230e6fac800,
0x00000230e6fa9800, 0x00000230e6fab000, 0x00000230e6fac000, 0x00000230e6faa000,
0x00000230e7cd3800, 0x00000230e7cd6000, 0x00000230e7cd8000, 0x00000230e7cd2800,
0x00000230e7cd9000, 0x00000230e7cda000, 0x00000230e7cd6800, 0x00000230e7cd7800,
0x00000230e7cd4000, 0x00000230e7cdf800, 0x00000230e7ce0800, 0x00000230e7cdd000,
0x00000230e7cde000, 0x00000230e7cdf000, 0x00000230e7cda800, 0x00000230e7ce1000,
0x00000230e9669800, 0x00000230e966f000, 0x00000230e966b000, 0x00000230e8492000,
0x00000230e8493800, 0x00000230e848e000, 0x00000230ec40f000, 0x00000230ec40f800,
0x00000230ec410800, 0x00000230ec40c800, 0x00000230ec40b000, 0x00000230ec40e000,
0x00000230ec40d800, 0x00000230ec411800, 0x00000230ec40b800, 0x00000230ec260800,
0x00000230ec261800, 0x00000230ec263000, 0x00000230ec262800, 0x00000230ee4a8800
}

Java Threads: ( => current thread )
  0x00000230cbf69000 JavaThread "main" [_thread_blocked, id=9852, stack(0x000000b592d00000,0x000000b592e00000)]
  0x00000230e6294000 JavaThread "Reference Handler" daemon [_thread_blocked, id=904, stack(0x000000b593400000,0x000000b593500000)]
  0x00000230e6295800 JavaThread "Finalizer" daemon [_thread_blocked, id=11716, stack(0x000000b593500000,0x000000b593600000)]
  0x00000230e6c32800 JavaThread "Signal Dispatcher" daemon [_thread_blocked, id=9204, stack(0x000000b593600000,0x000000b593700000)]
  0x00000230e62aa000 JavaThread "Attach Listener" daemon [_thread_blocked, id=9088, stack(0x000000b593700000,0x000000b593800000)]
  0x00000230e62ac000 JavaThread "Service Thread" daemon [_thread_blocked, id=12100, stack(0x000000b593800000,0x000000b593900000)]
  0x00000230e62ae800 JavaThread "C2 CompilerThread0" daemon [_thread_in_native, id=5256, stack(0x000000b593900000,0x000000b593a00000)]
  0x00000230e62cf000 JavaThread "C1 CompilerThread0" daemon [_thread_blocked, id=2988, stack(0x000000b593a00000,0x000000b593b00000)]
  0x00000230e6c74000 JavaThread "Sweeper thread" daemon [_thread_blocked, id=9912, stack(0x000000b593b00000,0x000000b593c00000)]
  0x00000230e6d68800 JavaThread "Common-Cleaner" daemon [_thread_blocked, id=11348, stack(0x000000b593c00000,0x000000b593d00000)]
  0x00000230e9175800 JavaThread "Daemon health stats" [_thread_blocked, id=9896, stack(0x000000b594100000,0x000000b594200000)]
  0x00000230e8234800 JavaThread "Incoming local TCP Connector on port 58013" [_thread_in_native, id=2704, stack(0x000000b594000000,0x000000b594100000)]
  0x00000230e85a4800 JavaThread "Daemon periodic checks" [_thread_blocked, id=11040, stack(0x000000b594200000,0x000000b594300000)]
  0x00000230e848d000 JavaThread "Cache worker for journal cache (C:\Users\bruno\.gradle\caches\journal-1)" [_thread_blocked, id=9756, stack(0x000000b594b00000,0x000000b594c00000)]
  0x00000230e8493000 JavaThread "File lock request listener" [_thread_in_native, id=9700, stack(0x000000b594c00000,0x000000b594d00000)]
  0x00000230e848f000 JavaThread "Cache worker for file hash cache (C:\Users\bruno\.gradle\caches\7.2\fileHashes)" [_thread_blocked, id=12260, stack(0x000000b594e00000,0x000000b594f00000)]
  0x00000230e848f800 JavaThread "File watcher server" daemon [_thread_in_native, id=5648, stack(0x000000b595000000,0x000000b595100000)]
  0x00000230e8490800 JavaThread "File watcher consumer" daemon [_thread_blocked, id=10888, stack(0x000000b595100000,0x000000b595200000)]
  0x00000230e8491800 JavaThread "jar transforms" [_thread_blocked, id=5328, stack(0x000000b595300000,0x000000b595400000)]
  0x00000230e966c800 JavaThread "jar transforms Thread 2" [_thread_blocked, id=9264, stack(0x000000b595400000,0x000000b595500000)]
  0x00000230e966d800 JavaThread "jar transforms Thread 3" [_thread_blocked, id=10040, stack(0x000000b595500000,0x000000b595600000)]
  0x00000230e966e000 JavaThread "jar transforms Thread 4" [_thread_blocked, id=7680, stack(0x000000b595600000,0x000000b595700000)]
  0x00000230e966b800 JavaThread "Cache worker for execution history cache (C:\Users\bruno\.gradle\caches\7.2\executionHistory)" [_thread_blocked, id=4204, stack(0x000000b595a00000,0x000000b595b00000)]
  0x00000230e966a000 JavaThread "Cache worker for file content cache (C:\Users\bruno\.gradle\caches\7.2\fileContent)" [_thread_blocked, id=4156, stack(0x000000b595b00000,0x000000b595c00000)]
  0x00000230e7cd5000 JavaThread "Memory manager" [_thread_blocked, id=3156, stack(0x000000b598600000,0x000000b598700000)]
  0x00000230e7cdc800 JavaThread "pool-3-thread-1" [_thread_blocked, id=6528, stack(0x000000b595800000,0x000000b595900000)]
  0x00000230e6fa3000 JavaThread "Daemon Thread 2" [_thread_blocked, id=9124, stack(0x000000b592a00000,0x000000b592b00000)]
  0x00000230e6fa1000 JavaThread "Handler for socket connection from /127.0.0.1:58013 to /127.0.0.1:58314" [_thread_in_native, id=1220, stack(0x000000b592b00000,0x000000b592c00000)]
  0x00000230e6f9e000 JavaThread "Cancel handler" [_thread_blocked, id=10752, stack(0x000000b592c00000,0x000000b592d00000)]
  0x00000230e6fa4800 JavaThread "Daemon worker Thread 2" [_thread_blocked, id=5456, stack(0x000000b594300000,0x000000b594400000)]
  0x00000230e6f9e800 JavaThread "Asynchronous log dispatcher for DefaultDaemonConnection: socket connection from /127.0.0.1:58013 to /127.0.0.1:58314" [_thread_blocked, id=10720, stack(0x000000b594400000,0x000000b594500000)]
  0x00000230e6fa5000 JavaThread "Stdin handler" [_thread_blocked, id=9240, stack(0x000000b594500000,0x000000b594600000)]
  0x00000230e6f9f800 JavaThread "Daemon client event forwarder" [_thread_blocked, id=10380, stack(0x000000b594600000,0x000000b594700000)]
  0x00000230e6fa6000 JavaThread "Cache worker for file hash cache (C:\Users\bruno\AndroidStudioProjects\PokedexEgysysTeste\.gradle\7.2\fileHashes)" [_thread_blocked, id=10872, stack(0x000000b594700000,0x000000b594800000)]
  0x00000230e6fa0800 JavaThread "Cache worker for checksums cache (C:\Users\bruno\AndroidStudioProjects\PokedexEgysysTeste\.gradle\checksums)" [_thread_blocked, id=9292, stack(0x000000b594800000,0x000000b594900000)]
  0x00000230e6fa7000 JavaThread "Cache worker for cache directory md-supplier (C:\Users\bruno\.gradle\caches\7.2\md-supplier)" [_thread_blocked, id=7304, stack(0x000000b594900000,0x000000b594a00000)]
  0x00000230e6fa7800 JavaThread "Cache worker for cache directory md-rule (C:\Users\bruno\.gradle\caches\7.2\md-rule)" [_thread_blocked, id=5692, stack(0x000000b594d00000,0x000000b594e00000)]
  0x00000230e6fa2000 JavaThread "Cache worker for dependencies-accessors (C:\Users\bruno\AndroidStudioProjects\PokedexEgysysTeste\.gradle\7.2\dependencies-accessors)" [_thread_blocked, id=7844, stack(0x000000b594f00000,0x000000b595000000)]
  0x00000230e6fa8800 JavaThread "Cache worker for Build Output Cleanup Cache (C:\Users\bruno\AndroidStudioProjects\PokedexEgysysTeste\.gradle\buildOutputCleanup)" [_thread_blocked, id=5008, stack(0x000000b595200000,0x000000b595300000)]
  0x00000230e6fac800 JavaThread "Unconstrained build operations" [_thread_blocked, id=7016, stack(0x000000b595900000,0x000000b595a00000)]
  0x00000230e6fa9800 JavaThread "Unconstrained build operations Thread 2" [_thread_blocked, id=7796, stack(0x000000b595c00000,0x000000b595d00000)]
  0x00000230e6fab000 JavaThread "Unconstrained build operations Thread 3" [_thread_blocked, id=7148, stack(0x000000b595d00000,0x000000b595e00000)]
  0x00000230e6fac000 JavaThread "Unconstrained build operations Thread 4" [_thread_blocked, id=7084, stack(0x000000b595e00000,0x000000b595f00000)]
  0x00000230e6faa000 JavaThread "Unconstrained build operations Thread 5" [_thread_blocked, id=10928, stack(0x000000b595f00000,0x000000b596000000)]
  0x00000230e7cd3800 JavaThread "Unconstrained build operations Thread 6" [_thread_blocked, id=9212, stack(0x000000b596000000,0x000000b596100000)]
  0x00000230e7cd6000 JavaThread "Unconstrained build operations Thread 7" [_thread_blocked, id=2400, stack(0x000000b596100000,0x000000b596200000)]
  0x00000230e7cd8000 JavaThread "Unconstrained build operations Thread 8" [_thread_blocked, id=9668, stack(0x000000b596200000,0x000000b596300000)]
  0x00000230e7cd2800 JavaThread "Unconstrained build operations Thread 9" [_thread_blocked, id=8408, stack(0x000000b596300000,0x000000b596400000)]
  0x00000230e7cd9000 JavaThread "Unconstrained build operations Thread 10" [_thread_blocked, id=7664, stack(0x000000b596400000,0x000000b596500000)]
  0x00000230e7cda000 JavaThread "Unconstrained build operations Thread 11" [_thread_blocked, id=8848, stack(0x000000b596500000,0x000000b596600000)]
  0x00000230e7cd6800 JavaThread "Unconstrained build operations Thread 12" [_thread_blocked, id=8540, stack(0x000000b596600000,0x000000b596700000)]
  0x00000230e7cd7800 JavaThread "Unconstrained build operations Thread 13" [_thread_blocked, id=4892, stack(0x000000b596700000,0x000000b596800000)]
  0x00000230e7cd4000 JavaThread "Unconstrained build operations Thread 14" [_thread_blocked, id=9000, stack(0x000000b596800000,0x000000b596900000)]
  0x00000230e7cdf800 JavaThread "Unconstrained build operations Thread 15" [_thread_blocked, id=8232, stack(0x000000b596900000,0x000000b596a00000)]
  0x00000230e7ce0800 JavaThread "Unconstrained build operations Thread 16" [_thread_blocked, id=11052, stack(0x000000b596a00000,0x000000b596b00000)]
  0x00000230e7cdd000 JavaThread "Unconstrained build operations Thread 17" [_thread_blocked, id=2680, stack(0x000000b596b00000,0x000000b596c00000)]
  0x00000230e7cde000 JavaThread "Unconstrained build operations Thread 18" [_thread_blocked, id=672, stack(0x000000b596c00000,0x000000b596d00000)]
  0x00000230e7cdf000 JavaThread "Unconstrained build operations Thread 19" [_thread_blocked, id=10368, stack(0x000000b596d00000,0x000000b596e00000)]
  0x00000230e7cda800 JavaThread "Unconstrained build operations Thread 20" [_thread_blocked, id=9688, stack(0x000000b596e00000,0x000000b596f00000)]
  0x00000230e7ce1000 JavaThread "Unconstrained build operations Thread 21" [_thread_blocked, id=6856, stack(0x000000b596f00000,0x000000b597000000)]
  0x00000230e9669800 JavaThread "Unconstrained build operations Thread 22" [_thread_blocked, id=5640, stack(0x000000b597000000,0x000000b597100000)]
  0x00000230e966f000 JavaThread "Unconstrained build operations Thread 23" [_thread_blocked, id=9388, stack(0x000000b597100000,0x000000b597200000)]
  0x00000230e966b000 JavaThread "Unconstrained build operations Thread 24" [_thread_blocked, id=8096, stack(0x000000b597200000,0x000000b597300000)]
  0x00000230e8492000 JavaThread "Unconstrained build operations Thread 25" [_thread_blocked, id=3008, stack(0x000000b597300000,0x000000b597400000)]
  0x00000230e8493800 JavaThread "Unconstrained build operations Thread 26" [_thread_blocked, id=9588, stack(0x000000b597400000,0x000000b597500000)]
  0x00000230e848e000 JavaThread "Unconstrained build operations Thread 27" [_thread_blocked, id=6208, stack(0x000000b597500000,0x000000b597600000)]
  0x00000230ec40f000 JavaThread "Unconstrained build operations Thread 28" [_thread_blocked, id=3860, stack(0x000000b597600000,0x000000b597700000)]
  0x00000230ec40f800 JavaThread "Unconstrained build operations Thread 29" [_thread_blocked, id=2224, stack(0x000000b597700000,0x000000b597800000)]
  0x00000230ec410800 JavaThread "Unconstrained build operations Thread 30" [_thread_blocked, id=10988, stack(0x000000b597800000,0x000000b597900000)]
  0x00000230ec40c800 JavaThread "Unconstrained build operations Thread 31" [_thread_blocked, id=4992, stack(0x000000b597900000,0x000000b597a00000)]
  0x00000230ec40b000 JavaThread "Unconstrained build operations Thread 32" [_thread_blocked, id=10340, stack(0x000000b597a00000,0x000000b597b00000)]
  0x00000230ec40e000 JavaThread "Unconstrained build operations Thread 33" [_thread_blocked, id=11140, stack(0x000000b597b00000,0x000000b597c00000)]
  0x00000230ec40d800 JavaThread "Unconstrained build operations Thread 34" [_thread_blocked, id=9568, stack(0x000000b597c00000,0x000000b597d00000)]
  0x00000230ec411800 JavaThread "Unconstrained build operations Thread 35" [_thread_blocked, id=2324, stack(0x000000b597d00000,0x000000b597e00000)]
  0x00000230ec40b800 JavaThread "Unconstrained build operations Thread 36" [_thread_blocked, id=4248, stack(0x000000b597e00000,0x000000b597f00000)]
  0x00000230ec260800 JavaThread "Unconstrained build operations Thread 37" [_thread_blocked, id=5904, stack(0x000000b597f00000,0x000000b598000000)]
  0x00000230ec261800 JavaThread "Unconstrained build operations Thread 38" [_thread_blocked, id=636, stack(0x000000b598000000,0x000000b598100000)]
  0x00000230ec263000 JavaThread "Unconstrained build operations Thread 39" [_thread_blocked, id=6436, stack(0x000000b598100000,0x000000b598200000)]
  0x00000230ec262800 JavaThread "Unconstrained build operations Thread 40" [_thread_blocked, id=2956, stack(0x000000b598200000,0x000000b598300000)]
  0x00000230ee4a8800 JavaThread "C2 CompilerThread1" daemon [_thread_blocked, id=8976, stack(0x000000b595700000,0x000000b595800000)]

Other Threads:
  0x00000230e6251000 VMThread "VM Thread" [stack: 0x000000b593300000,0x000000b593400000] [id=1196]
  0x00000230e6da7000 WatcherThread [stack: 0x000000b593d00000,0x000000b593e00000] [id=8960]
=>0x00000230cbf81800 GCTaskThread "GC Thread#0" [stack: 0x000000b592e00000,0x000000b592f00000] [id=9584]
  0x00000230e712a000 GCTaskThread "GC Thread#1" [stack: 0x000000b593e00000,0x000000b593f00000] [id=7196]
  0x00000230e74e9000 GCTaskThread "GC Thread#2" [stack: 0x000000b593f00000,0x000000b594000000] [id=4980]
  0x00000230e774f000 GCTaskThread "GC Thread#3" [stack: 0x000000b594a00000,0x000000b594b00000] [id=5752]
  0x00000230cbfb2000 ConcurrentGCThread "G1 Main Marker" [stack: 0x000000b592f00000,0x000000b593000000] [id=3840]
  0x00000230cbfb4800 ConcurrentGCThread "G1 Conc#0" [stack: 0x000000b593000000,0x000000b593100000] [id=7128]
  0x00000230cc047000 ConcurrentGCThread "G1 Refine#0" [stack: 0x000000b593100000,0x000000b593200000] [id=8724]
  0x00000230cc048000 ConcurrentGCThread "G1 Young RemSet Sampling" [stack: 0x000000b593200000,0x000000b593300000] [id=1692]

Threads with active compile tasks:
C2 CompilerThread0 583024 13462       4       org.gradle.internal.instantiation.generator.AbstractClassGenerator$PropertyMetadata::hasAnnotation (40 bytes)

VM state:at safepoint (normal execution)

VM Mutex/Monitor currently owned by a thread:  ([mutex/lock_event])
[0x00000230cbf66570] Threads_lock - owner thread: 0x00000230e6251000
[0x00000230cbf66b10] Heap_lock - owner thread: 0x00000230e6fa4800

Heap address: 0x0000000080000000, size: 2048 MB, Compressed Oops mode: 32-bit
Narrow klass base: 0x0000000000000000, Narrow klass shift: 3
Compressed class space size: 1073741824 Address: 0x0000000100000000

Heap:
 garbage-first heap   total 270336K, used 212464K [0x0000000080000000, 0x0000000100000000)
  region size 1024K, 61 young (62464K), 5 survivors (5120K)
 Metaspace       used 122874K, capacity 125988K, committed 126336K, reserved 1159168K
  class space    used 15292K, capacity 16409K, committed 16512K, reserved 1048576K
Heap Regions: E=young(eden), S=young(survivor), O=old, HS=humongous(starts), HC=humongous(continues), CS=collection set, F=free, A=archive, TAMS=top-at-mark-start (previous, next)
|   0|0x0000000080000000, 0x0000000080100000, 0x0000000080100000|100%| O|  |TAMS 0x0000000080100000, 0x0000000080000000| Untracked 
|   1|0x0000000080100000, 0x0000000080200000, 0x0000000080200000|100%| O|  |TAMS 0x0000000080200000, 0x0000000080100000| Untracked 
|   2|0x0000000080200000, 0x0000000080300000, 0x0000000080300000|100%| O|  |TAMS 0x0000000080300000, 0x0000000080200000| Untracked 
|   3|0x0000000080300000, 0x0000000080400000, 0x0000000080400000|100%|HS|  |TAMS 0x0000000080400000, 0x0000000080300000| Complete 
|   4|0x0000000080400000, 0x0000000080500000, 0x0000000080500000|100%|HC|  |TAMS 0x0000000080500000, 0x0000000080400000| Complete 
|   5|0x0000000080500000, 0x0000000080600000, 0x0000000080600000|100%|HC|  |TAMS 0x0000000080600000, 0x0000000080500000| Complete 
|   6|0x0000000080600000, 0x0000000080700000, 0x0000000080700000|100%| O|  |TAMS 0x0000000080700000, 0x0000000080600000| Untracked 
|   7|0x0000000080700000, 0x0000000080800000, 0x0000000080800000|100%| O|  |TAMS 0x0000000080800000, 0x0000000080700000| Untracked 
|   8|0x0000000080800000, 0x0000000080900000, 0x0000000080900000|100%| O|  |TAMS 0x0000000080900000, 0x0000000080800000| Untracked 
|   9|0x0000000080900000, 0x0000000080a00000, 0x0000000080a00000|100%| O|  |TAMS 0x0000000080a00000, 0x0000000080900000| Untracked 
|  10|0x0000000080a00000, 0x0000000080b00000, 0x0000000080b00000|100%| O|  |TAMS 0x0000000080b00000, 0x0000000080a00000| Untracked 
|  11|0x0000000080b00000, 0x0000000080c00000, 0x0000000080c00000|100%| O|  |TAMS 0x0000000080c00000, 0x0000000080b00000| Untracked 
|  12|0x0000000080c00000, 0x0000000080d00000, 0x0000000080d00000|100%| O|  |TAMS 0x0000000080d00000, 0x0000000080c00000| Untracked 
|  13|0x0000000080d00000, 0x0000000080e00000, 0x0000000080e00000|100%| O|  |TAMS 0x0000000080e00000, 0x0000000080d00000| Untracked 
|  14|0x0000000080e00000, 0x0000000080f00000, 0x0000000080f00000|100%| O|  |TAMS 0x0000000080f00000, 0x0000000080e00000| Untracked 
|  15|0x0000000080f00000, 0x0000000081000000, 0x0000000081000000|100%| O|  |TAMS 0x0000000081000000, 0x0000000080f00000| Untracked 
|  16|0x0000000081000000, 0x0000000081100000, 0x0000000081100000|100%|HS|  |TAMS 0x0000000081100000, 0x0000000081000000| Complete 
|  17|0x0000000081100000, 0x0000000081200000, 0x0000000081200000|100%|HC|  |TAMS 0x0000000081200000, 0x0000000081100000| Complete 
|  18|0x0000000081200000, 0x0000000081300000, 0x0000000081300000|100%|HS|  |TAMS 0x0000000081300000, 0x0000000081200000| Complete 
|  19|0x0000000081300000, 0x0000000081400000, 0x0000000081400000|100%|HC|  |TAMS 0x0000000081400000, 0x0000000081300000| Complete 
|  20|0x0000000081400000, 0x0000000081500000, 0x0000000081500000|100%|HC|  |TAMS 0x0000000081500000, 0x0000000081400000| Complete 
|  21|0x0000000081500000, 0x0000000081600000, 0x0000000081600000|100%|HS|  |TAMS 0x0000000081600000, 0x0000000081500000| Complete 
|  22|0x0000000081600000, 0x0000000081700000, 0x0000000081700000|100%|HC|  |TAMS 0x0000000081700000, 0x0000000081600000| Complete 
|  23|0x0000000081700000, 0x0000000081800000, 0x0000000081800000|100%|HC|  |TAMS 0x0000000081800000, 0x0000000081700000| Complete 
|  24|0x0000000081800000, 0x0000000081900000, 0x0000000081900000|100%|HC|  |TAMS 0x0000000081900000, 0x0000000081800000| Complete 
|  25|0x0000000081900000, 0x0000000081a00000, 0x0000000081a00000|100%| O|  |TAMS 0x0000000081a00000, 0x0000000081900000| Untracked 
|  26|0x0000000081a00000, 0x0000000081b00000, 0x0000000081b00000|100%| O|  |TAMS 0x0000000081b00000, 0x0000000081a00000| Untracked 
|  27|0x0000000081b00000, 0x0000000081c00000, 0x0000000081c00000|100%| O|  |TAMS 0x0000000081c00000, 0x0000000081b00000| Untracked 
|  28|0x0000000081c00000, 0x0000000081d00000, 0x0000000081d00000|100%| O|  |TAMS 0x0000000081d00000, 0x0000000081c00000| Untracked 
|  29|0x0000000081d00000, 0x0000000081e00000, 0x0000000081e00000|100%| O|  |TAMS 0x0000000081e00000, 0x0000000081d00000| Untracked 
|  30|0x0000000081e00000, 0x0000000081f00000, 0x0000000081f00000|100%| O|  |TAMS 0x0000000081f00000, 0x0000000081e00000| Untracked 
|  31|0x0000000081f00000, 0x0000000082000000, 0x0000000082000000|100%| O|  |TAMS 0x0000000082000000, 0x0000000081f00000| Untracked 
|  32|0x0000000082000000, 0x0000000082100000, 0x0000000082100000|100%| O|  |TAMS 0x0000000082100000, 0x0000000082000000| Untracked 
|  33|0x0000000082100000, 0x0000000082200000, 0x0000000082200000|100%|HS|  |TAMS 0x0000000082200000, 0x0000000082100000| Complete 
|  34|0x0000000082200000, 0x0000000082300000, 0x0000000082300000|100%|HC|  |TAMS 0x0000000082300000, 0x0000000082200000| Complete 
|  35|0x0000000082300000, 0x0000000082400000, 0x0000000082400000|100%|HC|  |TAMS 0x0000000082400000, 0x0000000082300000| Complete 
|  36|0x0000000082400000, 0x0000000082500000, 0x0000000082500000|100%| O|  |TAMS 0x0000000082500000, 0x0000000082400000| Untracked 
|  37|0x0000000082500000, 0x0000000082600000, 0x0000000082600000|100%| O|  |TAMS 0x0000000082600000, 0x0000000082500000| Untracked 
|  38|0x0000000082600000, 0x0000000082700000, 0x0000000082700000|100%| O|  |TAMS 0x0000000082700000, 0x0000000082600000| Untracked 
|  39|0x0000000082700000, 0x0000000082800000, 0x0000000082800000|100%| O|  |TAMS 0x0000000082800000, 0x0000000082700000| Untracked 
|  40|0x0000000082800000, 0x0000000082900000, 0x0000000082900000|100%| O|  |TAMS 0x0000000082900000, 0x0000000082800000| Untracked 
|  41|0x0000000082900000, 0x0000000082a00000, 0x0000000082a00000|100%| O|  |TAMS 0x0000000082a00000, 0x0000000082900000| Untracked 
|  42|0x0000000082a00000, 0x0000000082b00000, 0x0000000082b00000|100%| O|  |TAMS 0x0000000082b00000, 0x0000000082a00000| Untracked 
|  43|0x0000000082b00000, 0x0000000082c00000, 0x0000000082c00000|100%|HS|  |TAMS 0x0000000082c00000, 0x0000000082b00000| Complete 
|  44|0x0000000082c00000, 0x0000000082d00000, 0x0000000082d00000|100%|HC|  |TAMS 0x0000000082d00000, 0x0000000082c00000| Complete 
|  45|0x0000000082d00000, 0x0000000082e00000, 0x0000000082e00000|100%|HC|  |TAMS 0x0000000082e00000, 0x0000000082d00000| Complete 
|  46|0x0000000082e00000, 0x0000000082f00000, 0x0000000082f00000|100%|HC|  |TAMS 0x0000000082f00000, 0x0000000082e00000| Complete 
|  47|0x0000000082f00000, 0x0000000083000000, 0x0000000083000000|100%| O|  |TAMS 0x0000000083000000, 0x0000000082f00000| Untracked 
|  48|0x0000000083000000, 0x0000000083100000, 0x0000000083100000|100%| O|  |TAMS 0x0000000083100000, 0x0000000083000000| Untracked 
|  49|0x0000000083100000, 0x0000000083200000, 0x0000000083200000|100%| O|  |TAMS 0x0000000083200000, 0x0000000083100000| Untracked 
|  50|0x0000000083200000, 0x0000000083300000, 0x0000000083300000|100%| O|  |TAMS 0x0000000083300000, 0x0000000083200000| Untracked 
|  51|0x0000000083300000, 0x0000000083400000, 0x0000000083400000|100%| O|  |TAMS 0x0000000083400000, 0x0000000083300000| Untracked 
|  52|0x0000000083400000, 0x0000000083500000, 0x0000000083500000|100%| O|  |TAMS 0x0000000083500000, 0x0000000083400000| Untracked 
|  53|0x0000000083500000, 0x0000000083600000, 0x0000000083600000|100%| O|  |TAMS 0x0000000083600000, 0x0000000083500000| Untracked 
|  54|0x0000000083600000, 0x0000000083700000, 0x0000000083700000|100%| O|  |TAMS 0x0000000083700000, 0x0000000083600000| Untracked 
|  55|0x0000000083700000, 0x0000000083800000, 0x0000000083800000|100%|HS|  |TAMS 0x0000000083800000, 0x0000000083700000| Complete 
|  56|0x0000000083800000, 0x0000000083900000, 0x0000000083900000|100%|HS|  |TAMS 0x0000000083900000, 0x0000000083800000| Complete 
|  57|0x0000000083900000, 0x0000000083a00000, 0x0000000083a00000|100%|HS|  |TAMS 0x0000000083a00000, 0x0000000083900000| Complete 
|  58|0x0000000083a00000, 0x0000000083b00000, 0x0000000083b00000|100%|HS|  |TAMS 0x0000000083b00000, 0x0000000083a00000| Complete 
|  59|0x0000000083b00000, 0x0000000083c00000, 0x0000000083c00000|100%|HC|  |TAMS 0x0000000083c00000, 0x0000000083b00000| Complete 
|  60|0x0000000083c00000, 0x0000000083d00000, 0x0000000083d00000|100%|HC|  |TAMS 0x0000000083d00000, 0x0000000083c00000| Complete 
|  61|0x0000000083d00000, 0x0000000083e00000, 0x0000000083e00000|100%|HS|  |TAMS 0x0000000083e00000, 0x0000000083d00000| Complete 
|  62|0x0000000083e00000, 0x0000000083f00000, 0x0000000083f00000|100%|HC|  |TAMS 0x0000000083f00000, 0x0000000083e00000| Complete 
|  63|0x0000000083f00000, 0x0000000084000000, 0x0000000084000000|100%| O|  |TAMS 0x0000000084000000, 0x0000000083f00000| Untracked 
|  64|0x0000000084000000, 0x0000000084100000, 0x0000000084100000|100%| O|  |TAMS 0x0000000084000000, 0x0000000084000000| Untracked 
|  65|0x0000000084100000, 0x0000000084200000, 0x0000000084200000|100%| O|  |TAMS 0x0000000084141a00, 0x0000000084100000| Untracked 
|  66|0x0000000084200000, 0x0000000084300000, 0x0000000084300000|100%| O|  |TAMS 0x0000000084200000, 0x0000000084200000| Untracked 
|  67|0x0000000084300000, 0x0000000084400000, 0x0000000084400000|100%| O|  |TAMS 0x0000000084400000, 0x0000000084300000| Untracked 
|  68|0x0000000084400000, 0x0000000084500000, 0x0000000084500000|100%| O|  |TAMS 0x0000000084400000, 0x0000000084400000| Untracked 
|  69|0x0000000084500000, 0x0000000084600000, 0x0000000084600000|100%| O|  |TAMS 0x0000000084600000, 0x0000000084500000| Untracked 
|  70|0x0000000084600000, 0x0000000084700000, 0x0000000084700000|100%| O|  |TAMS 0x0000000084700000, 0x0000000084600000| Untracked 
|  71|0x0000000084700000, 0x0000000084800000, 0x0000000084800000|100%| O|  |TAMS 0x0000000084800000, 0x0000000084700000| Untracked 
|  72|0x0000000084800000, 0x0000000084900000, 0x0000000084900000|100%| O|  |TAMS 0x0000000084900000, 0x0000000084800000| Untracked 
|  73|0x0000000084900000, 0x0000000084a00000, 0x0000000084a00000|100%| O|  |TAMS 0x0000000084a00000, 0x0000000084900000| Untracked 
|  74|0x0000000084a00000, 0x0000000084b00000, 0x0000000084b00000|100%| O|  |TAMS 0x0000000084b00000, 0x0000000084a00000| Untracked 
|  75|0x0000000084b00000, 0x0000000084c00000, 0x0000000084c00000|100%| O|  |TAMS 0x0000000084c00000, 0x0000000084b00000| Untracked 
|  76|0x0000000084c00000, 0x0000000084d00000, 0x0000000084d00000|100%| O|  |TAMS 0x0000000084d00000, 0x0000000084c00000| Untracked 
|  77|0x0000000084d00000, 0x0000000084e00000, 0x0000000084e00000|100%| O|  |TAMS 0x0000000084e00000, 0x0000000084d00000| Untracked 
|  78|0x0000000084e00000, 0x0000000084f00000, 0x0000000084f00000|100%| O|  |TAMS 0x0000000084f00000, 0x0000000084e00000| Untracked 
|  79|0x0000000084f00000, 0x0000000085000000, 0x0000000085000000|100%| O|  |TAMS 0x0000000085000000, 0x0000000084f00000| Untracked 
|  80|0x0000000085000000, 0x0000000085100000, 0x0000000085100000|100%| O|  |TAMS 0x0000000085100000, 0x0000000085000000| Untracked 
|  81|0x0000000085100000, 0x0000000085200000, 0x0000000085200000|100%| O|  |TAMS 0x0000000085200000, 0x0000000085100000| Untracked 
|  82|0x0000000085200000, 0x0000000085300000, 0x0000000085300000|100%| O|  |TAMS 0x0000000085300000, 0x0000000085200000| Untracked 
|  83|0x0000000085300000, 0x0000000085400000, 0x0000000085400000|100%| O|  |TAMS 0x0000000085400000, 0x0000000085300000| Untracked 
|  84|0x0000000085400000, 0x0000000085500000, 0x0000000085500000|100%| O|  |TAMS 0x0000000085500000, 0x0000000085400000| Untracked 
|  85|0x0000000085500000, 0x0000000085600000, 0x0000000085600000|100%| O|  |TAMS 0x0000000085600000, 0x0000000085500000| Untracked 
|  86|0x0000000085600000, 0x0000000085700000, 0x0000000085700000|100%| O|  |TAMS 0x0000000085700000, 0x0000000085600000| Untracked 
|  87|0x0000000085700000, 0x0000000085800000, 0x0000000085800000|100%| O|  |TAMS 0x0000000085800000, 0x0000000085700000| Untracked 
|  88|0x0000000085800000, 0x0000000085900000, 0x0000000085900000|100%| O|  |TAMS 0x0000000085900000, 0x0000000085800000| Untracked 
|  89|0x0000000085900000, 0x0000000085a00000, 0x0000000085a00000|100%|HS|  |TAMS 0x0000000085a00000, 0x0000000085900000| Complete 
|  90|0x0000000085a00000, 0x0000000085b00000, 0x0000000085b00000|100%|HC|  |TAMS 0x0000000085b00000, 0x0000000085a00000| Complete 
|  91|0x0000000085b00000, 0x0000000085c00000, 0x0000000085c00000|100%|HS|  |TAMS 0x0000000085c00000, 0x0000000085b00000| Complete 
|  92|0x0000000085c00000, 0x0000000085d00000, 0x0000000085d00000|100%|HC|  |TAMS 0x0000000085d00000, 0x0000000085c00000| Complete 
|  93|0x0000000085d00000, 0x0000000085e00000, 0x0000000085e00000|100%|HC|  |TAMS 0x0000000085e00000, 0x0000000085d00000| Complete 
|  94|0x0000000085e00000, 0x0000000085f00000, 0x0000000085f00000|100%| O|  |TAMS 0x0000000085f00000, 0x0000000085e00000| Untracked 
|  95|0x0000000085f00000, 0x0000000086000000, 0x0000000086000000|100%| O|  |TAMS 0x0000000086000000, 0x0000000085f00000| Untracked 
|  96|0x0000000086000000, 0x0000000086100000, 0x0000000086100000|100%|HS|  |TAMS 0x0000000086100000, 0x0000000086000000| Complete 
|  97|0x0000000086100000, 0x0000000086200000, 0x0000000086200000|100%|HC|  |TAMS 0x0000000086200000, 0x0000000086100000| Complete 
|  98|0x0000000086200000, 0x0000000086300000, 0x0000000086300000|100%|HC|  |TAMS 0x0000000086300000, 0x0000000086200000| Complete 
|  99|0x0000000086300000, 0x0000000086400000, 0x0000000086400000|100%|HC|  |TAMS 0x0000000086400000, 0x0000000086300000| Complete 
| 100|0x0000000086400000, 0x0000000086500000, 0x0000000086500000|100%| O|  |TAMS 0x0000000086500000, 0x0000000086400000| Untracked 
| 101|0x0000000086500000, 0x0000000086600000, 0x0000000086600000|100%| O|  |TAMS 0x0000000086600000, 0x0000000086500000| Untracked 
| 102|0x0000000086600000, 0x0000000086700000, 0x0000000086700000|100%| O|  |TAMS 0x0000000086700000, 0x0000000086600000| Untracked 
| 103|0x0000000086700000, 0x0000000086800000, 0x0000000086800000|100%| O|  |TAMS 0x0000000086800000, 0x0000000086700000| Untracked 
| 104|0x0000000086800000, 0x0000000086900000, 0x0000000086900000|100%| O|  |TAMS 0x0000000086900000, 0x0000000086800000| Untracked 
| 105|0x0000000086900000, 0x0000000086a00000, 0x0000000086a00000|100%| O|  |TAMS 0x0000000086a00000, 0x0000000086900000| Untracked 
| 106|0x0000000086a00000, 0x0000000086b00000, 0x0000000086b00000|100%| O|  |TAMS 0x0000000086b00000, 0x0000000086a00000| Untracked 
| 107|0x0000000086b00000, 0x0000000086c00000, 0x0000000086c00000|100%| O|  |TAMS 0x0000000086c00000, 0x0000000086b00000| Untracked 
| 108|0x0000000086c00000, 0x0000000086d00000, 0x0000000086d00000|100%| O|  |TAMS 0x0000000086c00000, 0x0000000086c00000| Untracked 
| 109|0x0000000086d00000, 0x0000000086e00000, 0x0000000086e00000|100%| O|  |TAMS 0x0000000086d00000, 0x0000000086d00000| Untracked 
| 110|0x0000000086e00000, 0x0000000086f00000, 0x0000000086f00000|100%| O|  |TAMS 0x0000000086f00000, 0x0000000086e00000| Untracked 
| 111|0x0000000086f00000, 0x0000000087000000, 0x0000000087000000|100%| O|  |TAMS 0x0000000087000000, 0x0000000086f00000| Untracked 
| 112|0x0000000087000000, 0x0000000087100000, 0x0000000087100000|100%| O|  |TAMS 0x0000000087100000, 0x0000000087000000| Untracked 
| 113|0x0000000087100000, 0x0000000087200000, 0x0000000087200000|100%| O|  |TAMS 0x0000000087200000, 0x0000000087100000| Untracked 
| 114|0x0000000087200000, 0x0000000087300000, 0x0000000087300000|100%| O|  |TAMS 0x0000000087300000, 0x0000000087200000| Untracked 
| 115|0x0000000087300000, 0x0000000087400000, 0x0000000087400000|100%| O|  |TAMS 0x0000000087300000, 0x0000000087300000| Untracked 
| 116|0x0000000087400000, 0x0000000087500000, 0x0000000087500000|100%| O|  |TAMS 0x0000000087500000, 0x0000000087400000| Untracked 
| 117|0x0000000087500000, 0x0000000087600000, 0x0000000087600000|100%| O|  |TAMS 0x0000000087500000, 0x0000000087500000| Untracked 
| 118|0x0000000087600000, 0x0000000087700000, 0x0000000087700000|100%| O|  |TAMS 0x0000000087700000, 0x0000000087600000| Untracked 
| 119|0x0000000087700000, 0x0000000087800000, 0x0000000087800000|100%| O|  |TAMS 0x0000000087700000, 0x0000000087700000| Untracked 
| 120|0x0000000087800000, 0x0000000087900000, 0x0000000087900000|100%| O|  |TAMS 0x0000000087900000, 0x0000000087800000| Untracked 
| 121|0x0000000087900000, 0x0000000087a00000, 0x0000000087a00000|100%| O|  |TAMS 0x0000000087900000, 0x0000000087900000| Untracked 
| 122|0x0000000087a00000, 0x0000000087b00000, 0x0000000087b00000|100%| O|  |TAMS 0x0000000087b00000, 0x0000000087a00000| Untracked 
| 123|0x0000000087b00000, 0x0000000087c00000, 0x0000000087c00000|100%| O|  |TAMS 0x0000000087b00000, 0x0000000087b00000| Untracked 
| 124|0x0000000087c00000, 0x0000000087d00000, 0x0000000087d00000|100%| O|  |TAMS 0x0000000087c00000, 0x0000000087c00000| Untracked 
| 125|0x0000000087d00000, 0x0000000087e00000, 0x0000000087e00000|100%| O|  |TAMS 0x0000000087e00000, 0x0000000087d00000| Untracked 
| 126|0x0000000087e00000, 0x0000000087f00000, 0x0000000087f00000|100%| O|  |TAMS 0x0000000087f00000, 0x0000000087e00000| Untracked 
| 127|0x0000000087f00000, 0x0000000088000000, 0x0000000088000000|100%| O|  |TAMS 0x0000000088000000, 0x0000000087f00000| Untracked 
| 128|0x0000000088000000, 0x0000000088100000, 0x0000000088100000|100%| O|  |TAMS 0x0000000088100000, 0x0000000088000000| Untracked 
| 129|0x0000000088100000, 0x0000000088200000, 0x0000000088200000|100%| O|  |TAMS 0x0000000088100000, 0x0000000088100000| Untracked 
| 130|0x0000000088200000, 0x0000000088300000, 0x0000000088300000|100%| O|  |TAMS 0x0000000088200000, 0x0000000088200000| Untracked 
| 131|0x0000000088300000, 0x0000000088400000, 0x0000000088400000|100%| O|  |TAMS 0x0000000088300000, 0x0000000088300000| Untracked 
| 132|0x0000000088400000, 0x0000000088500000, 0x0000000088500000|100%| O|  |TAMS 0x0000000088400000, 0x0000000088400000| Untracked 
| 133|0x0000000088500000, 0x0000000088600000, 0x0000000088600000|100%| O|  |TAMS 0x0000000088500000, 0x0000000088500000| Untracked 
| 134|0x0000000088600000, 0x0000000088700000, 0x0000000088700000|100%|HS|  |TAMS 0x0000000088600000, 0x0000000088600000| Complete 
| 135|0x0000000088700000, 0x0000000088800000, 0x0000000088800000|100%|HS|  |TAMS 0x0000000088700000, 0x0000000088700000| Complete 
| 136|0x0000000088800000, 0x0000000088900000, 0x0000000088900000|100%|HS|  |TAMS 0x0000000088800000, 0x0000000088800000| Complete 
| 137|0x0000000088900000, 0x0000000088a00000, 0x0000000088a00000|100%| O|  |TAMS 0x0000000088900000, 0x0000000088900000| Untracked 
| 138|0x0000000088a00000, 0x0000000088b00000, 0x0000000088b00000|100%| O|  |TAMS 0x0000000088a00000, 0x0000000088a00000| Untracked 
| 139|0x0000000088b00000, 0x0000000088c00000, 0x0000000088c00000|100%| O|  |TAMS 0x0000000088b00000, 0x0000000088b00000| Untracked 
| 140|0x0000000088c00000, 0x0000000088d00000, 0x0000000088d00000|100%| O|  |TAMS 0x0000000088c00000, 0x0000000088c00000| Untracked 
| 141|0x0000000088d00000, 0x0000000088e00000, 0x0000000088e00000|100%| O|  |TAMS 0x0000000088d00000, 0x0000000088d00000| Untracked 
| 142|0x0000000088e00000, 0x0000000088f00000, 0x0000000088f00000|100%| O|  |TAMS 0x0000000088e00000, 0x0000000088e00000| Untracked 
| 143|0x0000000088f00000, 0x0000000089000000, 0x0000000089000000|100%|HS|  |TAMS 0x0000000088f00000, 0x0000000088f00000| Complete 
| 144|0x0000000089000000, 0x0000000089100000, 0x0000000089100000|100%| O|  |TAMS 0x0000000089000000, 0x0000000089000000| Untracked 
| 145|0x0000000089100000, 0x0000000089200000, 0x0000000089200000|100%| O|  |TAMS 0x0000000089100000, 0x0000000089100000| Untracked 
| 146|0x0000000089200000, 0x0000000089300000, 0x0000000089300000|100%| O|  |TAMS 0x0000000089200000, 0x0000000089200000| Untracked 
| 147|0x0000000089300000, 0x0000000089400000, 0x0000000089400000|100%| O|  |TAMS 0x0000000089300000, 0x0000000089300000| Untracked 
| 148|0x0000000089400000, 0x0000000089500000, 0x0000000089500000|100%| O|  |TAMS 0x0000000089400000, 0x0000000089400000| Untracked 
| 149|0x0000000089500000, 0x0000000089600000, 0x0000000089600000|100%| O|  |TAMS 0x0000000089500000, 0x0000000089500000| Untracked 
| 150|0x0000000089600000, 0x0000000089700000, 0x0000000089700000|100%| O|  |TAMS 0x0000000089600000, 0x0000000089600000| Untracked 
| 151|0x0000000089700000, 0x00000000897a57a0, 0x0000000089800000| 64%| O|  |TAMS 0x0000000089700000, 0x0000000089700000| Untracked 
| 152|0x0000000089800000, 0x0000000089800000, 0x0000000089900000|  0%| F|  |TAMS 0x0000000089800000, 0x0000000089800000| Untracked 
| 153|0x0000000089900000, 0x0000000089900000, 0x0000000089a00000|  0%| F|  |TAMS 0x0000000089900000, 0x0000000089900000| Untracked 
| 154|0x0000000089a00000, 0x0000000089a00000, 0x0000000089b00000|  0%| F|  |TAMS 0x0000000089a00000, 0x0000000089a00000| Untracked 
| 155|0x0000000089b00000, 0x0000000089b00000, 0x0000000089c00000|  0%| F|  |TAMS 0x0000000089b00000, 0x0000000089b00000| Untracked 
| 156|0x0000000089c00000, 0x0000000089c00000, 0x0000000089d00000|  0%| F|  |TAMS 0x0000000089c00000, 0x0000000089c00000| Untracked 
| 157|0x0000000089d00000, 0x0000000089d00000, 0x0000000089e00000|  0%| F|  |TAMS 0x0000000089d00000, 0x0000000089d00000| Untracked 
| 158|0x0000000089e00000, 0x0000000089e00000, 0x0000000089f00000|  0%| F|  |TAMS 0x0000000089e00000, 0x0000000089e00000| Untracked 
| 159|0x0000000089f00000, 0x0000000089f00000, 0x000000008a000000|  0%| F|  |TAMS 0x0000000089f00000, 0x0000000089f00000| Untracked 
| 160|0x000000008a000000, 0x000000008a000000, 0x000000008a100000|  0%| F|  |TAMS 0x000000008a000000, 0x000000008a000000| Untracked 
| 161|0x000000008a100000, 0x000000008a100000, 0x000000008a200000|  0%| F|  |TAMS 0x000000008a100000, 0x000000008a100000| Untracked 
| 162|0x000000008a200000, 0x000000008a200000, 0x000000008a300000|  0%| F|  |TAMS 0x000000008a200000, 0x000000008a200000| Untracked 
| 163|0x000000008a300000, 0x000000008a300000, 0x000000008a400000|  0%| F|  |TAMS 0x000000008a300000, 0x000000008a300000| Untracked 
| 164|0x000000008a400000, 0x000000008a400000, 0x000000008a500000|  0%| F|  |TAMS 0x000000008a400000, 0x000000008a400000| Untracked 
| 165|0x000000008a500000, 0x000000008a500000, 0x000000008a600000|  0%| F|  |TAMS 0x000000008a500000, 0x000000008a500000| Untracked 
| 166|0x000000008a600000, 0x000000008a600000, 0x000000008a700000|  0%| F|  |TAMS 0x000000008a600000, 0x000000008a600000| Untracked 
| 167|0x000000008a700000, 0x000000008a700000, 0x000000008a800000|  0%| F|  |TAMS 0x000000008a700000, 0x000000008a700000| Untracked 
| 168|0x000000008a800000, 0x000000008a800000, 0x000000008a900000|  0%| F|  |TAMS 0x000000008a800000, 0x000000008a800000| Untracked 
| 169|0x000000008a900000, 0x000000008a900000, 0x000000008aa00000|  0%| F|  |TAMS 0x000000008a900000, 0x000000008a900000| Untracked 
| 170|0x000000008aa00000, 0x000000008aa00000, 0x000000008ab00000|  0%| F|  |TAMS 0x000000008aa00000, 0x000000008aa00000| Untracked 
| 171|0x000000008ab00000, 0x000000008ab00000, 0x000000008ac00000|  0%| F|  |TAMS 0x000000008ab00000, 0x000000008ab00000| Untracked 
| 172|0x000000008ac00000, 0x000000008ac00000, 0x000000008ad00000|  0%| F|  |TAMS 0x000000008ac00000, 0x000000008ac00000| Untracked 
| 173|0x000000008ad00000, 0x000000008ad00000, 0x000000008ae00000|  0%| F|  |TAMS 0x000000008ad00000, 0x000000008ad00000| Untracked 
| 174|0x000000008ae00000, 0x000000008ae00000, 0x000000008af00000|  0%| F|  |TAMS 0x000000008ae00000, 0x000000008ae00000| Untracked 
| 175|0x000000008af00000, 0x000000008af00000, 0x000000008b000000|  0%| F|  |TAMS 0x000000008af00000, 0x000000008af00000| Untracked 
| 176|0x000000008b000000, 0x000000008b000000, 0x000000008b100000|  0%| F|  |TAMS 0x000000008b000000, 0x000000008b000000| Untracked 
| 177|0x000000008b100000, 0x000000008b100000, 0x000000008b200000|  0%| F|  |TAMS 0x000000008b100000, 0x000000008b100000| Untracked 
| 178|0x000000008b200000, 0x000000008b200000, 0x000000008b300000|  0%| F|  |TAMS 0x000000008b200000, 0x000000008b200000| Untracked 
| 179|0x000000008b300000, 0x000000008b300000, 0x000000008b400000|  0%| F|  |TAMS 0x000000008b300000, 0x000000008b300000| Untracked 
| 180|0x000000008b400000, 0x000000008b400000, 0x000000008b500000|  0%| F|  |TAMS 0x000000008b400000, 0x000000008b400000| Untracked 
| 181|0x000000008b500000, 0x000000008b500000, 0x000000008b600000|  0%| F|  |TAMS 0x000000008b500000, 0x000000008b500000| Untracked 
| 182|0x000000008b600000, 0x000000008b600000, 0x000000008b700000|  0%| F|  |TAMS 0x000000008b600000, 0x000000008b600000| Untracked 
| 183|0x000000008b700000, 0x000000008b700000, 0x000000008b800000|  0%| F|  |TAMS 0x000000008b700000, 0x000000008b700000| Untracked 
| 184|0x000000008b800000, 0x000000008b800000, 0x000000008b900000|  0%| F|  |TAMS 0x000000008b800000, 0x000000008b800000| Untracked 
| 185|0x000000008b900000, 0x000000008b900000, 0x000000008ba00000|  0%| F|  |TAMS 0x000000008b900000, 0x000000008b900000| Untracked 
| 186|0x000000008ba00000, 0x000000008ba00000, 0x000000008bb00000|  0%| F|  |TAMS 0x000000008ba00000, 0x000000008ba00000| Untracked 
| 187|0x000000008bb00000, 0x000000008bb00000, 0x000000008bc00000|  0%| F|  |TAMS 0x000000008bb00000, 0x000000008bb00000| Untracked 
| 188|0x000000008bc00000, 0x000000008bc00000, 0x000000008bd00000|  0%| F|  |TAMS 0x000000008bc00000, 0x000000008bc00000| Untracked 
| 189|0x000000008bd00000, 0x000000008bd00000, 0x000000008be00000|  0%| F|  |TAMS 0x000000008bd00000, 0x000000008bd00000| Untracked 
| 190|0x000000008be00000, 0x000000008be00000, 0x000000008bf00000|  0%| F|  |TAMS 0x000000008be00000, 0x000000008be00000| Untracked 
| 191|0x000000008bf00000, 0x000000008bf00000, 0x000000008c000000|  0%| F|  |TAMS 0x000000008bf00000, 0x000000008bf00000| Untracked 
| 192|0x000000008c000000, 0x000000008c000000, 0x000000008c100000|  0%| F|  |TAMS 0x000000008c000000, 0x000000008c000000| Untracked 
| 193|0x000000008c100000, 0x000000008c200000, 0x000000008c200000|100%| E|CS|TAMS 0x000000008c100000, 0x000000008c100000| Complete 
| 194|0x000000008c200000, 0x000000008c300000, 0x000000008c300000|100%| E|CS|TAMS 0x000000008c200000, 0x000000008c200000| Complete 
| 195|0x000000008c300000, 0x000000008c400000, 0x000000008c400000|100%| E|CS|TAMS 0x000000008c300000, 0x000000008c300000| Complete 
| 196|0x000000008c400000, 0x000000008c500000, 0x000000008c500000|100%| E|CS|TAMS 0x000000008c400000, 0x000000008c400000| Complete 
| 197|0x000000008c500000, 0x000000008c600000, 0x000000008c600000|100%| E|CS|TAMS 0x000000008c500000, 0x000000008c500000| Complete 
| 198|0x000000008c600000, 0x000000008c700000, 0x000000008c700000|100%| E|CS|TAMS 0x000000008c600000, 0x000000008c600000| Complete 
| 199|0x000000008c700000, 0x000000008c800000, 0x000000008c800000|100%| E|CS|TAMS 0x000000008c700000, 0x000000008c700000| Complete 
| 200|0x000000008c800000, 0x000000008c900000, 0x000000008c900000|100%| E|CS|TAMS 0x000000008c800000, 0x000000008c800000| Complete 
| 201|0x000000008c900000, 0x000000008c900000, 0x000000008ca00000|  0%| F|  |TAMS 0x000000008c900000, 0x000000008c900000| Untracked 
| 202|0x000000008ca00000, 0x000000008ca00000, 0x000000008cb00000|  0%| F|  |TAMS 0x000000008ca00000, 0x000000008ca00000| Untracked 
| 203|0x000000008cb00000, 0x000000008cc00000, 0x000000008cc00000|100%| S|  |TAMS 0x000000008cb00000, 0x000000008cb00000| Complete 
| 204|0x000000008cc00000, 0x000000008cd00000, 0x000000008cd00000|100%| S|  |TAMS 0x000000008cc00000, 0x000000008cc00000| Complete 
| 205|0x000000008cd00000, 0x000000008ce00000, 0x000000008ce00000|100%| S|  |TAMS 0x000000008cd00000, 0x000000008cd00000| Complete 
| 206|0x000000008ce00000, 0x000000008cf00000, 0x000000008cf00000|100%| S|  |TAMS 0x000000008ce00000, 0x000000008ce00000| Complete 
| 207|0x000000008cf00000, 0x000000008d000000, 0x000000008d000000|100%| S|  |TAMS 0x000000008cf00000, 0x000000008cf00000| Complete 
| 208|0x000000008d000000, 0x000000008d100000, 0x000000008d100000|100%| E|CS|TAMS 0x000000008d000000, 0x000000008d000000| Complete 
| 209|0x000000008d100000, 0x000000008d200000, 0x000000008d200000|100%| E|CS|TAMS 0x000000008d100000, 0x000000008d100000| Complete 
| 210|0x000000008d200000, 0x000000008d300000, 0x000000008d300000|100%| E|CS|TAMS 0x000000008d200000, 0x000000008d200000| Complete 
| 211|0x000000008d300000, 0x000000008d400000, 0x000000008d400000|100%| E|CS|TAMS 0x000000008d300000, 0x000000008d300000| Complete 
| 212|0x000000008d400000, 0x000000008d500000, 0x000000008d500000|100%| E|CS|TAMS 0x000000008d400000, 0x000000008d400000| Complete 
| 213|0x000000008d500000, 0x000000008d600000, 0x000000008d600000|100%| E|CS|TAMS 0x000000008d500000, 0x000000008d500000| Complete 
| 214|0x000000008d600000, 0x000000008d700000, 0x000000008d700000|100%| E|CS|TAMS 0x000000008d600000, 0x000000008d600000| Complete 
| 215|0x000000008d700000, 0x000000008d800000, 0x000000008d800000|100%| E|CS|TAMS 0x000000008d700000, 0x000000008d700000| Complete 
| 216|0x000000008d800000, 0x000000008d900000, 0x000000008d900000|100%| E|CS|TAMS 0x000000008d800000, 0x000000008d800000| Complete 
| 217|0x000000008d900000, 0x000000008da00000, 0x000000008da00000|100%| E|CS|TAMS 0x000000008d900000, 0x000000008d900000| Complete 
| 218|0x000000008da00000, 0x000000008db00000, 0x000000008db00000|100%| E|CS|TAMS 0x000000008da00000, 0x000000008da00000| Complete 
| 219|0x000000008db00000, 0x000000008dc00000, 0x000000008dc00000|100%| E|CS|TAMS 0x000000008db00000, 0x000000008db00000| Complete 
| 220|0x000000008dc00000, 0x000000008dd00000, 0x000000008dd00000|100%| E|CS|TAMS 0x000000008dc00000, 0x000000008dc00000| Complete 
| 221|0x000000008dd00000, 0x000000008de00000, 0x000000008de00000|100%| E|CS|TAMS 0x000000008dd00000, 0x000000008dd00000| Complete 
| 222|0x000000008de00000, 0x000000008df00000, 0x000000008df00000|100%| E|CS|TAMS 0x000000008de00000, 0x000000008de00000| Complete 
| 223|0x000000008df00000, 0x000000008e000000, 0x000000008e000000|100%| E|CS|TAMS 0x000000008df00000, 0x000000008df00000| Complete 
| 224|0x000000008e000000, 0x000000008e100000, 0x000000008e100000|100%| E|CS|TAMS 0x000000008e000000, 0x000000008e000000| Complete 
| 225|0x000000008e100000, 0x000000008e200000, 0x000000008e200000|100%| E|CS|TAMS 0x000000008e100000, 0x000000008e100000| Complete 
| 226|0x000000008e200000, 0x000000008e300000, 0x000000008e300000|100%| E|CS|TAMS 0x000000008e200000, 0x000000008e200000| Complete 
| 227|0x000000008e300000, 0x000000008e400000, 0x000000008e400000|100%| E|CS|TAMS 0x000000008e300000, 0x000000008e300000| Complete 
| 228|0x000000008e400000, 0x000000008e500000, 0x000000008e500000|100%| E|CS|TAMS 0x000000008e400000, 0x000000008e400000| Complete 
| 229|0x000000008e500000, 0x000000008e600000, 0x000000008e600000|100%| E|CS|TAMS 0x000000008e500000, 0x000000008e500000| Complete 
| 230|0x000000008e600000, 0x000000008e700000, 0x000000008e700000|100%| E|CS|TAMS 0x000000008e600000, 0x000000008e600000| Complete 
| 231|0x000000008e700000, 0x000000008e800000, 0x000000008e800000|100%| E|CS|TAMS 0x000000008e700000, 0x000000008e700000| Complete 
| 232|0x000000008e800000, 0x000000008e900000, 0x000000008e900000|100%| E|CS|TAMS 0x000000008e800000, 0x000000008e800000| Complete 
| 233|0x000000008e900000, 0x000000008ea00000, 0x000000008ea00000|100%| E|CS|TAMS 0x000000008e900000, 0x000000008e900000| Complete 
| 234|0x000000008ea00000, 0x000000008eb00000, 0x000000008eb00000|100%| E|CS|TAMS 0x000000008ea00000, 0x000000008ea00000| Complete 
| 235|0x000000008eb00000, 0x000000008ec00000, 0x000000008ec00000|100%| E|CS|TAMS 0x000000008eb00000, 0x000000008eb00000| Complete 
| 236|0x000000008ec00000, 0x000000008ed00000, 0x000000008ed00000|100%| E|CS|TAMS 0x000000008ec00000, 0x000000008ec00000| Complete 
| 237|0x000000008ed00000, 0x000000008ee00000, 0x000000008ee00000|100%| E|CS|TAMS 0x000000008ed00000, 0x000000008ed00000| Complete 
| 238|0x000000008ee00000, 0x000000008ef00000, 0x000000008ef00000|100%| E|CS|TAMS 0x000000008ee00000, 0x000000008ee00000| Complete 
| 239|0x000000008ef00000, 0x000000008f000000, 0x000000008f000000|100%| E|CS|TAMS 0x000000008ef00000, 0x000000008ef00000| Complete 
| 240|0x000000008f000000, 0x000000008f100000, 0x000000008f100000|100%| E|CS|TAMS 0x000000008f000000, 0x000000008f000000| Complete 
| 241|0x000000008f100000, 0x000000008f200000, 0x000000008f200000|100%| E|CS|TAMS 0x000000008f100000, 0x000000008f100000| Complete 
| 242|0x000000008f200000, 0x000000008f300000, 0x000000008f300000|100%| E|CS|TAMS 0x000000008f200000, 0x000000008f200000| Complete 
| 243|0x000000008f300000, 0x000000008f400000, 0x000000008f400000|100%| E|CS|TAMS 0x000000008f300000, 0x000000008f300000| Complete 
| 244|0x000000008f400000, 0x000000008f500000, 0x000000008f500000|100%| E|CS|TAMS 0x000000008f400000, 0x000000008f400000| Complete 
| 245|0x000000008f500000, 0x000000008f600000, 0x000000008f600000|100%| E|CS|TAMS 0x000000008f500000, 0x000000008f500000| Complete 
| 246|0x000000008f600000, 0x000000008f700000, 0x000000008f700000|100%| E|CS|TAMS 0x000000008f600000, 0x000000008f600000| Complete 
| 247|0x000000008f700000, 0x000000008f800000, 0x000000008f800000|100%| E|CS|TAMS 0x000000008f700000, 0x000000008f700000| Complete 
| 248|0x000000008f800000, 0x000000008f900000, 0x000000008f900000|100%| E|CS|TAMS 0x000000008f800000, 0x000000008f800000| Complete 
| 249|0x000000008f900000, 0x000000008fa00000, 0x000000008fa00000|100%| E|CS|TAMS 0x000000008f900000, 0x000000008f900000| Complete 
| 250|0x000000008fa00000, 0x000000008fb00000, 0x000000008fb00000|100%| E|CS|TAMS 0x000000008fa00000, 0x000000008fa00000| Complete 
| 251|0x000000008fb00000, 0x000000008fc00000, 0x000000008fc00000|100%| E|CS|TAMS 0x000000008fb00000, 0x000000008fb00000| Complete 
| 252|0x000000008fc00000, 0x000000008fd00000, 0x000000008fd00000|100%| E|CS|TAMS 0x000000008fc00000, 0x000000008fc00000| Complete 
| 253|0x000000008fd00000, 0x000000008fe00000, 0x000000008fe00000|100%| E|CS|TAMS 0x000000008fd00000, 0x000000008fd00000| Complete 
| 254|0x000000008fe00000, 0x000000008ff00000, 0x000000008ff00000|100%| E|CS|TAMS 0x000000008fe00000, 0x000000008fe00000| Complete 
| 255|0x000000008ff00000, 0x0000000090000000, 0x0000000090000000|100%| E|CS|TAMS 0x000000008ff00000, 0x000000008ff00000| Complete 
| 256|0x0000000090000000, 0x0000000090100000, 0x0000000090100000|100%| E|CS|TAMS 0x0000000090000000, 0x0000000090000000| Complete 
| 257|0x0000000090100000, 0x0000000090200000, 0x0000000090200000|100%| E|CS|TAMS 0x0000000090100000, 0x0000000090100000| Complete 
| 258|0x0000000090200000, 0x0000000090300000, 0x0000000090300000|100%| E|CS|TAMS 0x0000000090200000, 0x0000000090200000| Complete 
| 259|0x0000000090300000, 0x0000000090400000, 0x0000000090400000|100%| E|CS|TAMS 0x0000000090300000, 0x0000000090300000| Complete 
| 260|0x0000000090400000, 0x0000000090500000, 0x0000000090500000|100%| E|CS|TAMS 0x0000000090400000, 0x0000000090400000| Complete 
| 261|0x0000000090500000, 0x0000000090600000, 0x0000000090600000|100%| E|CS|TAMS 0x0000000090500000, 0x0000000090500000| Complete 
| 262|0x0000000090600000, 0x0000000090700000, 0x0000000090700000|100%| E|CS|TAMS 0x0000000090600000, 0x0000000090600000| Complete 
| 263|0x0000000090700000, 0x0000000090800000, 0x0000000090800000|100%| E|CS|TAMS 0x0000000090700000, 0x0000000090700000| Complete 

Card table byte_map: [0x00000230df490000,0x00000230df890000] _byte_map_base: 0x00000230df090000

Marking Bits (Prev, Next): (CMBitMap*) 0x00000230cbfa95b0, (CMBitMap*) 0x00000230cbfa9578
 Prev Bits: [0x00000230e1c90000, 0x00000230e3c90000)
 Next Bits: [0x00000230dfc90000, 0x00000230e1c90000)

Polling page: 0x00000230ca6e0000

Metaspace:

Usage:
  Non-class:    107.01 MB capacity,   105.06 MB ( 98%) used,     1.63 MB (  2%) free+waste,   324.63 KB ( <1%) overhead. 
      Class:     16.02 MB capacity,    14.93 MB ( 93%) used,   970.88 KB (  6%) free+waste,   145.94 KB ( <1%) overhead. 
       Both:    123.04 MB capacity,   119.99 MB ( 98%) used,     2.58 MB (  2%) free+waste,   470.56 KB ( <1%) overhead. 

Virtual space:
  Non-class space:      108.00 MB reserved,     107.25 MB (>99%) committed 
      Class space:        1.00 GB reserved,      16.13 MB (  2%) committed 
             Both:        1.11 GB reserved,     123.38 MB ( 11%) committed 

Chunk freelists:
   Non-Class:  53.00 KB
       Class:  7.00 KB
        Both:  60.00 KB

MaxMetaspaceSize: 17179869184.00 GB
CompressedClassSpaceSize: 1.00 GB

CodeHeap 'non-profiled nmethods': size=120064Kb used=9207Kb max_used=9207Kb free=110856Kb
 bounds [0x00000230d7530000, 0x00000230d7e30000, 0x00000230dea70000]
CodeHeap 'profiled nmethods': size=120000Kb used=31173Kb max_used=31173Kb free=88826Kb
 bounds [0x00000230d0000000, 0x00000230d1e80000, 0x00000230d7530000]
CodeHeap 'non-nmethods': size=5696Kb used=2337Kb max_used=2406Kb free=3359Kb
 bounds [0x00000230cfa70000, 0x00000230cfce0000, 0x00000230d0000000]
 total_blobs=14544 nmethods=13592 adapters=863
 compilation: enabled
              stopped_count=0, restarted_count=0
 full_count=0

Compilation events (20 events):
Event: 582.815 Thread 0x00000230e62cf000 nmethod 13615 0x00000230d1e6b490 code [0x00000230d1e6b640, 0x00000230d1e6b788]
Event: 582.815 Thread 0x00000230e62cf000 13616       1       com.android.tools.build.jetifier.processor.transform.TransformationContext::getVersions (5 bytes)
Event: 582.815 Thread 0x00000230e62cf000 nmethod 13616 0x00000230d7e26e10 code [0x00000230d7e26fc0, 0x00000230d7e27078]
Event: 582.862 Thread 0x00000230e62cf000 13617       3       org.apache.tools.ant.Project$AntRefTable::getReal (6 bytes)
Event: 582.862 Thread 0x00000230e62cf000 nmethod 13617 0x00000230d1e6b890 code [0x00000230d1e6ba40, 0x00000230d1e6bb68]
Event: 582.862 Thread 0x00000230e62cf000 13618  s    3       java.util.Hashtable::containsKey (65 bytes)
Event: 582.863 Thread 0x00000230e62cf000 nmethod 13618 0x00000230d1e6bc10 code [0x00000230d1e6be00, 0x00000230d1e6c3d8]
Event: 582.863 Thread 0x00000230e62cf000 13619   !   3       org.apache.tools.ant.Project::getReference (94 bytes)
Event: 582.864 Thread 0x00000230e62cf000 nmethod 13619 0x00000230d1e6c590 code [0x00000230d1e6c900, 0x00000230d1e6de88]
Event: 582.873 Thread 0x00000230ee4a8800 nmethod 13612 0x00000230d7e27110 code [0x00000230d7e273c0, 0x00000230d7e28fd0]
Event: 582.873 Thread 0x00000230ee4a8800 13610       4       java.util.regex.Pattern::range (292 bytes)
Event: 582.881 Thread 0x00000230ee4a8800 nmethod 13610 0x00000230d7e29c10 code [0x00000230d7e29e00, 0x00000230d7e2a430]
Event: 582.881 Thread 0x00000230ee4a8800 13611       4       java.util.regex.Pattern::escape (1323 bytes)
Event: 582.886 Thread 0x00000230e62cf000 13620   !   3       com.sun.jmx.mbeanserver.Introspector::descriptorForAnnotations (242 bytes)
Event: 582.888 Thread 0x00000230e62cf000 nmethod 13620 0x00000230d1e6e790 code [0x00000230d1e6eba0, 0x00000230d1e708b8]
Event: 582.925 Thread 0x00000230ee4a8800 nmethod 13611 0x00000230d7e2aa10 code [0x00000230d7e2aca0, 0x00000230d7e2c930]
Event: 582.925 Thread 0x00000230ee4a8800 13622 %     4       org.apache.commons.lang.StringUtils::containsAny @ 37 (128 bytes)
Event: 582.932 Thread 0x00000230ee4a8800 nmethod 13622% 0x00000230d7e2cf10 code [0x00000230d7e2d0c0, 0x00000230d7e2d3f8]
Event: 582.932 Thread 0x00000230ee4a8800 13621       4       java.io.DataOutputStream::<init> (19 bytes)
Event: 582.936 Thread 0x00000230ee4a8800 nmethod 13621 0x00000230d7e2d690 code [0x00000230d7e2d840, 0x00000230d7e2dc38]

GC Heap History (20 events):
Event: 36.858 GC heap after
{Heap after GC invocations=57 (full 0):
 garbage-first heap   total 187392K, used 128252K [0x0000000080000000, 0x0000000100000000)
  region size 1024K, 3 young (3072K), 3 survivors (3072K)
 Metaspace       used 94407K, capacity 96739K, committed 97024K, reserved 1134592K
  class space    used 11890K, capacity 12717K, committed 12800K, reserved 1048576K
}
Event: 37.163 GC heap before
{Heap before GC invocations=57 (full 0):
 garbage-first heap   total 187392K, used 144636K [0x0000000080000000, 0x0000000100000000)
  region size 1024K, 20 young (20480K), 3 survivors (3072K)
 Metaspace       used 95133K, capacity 97356K, committed 97664K, reserved 1134592K
  class space    used 11983K, capacity 12791K, committed 12928K, reserved 1048576K
}
Event: 37.169 GC heap after
{Heap after GC invocations=58 (full 0):
 garbage-first heap   total 187392K, used 130281K [0x0000000080000000, 0x0000000100000000)
  region size 1024K, 2 young (2048K), 2 survivors (2048K)
 Metaspace       used 95133K, capacity 97356K, committed 97664K, reserved 1134592K
  class space    used 11983K, capacity 12791K, committed 12928K, reserved 1048576K
}
Event: 37.927 GC heap before
{Heap before GC invocations=58 (full 0):
 garbage-first heap   total 187392K, used 147689K [0x0000000080000000, 0x0000000100000000)
  region size 1024K, 20 young (20480K), 2 survivors (2048K)
 Metaspace       used 95833K, capacity 98202K, committed 98432K, reserved 1134592K
  class space    used 12054K, capacity 12872K, committed 12928K, reserved 1048576K
}
Event: 37.933 GC heap after
{Heap after GC invocations=59 (full 0):
 garbage-first heap   total 187392K, used 131588K [0x0000000080000000, 0x0000000100000000)
  region size 1024K, 2 young (2048K), 2 survivors (2048K)
 Metaspace       used 95833K, capacity 98202K, committed 98432K, reserved 1134592K
  class space    used 12054K, capacity 12872K, committed 12928K, reserved 1048576K
}
Event: 38.372 GC heap before
{Heap before GC invocations=59 (full 0):
 garbage-first heap   total 187392K, used 150020K [0x0000000080000000, 0x0000000100000000)
  region size 1024K, 21 young (21504K), 2 survivors (2048K)
 Metaspace       used 98778K, capacity 101245K, committed 101504K, reserved 1136640K
  class space    used 12483K, capacity 13364K, committed 13440K, reserved 1048576K
}
Event: 38.379 GC heap after
{Heap after GC invocations=60 (full 0):
 garbage-first heap   total 225280K, used 132502K [0x0000000080000000, 0x0000000100000000)
  region size 1024K, 3 young (3072K), 3 survivors (3072K)
 Metaspace       used 98778K, capacity 101245K, committed 101504K, reserved 1136640K
  class space    used 12483K, capacity 13364K, committed 13440K, reserved 1048576K
}
Event: 38.922 GC heap before
{Heap before GC invocations=60 (full 0):
 garbage-first heap   total 225280K, used 167318K [0x0000000080000000, 0x0000000100000000)
  region size 1024K, 38 young (38912K), 3 survivors (3072K)
 Metaspace       used 99758K, capacity 102287K, committed 102400K, reserved 1138688K
  class space    used 12623K, capacity 13496K, committed 13568K, reserved 1048576K
}
Event: 38.935 GC heap after
{Heap after GC invocations=61 (full 0):
 garbage-first heap   total 225280K, used 134914K [0x0000000080000000, 0x0000000100000000)
  region size 1024K, 5 young (5120K), 5 survivors (5120K)
 Metaspace       used 99758K, capacity 102287K, committed 102400K, reserved 1138688K
  class space    used 12623K, capacity 13496K, committed 13568K, reserved 1048576K
}
Event: 39.386 GC heap before
{Heap before GC invocations=61 (full 0):
 garbage-first heap   total 225280K, used 172802K [0x0000000080000000, 0x0000000100000000)
  region size 1024K, 42 young (43008K), 5 survivors (5120K)
 Metaspace       used 102614K, capacity 105135K, committed 105344K, reserved 1140736K
  class space    used 12971K, capacity 13848K, committed 13952K, reserved 1048576K
}
Event: 39.396 GC heap after
{Heap after GC invocations=62 (full 0):
 garbage-first heap   total 225280K, used 136089K [0x0000000080000000, 0x0000000100000000)
  region size 1024K, 4 young (4096K), 4 survivors (4096K)
 Metaspace       used 102614K, capacity 105135K, committed 105344K, reserved 1140736K
  class space    used 12971K, capacity 13848K, committed 13952K, reserved 1048576K
}
Event: 40.105 GC heap before
{Heap before GC invocations=62 (full 0):
 garbage-first heap   total 225280K, used 182169K [0x0000000080000000, 0x0000000100000000)
  region size 1024K, 42 young (43008K), 4 survivors (4096K)
 Metaspace       used 104854K, capacity 107328K, committed 107648K, reserved 1142784K
  class space    used 13221K, capacity 14086K, committed 14208K, reserved 1048576K
}
Event: 40.114 GC heap after
{Heap after GC invocations=63 (full 0):
 garbage-first heap   total 225280K, used 138840K [0x0000000080000000, 0x0000000100000000)
  region size 1024K, 4 young (4096K), 4 survivors (4096K)
 Metaspace       used 104854K, capacity 107328K, committed 107648K, reserved 1142784K
  class space    used 13221K, capacity 14086K, committed 14208K, reserved 1048576K
}
Event: 40.777 GC heap before
{Heap before GC invocations=63 (full 0):
 garbage-first heap   total 225280K, used 178776K [0x0000000080000000, 0x0000000100000000)
  region size 1024K, 43 young (44032K), 4 survivors (4096K)
 Metaspace       used 105877K, capacity 108444K, committed 108672K, reserved 1142784K
  class space    used 13365K, capacity 14340K, committed 14464K, reserved 1048576K
}
Event: 40.790 GC heap after
{Heap after GC invocations=64 (full 0):
 garbage-first heap   total 270336K, used 141868K [0x0000000080000000, 0x0000000100000000)
  region size 1024K, 6 young (6144K), 6 survivors (6144K)
 Metaspace       used 105877K, capacity 108444K, committed 108672K, reserved 1142784K
  class space    used 13365K, capacity 14340K, committed 14464K, reserved 1048576K
}
Event: 579.816 GC heap before
{Heap before GC invocations=64 (full 0):
 garbage-first heap   total 270336K, used 197164K [0x0000000080000000, 0x0000000100000000)
  region size 1024K, 61 young (62464K), 6 survivors (6144K)
 Metaspace       used 110950K, capacity 113848K, committed 114048K, reserved 1148928K
  class space    used 13852K, capacity 14927K, committed 14976K, reserved 1048576K
}
Event: 579.831 GC heap after
{Heap after GC invocations=65 (full 0):
 garbage-first heap   total 270336K, used 145533K [0x0000000080000000, 0x0000000100000000)
  region size 1024K, 7 young (7168K), 7 survivors (7168K)
 Metaspace       used 110950K, capacity 113848K, committed 114048K, reserved 1148928K
  class space    used 13852K, capacity 14927K, committed 14976K, reserved 1048576K
}
Event: 581.754 GC heap before
{Heap before GC invocations=65 (full 0):
 garbage-first heap   total 270336K, used 204925K [0x0000000080000000, 0x0000000100000000)
  region size 1024K, 63 young (64512K), 7 survivors (7168K)
 Metaspace       used 117399K, capacity 120431K, committed 120704K, reserved 1155072K
  class space    used 14585K, capacity 15674K, committed 15744K, reserved 1048576K
}
Event: 581.769 GC heap after
{Heap after GC invocations=66 (full 0):
 garbage-first heap   total 270336K, used 154096K [0x0000000080000000, 0x0000000100000000)
  region size 1024K, 8 young (8192K), 8 survivors (8192K)
 Metaspace       used 117399K, capacity 120431K, committed 120704K, reserved 1155072K
  class space    used 14585K, capacity 15674K, committed 15744K, reserved 1048576K
}
Event: 582.940 GC heap before
{Heap before GC invocations=66 (full 0):
 garbage-first heap   total 270336K, used 211440K [0x0000000080000000, 0x0000000100000000)
  region size 1024K, 64 young (65536K), 8 survivors (8192K)
 Metaspace       used 122874K, capacity 125988K, committed 126336K, reserved 1159168K
  class space    used 15292K, capacity 16409K, committed 16512K, reserved 1048576K
}

Deoptimization events (20 events):
Event: 582.154 Thread 0x00000230e6fa4800 DEOPT PACKING pc=0x00000230d7e0e47c sp=0x000000b5943f3ce0
Event: 582.154 Thread 0x00000230e6fa4800 DEOPT UNPACKING pc=0x00000230cfa9662f sp=0x000000b5943f3cb8 mode 2
Event: 582.154 Thread 0x00000230e6fa4800 Uncommon trap: trap_request=0xffffffbe fr.pc=0x00000230d7e0e47c relative=0x0000000000000b9c
Event: 582.154 Thread 0x00000230e6fa4800 Uncommon trap: reason=profile_predicate action=maybe_recompile pc=0x00000230d7e0e47c method=java.math.BigInteger.montReduce([I[III)[I @ 56 c2
Event: 582.154 Thread 0x00000230e6fa4800 DEOPT PACKING pc=0x00000230d7e0e47c sp=0x000000b5943f3ce0
Event: 582.154 Thread 0x00000230e6fa4800 DEOPT UNPACKING pc=0x00000230cfa9662f sp=0x000000b5943f3cb8 mode 2
Event: 582.159 Thread 0x00000230e6fa4800 DEOPT PACKING pc=0x00000230d0db69b4 sp=0x000000b5943f3e90
Event: 582.159 Thread 0x00000230e6fa4800 DEOPT UNPACKING pc=0x00000230cfa96dde sp=0x000000b5943f3350 mode 0
Event: 582.159 Thread 0x00000230e6fa4800 DEOPT PACKING pc=0x00000230d0db6122 sp=0x000000b5943f3e40
Event: 582.159 Thread 0x00000230e6fa4800 DEOPT UNPACKING pc=0x00000230cfa96dde sp=0x000000b5943f32b8 mode 0
Event: 582.161 Thread 0x00000230e6fa4800 DEOPT PACKING pc=0x00000230d0db69b4 sp=0x000000b5943f3e90
Event: 582.161 Thread 0x00000230e6fa4800 DEOPT UNPACKING pc=0x00000230cfa96dde sp=0x000000b5943f3350 mode 0
Event: 582.161 Thread 0x00000230e6fa4800 DEOPT PACKING pc=0x00000230d0db6122 sp=0x000000b5943f3e40
Event: 582.161 Thread 0x00000230e6fa4800 DEOPT UNPACKING pc=0x00000230cfa96dde sp=0x000000b5943f32b8 mode 0
Event: 582.386 Thread 0x00000230e6fa4800 Uncommon trap: trap_request=0xffffff4d fr.pc=0x00000230d7a92da8 relative=0x0000000000000da8
Event: 582.386 Thread 0x00000230e6fa4800 Uncommon trap: reason=unstable_if action=reinterpret pc=0x00000230d7a92da8 method=sun.reflect.annotation.AnnotationInvocationHandler.invoke(Ljava/lang/Object;Ljava/lang/reflect/Method;[Ljava/lang/Object;)Ljava/lang/Object; @ 15 c2
Event: 582.386 Thread 0x00000230e6fa4800 DEOPT PACKING pc=0x00000230d7a92da8 sp=0x000000b5943f72c0
Event: 582.386 Thread 0x00000230e6fa4800 DEOPT UNPACKING pc=0x00000230cfa9662f sp=0x000000b5943f7290 mode 2
Event: 582.583 Thread 0x00000230e6fa4800 DEOPT PACKING pc=0x00000230d0edbe24 sp=0x000000b5943f7c80
Event: 582.583 Thread 0x00000230e6fa4800 DEOPT UNPACKING pc=0x00000230cfa96dde sp=0x000000b5943f71a0 mode 0

Classes redefined (0 events):
No events

Internal exceptions (20 events):
Event: 580.666 Thread 0x00000230e6fa4800 Exception <a 'java/security/PrivilegedActionException'{0x000000008f514810}> (0x000000008f514810) thrown at [./src/hotspot/share/prims/jvm.cpp, line 1306]
Event: 580.666 Thread 0x00000230e6fa4800 Exception <a 'java/security/PrivilegedActionException'{0x000000008f516f40}> (0x000000008f516f40) thrown at [./src/hotspot/share/prims/jvm.cpp, line 1306]
Event: 580.666 Thread 0x00000230e6fa4800 Exception <a 'java/security/PrivilegedActionException'{0x000000008f517f58}> (0x000000008f517f58) thrown at [./src/hotspot/share/prims/jvm.cpp, line 1306]
Event: 580.666 Thread 0x00000230e6fa4800 Exception <a 'java/security/PrivilegedActionException'{0x000000008f51a6a0}> (0x000000008f51a6a0) thrown at [./src/hotspot/share/prims/jvm.cpp, line 1306]
Event: 580.666 Thread 0x00000230e6fa4800 Exception <a 'java/security/PrivilegedActionException'{0x000000008f51b6b8}> (0x000000008f51b6b8) thrown at [./src/hotspot/share/prims/jvm.cpp, line 1306]
Event: 580.666 Thread 0x00000230e6fa4800 Exception <a 'java/security/PrivilegedActionException'{0x000000008f51dd90}> (0x000000008f51dd90) thrown at [./src/hotspot/share/prims/jvm.cpp, line 1306]
Event: 580.666 Thread 0x00000230e6fa4800 Exception <a 'java/security/PrivilegedActionException'{0x000000008f51eda8}> (0x000000008f51eda8) thrown at [./src/hotspot/share/prims/jvm.cpp, line 1306]
Event: 580.703 Thread 0x00000230e6fa4800 Exception <a 'java/security/PrivilegedActionException'{0x000000008f5c85c0}> (0x000000008f5c85c0) thrown at [./src/hotspot/share/prims/jvm.cpp, line 1306]
Event: 580.703 Thread 0x00000230e6fa4800 Exception <a 'java/security/PrivilegedActionException'{0x000000008f5c95d8}> (0x000000008f5c95d8) thrown at [./src/hotspot/share/prims/jvm.cpp, line 1306]
Event: 580.704 Thread 0x00000230e6fa4800 Exception <a 'java/security/PrivilegedActionException'{0x000000008f5cbcb0}> (0x000000008f5cbcb0) thrown at [./src/hotspot/share/prims/jvm.cpp, line 1306]
Event: 580.704 Thread 0x00000230e6fa4800 Exception <a 'java/security/PrivilegedActionException'{0x000000008f5cccc8}> (0x000000008f5cccc8) thrown at [./src/hotspot/share/prims/jvm.cpp, line 1306]
Event: 580.704 Thread 0x00000230e6fa4800 Exception <a 'java/security/PrivilegedActionException'{0x000000008f5cf458}> (0x000000008f5cf458) thrown at [./src/hotspot/share/prims/jvm.cpp, line 1306]
Event: 580.704 Thread 0x00000230e6fa4800 Exception <a 'java/security/PrivilegedActionException'{0x000000008f5d0470}> (0x000000008f5d0470) thrown at [./src/hotspot/share/prims/jvm.cpp, line 1306]
Event: 580.704 Thread 0x00000230e6fa4800 Exception <a 'java/security/PrivilegedActionException'{0x000000008f5d2b50}> (0x000000008f5d2b50) thrown at [./src/hotspot/share/prims/jvm.cpp, line 1306]
Event: 580.704 Thread 0x00000230e6fa4800 Exception <a 'java/security/PrivilegedActionException'{0x000000008f5d3b68}> (0x000000008f5d3b68) thrown at [./src/hotspot/share/prims/jvm.cpp, line 1306]
Event: 580.704 Thread 0x00000230e6fa4800 Exception <a 'java/security/PrivilegedActionException'{0x000000008f5d6298}> (0x000000008f5d6298) thrown at [./src/hotspot/share/prims/jvm.cpp, line 1306]
Event: 580.704 Thread 0x00000230e6fa4800 Exception <a 'java/security/PrivilegedActionException'{0x000000008f5d72b0}> (0x000000008f5d72b0) thrown at [./src/hotspot/share/prims/jvm.cpp, line 1306]
Event: 580.704 Thread 0x00000230e6fa4800 Exception <a 'java/security/PrivilegedActionException'{0x000000008f5d9a40}> (0x000000008f5d9a40) thrown at [./src/hotspot/share/prims/jvm.cpp, line 1306]
Event: 580.704 Thread 0x00000230e6fa4800 Exception <a 'java/security/PrivilegedActionException'{0x000000008f5daa58}> (0x000000008f5daa58) thrown at [./src/hotspot/share/prims/jvm.cpp, line 1306]
Event: 582.176 Thread 0x00000230e6fa4800 Exception <a 'sun/nio/fs/WindowsException'{0x000000008f31d010}> (0x000000008f31d010) thrown at [./src/hotspot/share/prims/jni.cpp, line 615]

Events (20 events):
Event: 582.599 loading class com/android/build/gradle/internal/plugins/BasePlugin
Event: 582.599 loading class com/android/build/gradle/internal/plugins/BasePlugin done
Event: 582.620 Executing VM operation: RevokeBias
Event: 582.620 Executing VM operation: RevokeBias done
Event: 582.667 Thread 0x00000230ee4a8800 Thread added: 0x00000230ee4a8800
Event: 582.842 loading class org/gradle/api/Project
Event: 582.842 loading class org/gradle/api/Project done
Event: 582.842 loading class org/gradle/api/Project
Event: 582.842 loading class org/gradle/api/Project done
Event: 582.842 loading class com/android/build/gradle/internal/plugins/BasePlugin
Event: 582.842 loading class com/android/build/gradle/internal/plugins/BasePlugin done
Event: 582.855 Executing VM operation: RevokeBias
Event: 582.855 Executing VM operation: RevokeBias done
Event: 582.886 Executing VM operation: RevokeBias
Event: 582.886 Executing VM operation: RevokeBias done
Event: 582.888 Executing VM operation: RevokeBias
Event: 582.888 Executing VM operation: RevokeBias done
Event: 582.889 Executing VM operation: RevokeBias
Event: 582.889 Executing VM operation: RevokeBias done
Event: 582.940 Executing VM operation: G1CollectForAllocation


Dynamic libraries:
0x00007ff71d4c0000 - 0x00007ff71d4ca000 	C:\Program Files\Android\Android Studio2\jre\bin\java.exe
0x00007fffd5af0000 - 0x00007fffd5ce5000 	C:\WINDOWS\SYSTEM32\ntdll.dll
0x00007fffd3f10000 - 0x00007fffd3fce000 	C:\WINDOWS\System32\KERNEL32.DLL
0x00007fffd3440000 - 0x00007fffd3708000 	C:\WINDOWS\System32\KERNELBASE.dll
0x00007fffd3340000 - 0x00007fffd3440000 	C:\WINDOWS\System32\ucrtbase.dll
0x00007fffbc260000 - 0x00007fffbc277000 	C:\Program Files\Android\Android Studio2\jre\bin\VCRUNTIME140.dll
0x00007fffbc280000 - 0x00007fffbc299000 	C:\Program Files\Android\Android Studio2\jre\bin\jli.dll
0x00007fffd58d0000 - 0x00007fffd5a71000 	C:\WINDOWS\System32\USER32.dll
0x00007fffd3910000 - 0x00007fffd3932000 	C:\WINDOWS\System32\win32u.dll
0x00007fffd28b0000 - 0x00007fffd2b4a000 	C:\WINDOWS\WinSxS\amd64_microsoft.windows.common-controls_6595b64144ccf1df_6.0.19041.1110_none_60b5254171f9507e\COMCTL32.dll
0x00007fffd4c50000 - 0x00007fffd4c7b000 	C:\WINDOWS\System32\GDI32.dll
0x00007fffd5120000 - 0x00007fffd51be000 	C:\WINDOWS\System32\msvcrt.dll
0x00007fffd3970000 - 0x00007fffd3a7d000 	C:\WINDOWS\System32\gdi32full.dll
0x00007fffd3870000 - 0x00007fffd390d000 	C:\WINDOWS\System32\msvcp_win.dll
0x00007fffd5a80000 - 0x00007fffd5ab0000 	C:\WINDOWS\System32\IMM32.DLL
0x00007fffbc1c0000 - 0x00007fffbc25d000 	C:\Program Files\Android\Android Studio2\jre\bin\msvcp140.dll
0x00007fff84f70000 - 0x00007fff85a45000 	C:\Program Files\Android\Android Studio2\jre\bin\server\jvm.dll
0x00007fffd4ba0000 - 0x00007fffd4c4e000 	C:\WINDOWS\System32\ADVAPI32.dll
0x00007fffd3d70000 - 0x00007fffd3e0c000 	C:\WINDOWS\System32\sechost.dll
0x00007fffd4e60000 - 0x00007fffd4f85000 	C:\WINDOWS\System32\RPCRT4.dll
0x00007fffd4d90000 - 0x00007fffd4d98000 	C:\WINDOWS\System32\PSAPI.DLL
0x00007fffbc670000 - 0x00007fffbc679000 	C:\WINDOWS\SYSTEM32\WSOCK32.dll
0x00007fffcb180000 - 0x00007fffcb1a7000 	C:\WINDOWS\SYSTEM32\WINMM.dll
0x00007fffd4c80000 - 0x00007fffd4ceb000 	C:\WINDOWS\System32\WS2_32.dll
0x00007fffc4c60000 - 0x00007fffc4c6a000 	C:\WINDOWS\SYSTEM32\VERSION.dll
0x00007fffd1450000 - 0x00007fffd1462000 	C:\WINDOWS\SYSTEM32\kernel.appcore.dll
0x00007fff8f850000 - 0x00007fff8f861000 	C:\Program Files\Android\Android Studio2\jre\bin\verify.dll
0x00007fffd2c20000 - 0x00007fffd2e04000 	C:\WINDOWS\SYSTEM32\DBGHELP.DLL
0x00007fffd2b70000 - 0x00007fffd2b9c000 	C:\WINDOWS\SYSTEM32\dbgcore.DLL
0x00007fffd32b0000 - 0x00007fffd3332000 	C:\WINDOWS\System32\bcryptPrimitives.dll
0x00007fff862d0000 - 0x00007fff862f9000 	C:\Program Files\Android\Android Studio2\jre\bin\java.dll
0x00007fffbc020000 - 0x00007fffbc02b000 	C:\Program Files\Android\Android Studio2\jre\bin\jimage.dll
0x00007fff862b0000 - 0x00007fff862c8000 	C:\Program Files\Android\Android Studio2\jre\bin\zip.dll
0x00007fffd4450000 - 0x00007fffd4b94000 	C:\WINDOWS\System32\SHELL32.dll
0x00007fffd0ca0000 - 0x00007fffd1435000 	C:\WINDOWS\SYSTEM32\windows.storage.dll
0x00007fffd5310000 - 0x00007fffd5665000 	C:\WINDOWS\System32\combase.dll
0x00007fffd24e0000 - 0x00007fffd250e000 	C:\WINDOWS\SYSTEM32\Wldp.dll
0x00007fffd3b30000 - 0x00007fffd3bdd000 	C:\WINDOWS\System32\SHCORE.dll
0x00007fffd4da0000 - 0x00007fffd4df5000 	C:\WINDOWS\System32\shlwapi.dll
0x00007fffd3140000 - 0x00007fffd315f000 	C:\WINDOWS\SYSTEM32\profapi.dll
0x00007fff860b0000 - 0x00007fff860ca000 	C:\Program Files\Android\Android Studio2\jre\bin\net.dll
0x00007fffc6480000 - 0x00007fffc658c000 	C:\WINDOWS\SYSTEM32\WINHTTP.dll
0x00007fffd2260000 - 0x00007fffd22ca000 	C:\WINDOWS\system32\mswsock.dll
0x00007fff86090000 - 0x00007fff860a4000 	C:\Program Files\Android\Android Studio2\jre\bin\nio.dll
0x00007fffbc2a0000 - 0x00007fffbc2c7000 	C:\Users\bruno\.gradle\native\e1d6ef7f7dcc3fd88c89a11ec53ec762bb8ba0a96d01ffa2cd45eb1d1d8dd5c5\windows-amd64\native-platform.dll
0x00007fffa9040000 - 0x00007fffa9184000 	C:\Users\bruno\.gradle\native\5664cfc778a61ccfe75a443a1ab52a65af34e5dc3c78e0209fed803814484fcb\windows-amd64\native-platform-file-events.dll
0x00007fffafb80000 - 0x00007fffafb8a000 	C:\Program Files\Android\Android Studio2\jre\bin\management.dll
0x00007fffad500000 - 0x00007fffad50d000 	C:\Program Files\Android\Android Studio2\jre\bin\management_ext.dll
0x00007fffd2f80000 - 0x00007fffd2f98000 	C:\WINDOWS\SYSTEM32\CRYPTSP.dll
0x00007fffd1c00000 - 0x00007fffd1c34000 	C:\WINDOWS\system32\rsaenh.dll
0x00007fffd3940000 - 0x00007fffd3967000 	C:\WINDOWS\System32\bcrypt.dll
0x00007fffd30c0000 - 0x00007fffd30ee000 	C:\WINDOWS\SYSTEM32\USERENV.dll
0x00007fffd2450000 - 0x00007fffd245c000 	C:\WINDOWS\SYSTEM32\CRYPTBASE.dll
0x00007fffd1f50000 - 0x00007fffd1f8b000 	C:\WINDOWS\SYSTEM32\IPHLPAPI.DLL
0x00007fffd3d60000 - 0x00007fffd3d68000 	C:\WINDOWS\System32\NSI.dll
0x00007fffcc0e0000 - 0x00007fffcc0f7000 	C:\WINDOWS\SYSTEM32\dhcpcsvc6.DLL
0x00007fffcc4c0000 - 0x00007fffcc4dd000 	C:\WINDOWS\SYSTEM32\dhcpcsvc.DLL
0x00007fffd1f90000 - 0x00007fffd205b000 	C:\WINDOWS\SYSTEM32\DNSAPI.dll

dbghelp: loaded successfully - version: 4.0.5 - missing functions: none
symbol engine: initialized successfully - sym options: 0x614 - pdb path: .;C:\Program Files\Android\Android Studio2\jre\bin;C:\WINDOWS\SYSTEM32;C:\WINDOWS\WinSxS\amd64_microsoft.windows.common-controls_6595b64144ccf1df_6.0.19041.1110_none_60b5254171f9507e;C:\Program Files\Android\Android Studio2\jre\bin\server;C:\Users\bruno\.gradle\native\e1d6ef7f7dcc3fd88c89a11ec53ec762bb8ba0a96d01ffa2cd45eb1d1d8dd5c5\windows-amd64;C:\Users\bruno\.gradle\native\5664cfc778a61ccfe75a443a1ab52a65af34e5dc3c78e0209fed803814484fcb\windows-amd64

VM Arguments:
jvm_args: --add-opens=java.base/java.util=ALL-UNNAMED --add-opens=java.base/java.lang=ALL-UNNAMED --add-opens=java.base/java.lang.invoke=ALL-UNNAMED --add-opens=java.base/java.util=ALL-UNNAMED --add-opens=java.prefs/java.util.prefs=ALL-UNNAMED --add-opens=java.prefs/java.util.prefs=ALL-UNNAMED --add-opens=java.base/java.nio.charset=ALL-UNNAMED --add-opens=java.base/java.net=ALL-UNNAMED --add-opens=java.base/java.util.concurrent.atomic=ALL-UNNAMED -Xmx2048m -Dfile.encoding=UTF-8 -Duser.country=BR -Duser.language=pt -Duser.variant 
java_command: org.gradle.launcher.daemon.bootstrap.GradleDaemon 7.2
java_class_path (initial): C:\Users\bruno\.gradle\wrapper\dists\gradle-7.2-bin\2dnblmf4td7x66yl1d74lt32g\gradle-7.2\lib\gradle-launcher-7.2.jar
Launcher Type: SUN_STANDARD

[Global flags]
     intx CICompilerCount                          = 3                                         {product} {ergonomic}
     uint ConcGCThreads                            = 1                                         {product} {ergonomic}
     uint G1ConcRefinementThreads                  = 4                                         {product} {ergonomic}
   size_t G1HeapRegionSize                         = 1048576                                   {product} {ergonomic}
    uintx GCDrainStackTargetSize                   = 64                                        {product} {ergonomic}
   size_t InitialHeapSize                          = 132120576                                 {product} {ergonomic}
   size_t MarkStackSize                            = 4194304                                   {product} {ergonomic}
   size_t MaxHeapSize                              = 2147483648                                {product} {command line}
   size_t MaxNewSize                               = 1287651328                                {product} {ergonomic}
   size_t MinHeapDeltaBytes                        = 1048576                                   {product} {ergonomic}
    uintx NonNMethodCodeHeapSize                   = 5830732                                {pd product} {ergonomic}
    uintx NonProfiledCodeHeapSize                  = 122913754                              {pd product} {ergonomic}
    uintx ProfiledCodeHeapSize                     = 122913754                              {pd product} {ergonomic}
    uintx ReservedCodeCacheSize                    = 251658240                              {pd product} {ergonomic}
     bool SegmentedCodeCache                       = true                                      {product} {ergonomic}
     bool UseCompressedClassPointers               = true                                 {lp64_product} {ergonomic}
     bool UseCompressedOops                        = true                                 {lp64_product} {ergonomic}
     bool UseG1GC                                  = true                                      {product} {ergonomic}
     bool UseLargePagesIndividualAllocation        = false                                  {pd product} {ergonomic}

Logging:
Log output configuration:
 #0: stdout all=warning uptime,level,tags
 #1: stderr all=off uptime,level,tags

Environment Variables:
PATH=C:\WINDOWS\system32;C:\WINDOWS;C:\WINDOWS\System32\Wbem;C:\WINDOWS\System32\WindowsPowerShell\v1.0\;C:\WINDOWS\System32\OpenSSH\;C:\Program Files\Git\cmd;C:\Users\bruno\AppData\Local\Microsoft\WindowsApps;C:\Users\bruno\Desktop\flutter\bin;C:\Users\bruno\AppData\Local\Programs\Microsoft VS Code\bin;C:\development\flutter\bin;C:\development\dart-sdk\bin
USERNAME=bruno
OS=Windows_NT
PROCESSOR_IDENTIFIER=Intel64 Family 6 Model 60 Stepping 3, GenuineIntel



---------------  S Y S T E M  ---------------

OS: Windows 10 , 64 bit Build 19041 (10.0.19041.1466)
OS uptime: 0 days 21:47 hours

CPU:total 4 (initial active 4) (4 cores per cpu, 1 threads per core) family 6 model 60 stepping 3 microcode 0x27, cmov, cx8, fxsr, mmx, sse, sse2, sse3, ssse3, sse4.1, sse4.2, popcnt, avx, avx2, aes, clmul, erms, lzcnt, tsc, tscinvbit, bmi1, bmi2, fma

Memory: 4k page, system-wide physical 8063M (1530M free)
TotalPageFile size 13951M (AvailPageFile size 6888M)
current process WorkingSet (physical memory assigned to process): 573M, peak: 612M
current process commit charge ("private bytes"): 625M, peak: 673M

vm_info: OpenJDK 64-Bit Server VM (11.0.11+9-b60-7590822) for windows-amd64 JRE (11.0.11+9-b60-7590822), built on Jul 29 2021 21:43:44 by "builder" with MS VC++ 14.0 (VS2015)

END.
